2024-02-27 14:51:50,143 [INFO] Activator:176 - 


2024-02-27 14:51:50,148 [INFO] Activator:177 - !SESSION log4j initialized
2024-02-27 14:51:54,028 [INFO] LogOutputStream:77 - [STDOUT_REDIRECT] 
2024-02-27 14:51:54,530 [INFO] ApplicationProperties:184 - Using Application install path: /opt/st/stm32cubeide_1.13.2/plugins/com.st.stm32cube.common.mx_6.9.2.202309101412
2024-02-27 14:51:54,544 [INFO] DbMcusXml:78 - Set database path to: /opt/st/stm32cubeide_1.13.2/plugins/com.st.stm32cube.common.mx_6.9.2.202309101412//db//mcu/
2024-02-27 14:51:54,545 [INFO] ApiDb:274 - Set plugin database path to: /opt/st/stm32cubeide_1.13.2/plugins/com.st.stm32cube.common.mx_6.9.2.202309101412//db//plugins/boardmanager/
2024-02-27 14:51:54,545 [WARN] ApiDb:259 - Overriding images path with different value:  => /opt/st/stm32cubeide_1.13.2/plugins/com.st.stm32cube.common.mx_6.9.2.202309101412//db//plugins/mcufinder/images/
2024-02-27 14:51:54,553 [INFO] ApiDb:250 - Set database path to: /home/wyatt/.stmcufinder/plugins/mcufinder//mcu/
2024-02-27 14:51:54,553 [INFO] DbMcusAds:125 - Set database path to: /home/wyatt/.stmcufinder/plugins/mcufinder//mcu/
2024-02-27 14:51:54,556 [INFO] CrossReferenceDbSqlite:203 - Set database path to: /home/wyatt/.stmcufinder/plugins/mcufinder//mcu/cs/
2024-02-27 14:51:54,653 [INFO] RulesReader:64 - Compatibility file has been processed (293 Rules)
2024-02-27 14:51:54,704 [INFO] DbMcusXml:78 - Set database path to: /opt/st/stm32cubeide_1.13.2/plugins/com.st.stm32cube.common.mx_6.9.2.202309101412//db//mcu/
2024-02-27 14:51:54,704 [INFO] ApiDb:274 - Set plugin database path to: /opt/st/stm32cubeide_1.13.2/plugins/com.st.stm32cube.common.mx_6.9.2.202309101412//db//plugins/boardmanager/
2024-02-27 14:51:54,704 [INFO] ApiDb:261 - Set plugin images path to: /opt/st/stm32cubeide_1.13.2/plugins/com.st.stm32cube.common.mx_6.9.2.202309101412//db//plugins/mcufinder/images/
2024-02-27 14:51:54,704 [WARN] DbFile:41 - Overriding database path with different value: /home/wyatt/.stmcufinder/plugins/mcufinder/ => /home/wyatt/.stmcufinder/plugins/mcufinder
2024-02-27 14:51:54,705 [INFO] ApiDb:250 - Set database path to: /home/wyatt/.stmcufinder/plugins/mcufinder//mcu/
2024-02-27 14:51:54,705 [WARN] DbFile:41 - Overriding database path with different value: /home/wyatt/.stmcufinder/plugins/mcufinder/ => /home/wyatt/.stmcufinder/plugins/mcufinder
2024-02-27 14:51:54,705 [INFO] DbMcusAds:125 - Set database path to: /home/wyatt/.stmcufinder/plugins/mcufinder//mcu/
2024-02-27 14:51:54,705 [WARN] DbFile:41 - Overriding database path with different value: /home/wyatt/.stmcufinder/plugins/mcufinder/ => /home/wyatt/.stmcufinder/plugins/mcufinder
2024-02-27 14:51:54,705 [WARN] DbFile:41 - Overriding database path with different value: /home/wyatt/.stmcufinder/plugins/mcufinder/ => /home/wyatt/.stmcufinder/plugins/mcufinder
2024-02-27 14:51:54,705 [INFO] CrossReferenceDbSqlite:203 - Set database path to: /home/wyatt/.stmcufinder/plugins/mcufinder//mcu/cs/
2024-02-27 14:51:54,756 [INFO] MainPanel:262 - HeapMemory: 268435456
2024-02-27 14:51:54,829 [INFO] DbMcusXml:78 - Set database path to: /opt/st/stm32cubeide_1.13.2/plugins/com.st.stm32cube.common.mx_6.9.2.202309101412//db//mcu/
2024-02-27 14:51:54,829 [INFO] ApiDb:274 - Set plugin database path to: /opt/st/stm32cubeide_1.13.2/plugins/com.st.stm32cube.common.mx_6.9.2.202309101412//db//plugins/boardmanager/
2024-02-27 14:51:54,829 [INFO] ApiDb:261 - Set plugin images path to: /opt/st/stm32cubeide_1.13.2/plugins/com.st.stm32cube.common.mx_6.9.2.202309101412//db//plugins/mcufinder/images/
2024-02-27 14:51:54,829 [WARN] DbFile:41 - Overriding database path with different value: /home/wyatt/.stmcufinder/plugins/mcufinder/ => /home/wyatt/.stmcufinder/plugins/mcufinder
2024-02-27 14:51:54,829 [INFO] ApiDb:250 - Set database path to: /home/wyatt/.stmcufinder/plugins/mcufinder//mcu/
2024-02-27 14:51:54,829 [WARN] DbFile:41 - Overriding database path with different value: /home/wyatt/.stmcufinder/plugins/mcufinder/ => /home/wyatt/.stmcufinder/plugins/mcufinder
2024-02-27 14:51:54,830 [INFO] DbMcusAds:125 - Set database path to: /home/wyatt/.stmcufinder/plugins/mcufinder//mcu/
2024-02-27 14:51:54,830 [WARN] DbFile:41 - Overriding database path with different value: /home/wyatt/.stmcufinder/plugins/mcufinder/ => /home/wyatt/.stmcufinder/plugins/mcufinder
2024-02-27 14:51:54,830 [WARN] DbFile:41 - Overriding database path with different value: /home/wyatt/.stmcufinder/plugins/mcufinder/ => /home/wyatt/.stmcufinder/plugins/mcufinder
2024-02-27 14:51:54,830 [INFO] CrossReferenceDbSqlite:203 - Set database path to: /home/wyatt/.stmcufinder/plugins/mcufinder//mcu/cs/
2024-02-27 14:51:54,847 [INFO] ApplicationProperties:184 - Using Application install path: /opt/st/stm32cubeide_1.13.2/plugins/com.st.stm32cube.common.mx_6.9.2.202309101412
2024-02-27 14:51:54,848 [INFO] PluginManage:196 - Search for loadable plugins [exclusion list=, ]
2024-02-27 14:51:54,849 [INFO] PluginManage:310 - Check plugin analytics
2024-02-27 14:51:54,963 [INFO] AnalyticsPlugin:253 - Accepted Software Licenses: 
2024-02-27 14:51:54,963 [INFO] AnalyticsPlugin:255 - Accepted CMSIS Pack Licenses: 
2024-02-27 14:51:54,963 [INFO] AnalyticsPlugin:257 - Accepted Firmware Licenses: FW.F4.1.27.0
2024-02-27 14:51:54,965 [INFO] PluginManage:359 - Loaded plugin analytics (category:tool,tabindex:-1)
2024-02-27 14:51:54,965 [INFO] PluginManage:310 - Check plugin cadmodel
2024-02-27 14:51:55,029 [INFO] CADModel:105 - Init CAD model plugin
2024-02-27 14:51:55,029 [INFO] PluginManage:359 - Loaded plugin cadmodel (category:power,tabindex:5)
2024-02-27 14:51:55,029 [INFO] PluginManage:310 - Check plugin clock
2024-02-27 14:51:55,037 [INFO] PluginManage:359 - Loaded plugin clock (category:base,tabindex:2)
2024-02-27 14:51:55,037 [INFO] PluginManage:310 - Check plugin ddr
2024-02-27 14:51:55,039 [INFO] PluginManage:359 - Loaded plugin ddr (category:tool,tabindex:6)
2024-02-27 14:51:55,039 [INFO] PluginManage:310 - Check plugin filemanager
2024-02-27 14:51:55,127 [INFO] PluginManage:359 - Loaded plugin filemanager (category:base,tabindex:10)
2024-02-27 14:51:55,128 [INFO] PluginManage:310 - Check plugin ipmanager
2024-02-27 14:51:55,132 [INFO] PluginManage:359 - Loaded plugin ipmanager (category:base,tabindex:5)
2024-02-27 14:51:55,132 [INFO] PluginManage:310 - Check plugin lpbam
2024-02-27 14:51:55,139 [INFO] PluginManage:359 - Loaded plugin lpbam (category:base,tabindex:0)
2024-02-27 14:51:55,139 [INFO] PluginManage:310 - Check plugin memorymap
2024-02-27 14:51:55,149 [INFO] PluginManage:359 - Loaded plugin memorymap (category:base,tabindex:4)
2024-02-27 14:51:55,149 [INFO] PluginManage:310 - Check plugin pinoutandconfiguration
2024-02-27 14:51:55,156 [INFO] PluginManage:359 - Loaded plugin pinoutandconfiguration (category:base,tabindex:1)
2024-02-27 14:51:55,156 [INFO] PluginManage:310 - Check plugin pinoutconfig
2024-02-27 14:51:55,222 [WARN] SupportedApi:132 - Cannot load RTOS API schema: s4s-elt-must-match.1: The content of 'definitions' must match (annotation?, (simpleType | complexType)?, (unique | key | keyref)*)). A problem was found starting at: attribute.
2024-02-27 14:51:55,311 [INFO] PluginManage:359 - Loaded plugin pinoutconfig (category:base,tabindex:0)
2024-02-27 14:51:55,311 [INFO] PluginManage:310 - Check plugin power
2024-02-27 14:51:55,319 [INFO] PluginManage:359 - Loaded plugin power (category:power,tabindex:4)
2024-02-27 14:51:55,319 [INFO] PluginManage:310 - Check plugin projectmanager
2024-02-27 14:51:55,328 [INFO] PluginManage:359 - Loaded plugin projectmanager (category:projectmanager,tabindex:3)
2024-02-27 14:51:55,328 [INFO] PluginManage:310 - Check plugin thirdparty
2024-02-27 14:51:55,408 [INFO] PluginManage:359 - Loaded plugin thirdparty (category:base,tabindex:-1)
2024-02-27 14:51:55,408 [WARN] IntegrityCheckThread:84 - waiting for thirdparty lock release [integrity check]
2024-02-27 14:51:55,408 [INFO] PluginManage:310 - Check plugin tools
2024-02-27 14:51:55,408 [INFO] IntegrityCheckThread:86 - entering critical section [integrity check]
2024-02-27 14:51:55,408 [INFO] ThirdPartyUpdaterWithRetryManager:70 - Updater plugin not ready yet. [1/15]
2024-02-27 14:51:55,409 [INFO] PluginManage:359 - Loaded plugin tools (category:base,tabindex:7)
2024-02-27 14:51:55,409 [INFO] PluginManage:310 - Check plugin tutovideos
2024-02-27 14:51:55,533 [INFO] PluginManage:359 - Loaded plugin tutovideos (category:base,tabindex:-1)
2024-02-27 14:51:55,533 [INFO] PluginManage:310 - Check plugin updater
2024-02-27 14:51:55,543 [INFO] PluginManage:359 - Loaded plugin updater (category:base,tabindex:12)
2024-02-27 14:51:55,543 [INFO] PluginManage:310 - Check plugin userauth
2024-02-27 14:51:55,547 [INFO] UserAuth:113 - Init User Auth plugin
2024-02-27 14:51:55,547 [INFO] PluginManage:359 - Loaded plugin userauth (category:base,tabindex:14)
2024-02-27 14:51:55,548 [INFO] PluginManage:283 - PluginManage : Loaded plugins [17]
2024-02-27 14:51:55,685 [INFO] PinOutPanel:1499 - setPackage(No Configuration,No Configuration)
2024-02-27 14:51:55,756 [INFO] CADModel:165 - CPN selected for project level
2024-02-27 14:51:55,756 [INFO] CADModel:114 - Register for checkConnection events
2024-02-27 14:51:55,765 [INFO] IPUIPlugin:80 - create IPUIPlugin
2024-02-27 14:51:55,766 [INFO] PluginManager:220 - loadIPPluginJar : add gic
2024-02-27 14:51:55,772 [INFO] IPUIPlugin:80 - create IPUIPlugin
2024-02-27 14:51:55,772 [INFO] PluginManager:220 - loadIPPluginJar : add usart
2024-02-27 14:51:55,776 [INFO] IPUIPlugin:80 - create IPUIPlugin
2024-02-27 14:51:55,776 [INFO] PluginManager:220 - loadIPPluginJar : add gpio
2024-02-27 14:51:55,778 [INFO] IPUIPlugin:80 - create IPUIPlugin
2024-02-27 14:51:55,778 [INFO] PluginManager:220 - loadIPPluginJar : add dfsdm
2024-02-27 14:51:55,780 [INFO] IPUIPlugin:80 - create IPUIPlugin
2024-02-27 14:51:55,780 [INFO] PluginManager:220 - loadIPPluginJar : add lorawan
2024-02-27 14:51:55,783 [INFO] IPUIPlugin:80 - create IPUIPlugin
2024-02-27 14:51:55,783 [INFO] PluginManager:220 - loadIPPluginJar : add sai
2024-02-27 14:51:55,784 [INFO] IPUIPlugin:80 - create IPUIPlugin
2024-02-27 14:51:55,784 [INFO] PluginManager:220 - loadIPPluginJar : add comp
2024-02-27 14:51:55,786 [INFO] IPUIPlugin:80 - create IPUIPlugin
2024-02-27 14:51:55,786 [INFO] PluginManager:220 - loadIPPluginJar : add tim
2024-02-27 14:51:55,791 [INFO] IPUIPlugin:80 - create IPUIPlugin
2024-02-27 14:51:55,791 [INFO] PluginManager:220 - loadIPPluginJar : add mdma
2024-02-27 14:51:55,798 [INFO] IPUIPlugin:80 - create IPUIPlugin
2024-02-27 14:51:55,798 [INFO] PluginManager:220 - loadIPPluginJar : add adc
2024-02-27 14:51:55,803 [INFO] IPUIPlugin:80 - create IPUIPlugin
2024-02-27 14:51:55,803 [INFO] PluginManager:220 - loadIPPluginJar : add freertos
2024-02-27 14:51:55,805 [INFO] IPUIPlugin:80 - create IPUIPlugin
2024-02-27 14:51:55,805 [INFO] PluginManager:220 - loadIPPluginJar : add i3c
2024-02-27 14:51:55,809 [INFO] IPUIPlugin:80 - create IPUIPlugin
2024-02-27 14:51:55,809 [INFO] PluginManager:220 - loadIPPluginJar : add stm32_wpan
2024-02-27 14:51:55,811 [INFO] IPUIPlugin:80 - create IPUIPlugin
2024-02-27 14:51:55,811 [INFO] PluginManager:220 - loadIPPluginJar : add ucpd
2024-02-27 14:51:55,813 [INFO] IPUIPlugin:80 - create IPUIPlugin
2024-02-27 14:51:55,813 [INFO] PluginManager:220 - loadIPPluginJar : add tsc
2024-02-27 14:51:55,815 [INFO] IPUIPlugin:80 - create IPUIPlugin
2024-02-27 14:51:55,815 [INFO] PluginManager:220 - loadIPPluginJar : add openamp
2024-02-27 14:51:55,819 [INFO] IPUIPlugin:80 - create IPUIPlugin
2024-02-27 14:51:55,820 [INFO] PluginManager:220 - loadIPPluginJar : add dma
2024-02-27 14:51:55,822 [INFO] IPUIPlugin:80 - create IPUIPlugin
2024-02-27 14:51:55,822 [INFO] PluginManager:220 - loadIPPluginJar : add dma3
2024-02-27 14:51:55,823 [INFO] IPUIPlugin:80 - create IPUIPlugin
2024-02-27 14:51:55,823 [INFO] PluginManager:220 - loadIPPluginJar : add fatfs
2024-02-27 14:51:55,824 [INFO] IPUIPlugin:80 - create IPUIPlugin
2024-02-27 14:51:55,824 [INFO] PluginManager:220 - loadIPPluginJar : add spi
2024-02-27 14:51:55,826 [INFO] IPUIPlugin:80 - create IPUIPlugin
2024-02-27 14:51:55,827 [INFO] PluginManager:220 - loadIPPluginJar : add i2c
2024-02-27 14:51:55,829 [INFO] IPUIPlugin:80 - create IPUIPlugin
2024-02-27 14:51:55,829 [INFO] PluginManager:220 - loadIPPluginJar : add gtzc
2024-02-27 14:51:55,831 [INFO] IPUIPlugin:80 - create IPUIPlugin
2024-02-27 14:51:55,831 [INFO] PluginManager:220 - loadIPPluginJar : add genericplugin
2024-02-27 14:51:55,833 [INFO] IPUIPlugin:80 - create IPUIPlugin
2024-02-27 14:51:55,833 [INFO] PluginManager:220 - loadIPPluginJar : add gfxmmu
2024-02-27 14:51:55,835 [INFO] IPUIPlugin:80 - create IPUIPlugin
2024-02-27 14:51:55,835 [INFO] PluginManager:220 - loadIPPluginJar : add usbx
2024-02-27 14:51:55,837 [INFO] IPUIPlugin:80 - create IPUIPlugin
2024-02-27 14:51:55,837 [INFO] PluginManager:220 - loadIPPluginJar : add aes
2024-02-27 14:51:55,839 [INFO] IPUIPlugin:80 - create IPUIPlugin
2024-02-27 14:51:55,839 [INFO] PluginManager:220 - loadIPPluginJar : add i2s
2024-02-27 14:51:55,841 [INFO] IPUIPlugin:80 - create IPUIPlugin
2024-02-27 14:51:55,841 [INFO] PluginManager:220 - loadIPPluginJar : add touchsensing
2024-02-27 14:51:55,844 [INFO] IPUIPlugin:80 - create IPUIPlugin
2024-02-27 14:51:55,845 [INFO] PluginManager:220 - loadIPPluginJar : add ipddr
2024-02-27 14:51:55,851 [INFO] IPUIPlugin:80 - create IPUIPlugin
2024-02-27 14:51:55,851 [INFO] PluginManager:220 - loadIPPluginJar : add linkedlist
2024-02-27 14:51:55,853 [INFO] IPUIPlugin:80 - create IPUIPlugin
2024-02-27 14:51:55,853 [INFO] PluginManager:220 - loadIPPluginJar : add tracer_emb
2024-02-27 14:51:55,854 [INFO] IPUIPlugin:80 - create IPUIPlugin
2024-02-27 14:51:55,854 [INFO] PluginManager:220 - loadIPPluginJar : add quadspi
2024-02-27 14:51:55,855 [INFO] IPUIPlugin:80 - create IPUIPlugin
2024-02-27 14:51:55,855 [INFO] PluginManager:220 - loadIPPluginJar : add pdm2pcm
2024-02-27 14:51:55,857 [INFO] IPUIPlugin:80 - create IPUIPlugin
2024-02-27 14:51:55,857 [INFO] PluginManager:220 - loadIPPluginJar : add can
2024-02-27 14:51:55,858 [INFO] IPUIPlugin:80 - create IPUIPlugin
2024-02-27 14:51:55,858 [INFO] PluginManager:220 - loadIPPluginJar : add ltdc
2024-02-27 14:51:55,862 [INFO] IPUIPlugin:80 - create IPUIPlugin
2024-02-27 14:51:55,863 [INFO] PluginManager:220 - loadIPPluginJar : add fmc
2024-02-27 14:51:55,864 [INFO] IPUIPlugin:80 - create IPUIPlugin
2024-02-27 14:51:55,864 [INFO] PluginManager:220 - loadIPPluginJar : add ts
2024-02-27 14:51:55,866 [INFO] IPUIPlugin:80 - create IPUIPlugin
2024-02-27 14:51:55,866 [INFO] PluginManager:220 - loadIPPluginJar : add cryp
2024-02-27 14:51:55,868 [INFO] IPUIPlugin:80 - create IPUIPlugin
2024-02-27 14:51:55,868 [INFO] PluginManager:220 - loadIPPluginJar : add opamp
2024-02-27 14:51:55,869 [INFO] IPUIPlugin:80 - create IPUIPlugin
2024-02-27 14:51:55,869 [INFO] PluginManager:220 - loadIPPluginJar : add hash
2024-02-27 14:51:55,872 [INFO] IPUIPlugin:80 - create IPUIPlugin
2024-02-27 14:51:55,872 [INFO] PluginManager:220 - loadIPPluginJar : add nvic
2024-02-27 14:51:55,877 [INFO] IPUIPlugin:80 - create IPUIPlugin
2024-02-27 14:51:55,879 [INFO] PluginManager:220 - loadIPPluginJar : add plateformsettings
2024-02-27 14:51:55,882 [INFO] IPUIPlugin:80 - create IPUIPlugin
2024-02-27 14:51:55,882 [INFO] PluginManager:220 - loadIPPluginJar : add resmgrutility
2024-02-27 14:51:55,971 [INFO] CADModel:165 - CPN selected for project level
2024-02-27 14:51:55,971 [INFO] CADModel:114 - Register for checkConnection events
2024-02-27 14:51:55,972 [FATAL] Updater:308 - Updater called before beeing initialized
2024-02-27 14:51:55,972 [ERROR] CADModel:125 - Updater not yet initialized, retry later 
2024-02-27 14:51:56,059 [INFO] CADModel:165 - CPN selected for project level
2024-02-27 14:51:56,059 [INFO] CADModel:114 - Register for checkConnection events
2024-02-27 14:51:56,059 [FATAL] Updater:308 - Updater called before beeing initialized
2024-02-27 14:51:56,059 [ERROR] CADModel:125 - Updater not yet initialized, retry later 
2024-02-27 14:51:56,062 [FATAL] Updater:308 - Updater called before beeing initialized
2024-02-27 14:51:56,130 [FATAL] Updater:308 - Updater called before beeing initialized
2024-02-27 14:51:56,135 [INFO] DbMcusAds:53 - JSON generation date=Wed Nov 29 04:52:27 CST 2023 (1701255147200)
2024-02-27 14:51:56,135 [FATAL] Updater:308 - Updater called before beeing initialized
2024-02-27 14:51:56,172 [WARN] DetailPanel:346 - Failed to get advertising image, set to default
2024-02-27 14:51:56,251 [FATAL] Updater:308 - Updater called before beeing initialized
2024-02-27 14:51:56,252 [FATAL] Updater:308 - Updater called before beeing initialized
2024-02-27 14:51:56,252 [FATAL] Updater:308 - Updater called before beeing initialized
2024-02-27 14:51:56,252 [WARN] DetailPanel:346 - Failed to get advertising image, set to default
2024-02-27 14:51:56,253 [FATAL] Updater:308 - Updater called before beeing initialized
2024-02-27 14:51:56,276 [ERROR] Updater:1120 - MainUpdater not yet initialized. External WinMGr cannot be set.
2024-02-27 14:51:56,277 [INFO] Updater:1056 - Updater Version found : 6.9.2
2024-02-27 14:51:56,290 [INFO] ApplicationProperties:184 - Using Application install path: /opt/st/stm32cubeide_1.13.2/plugins/com.st.stm32cube.common.mx_6.9.2.202309101412
2024-02-27 14:51:56,441 [INFO] MainUpdater:2868 - connection check result : 10
2024-02-27 14:51:56,441 [INFO] MainUpdater:285 - Updater Check For Update Now.
2024-02-27 14:51:56,441 [INFO] MicroXplorer:498 - Change Database Version : DB.6.0.92
2024-02-27 14:51:56,452 [INFO] McuFinderGlobals:63 - Set McuFinder mode to 2 (CubeIDE integrated)
2024-02-27 14:51:56,452 [INFO] UserAuth:179 - activating auth plugin
2024-02-27 14:51:56,454 [INFO] UserAuth:393 - Internet connection configuration mode: 1
2024-02-27 14:51:56,471 [INFO] JxBrowserEngine:151 - Initiate JxBrowser Engine with user profile folder
2024-02-27 14:51:56,608 [INFO] CheckServerUpdateThread:120 - End of CheckServer Thread
2024-02-27 14:51:57,095 [INFO] WebApp:157 - Instantiating new browser for Auth
2024-02-27 14:51:57,524 [INFO] WebApp:753 - Register for checkConnection events
2024-02-27 14:51:57,524 [INFO] WebApp:390 - Apply proxy settings
2024-02-27 14:51:57,524 [INFO] WebApp:475 - Chromium requires no authentication
2024-02-27 14:51:57,528 [INFO] WebApp:418 - Direct internet connection detected
2024-02-27 14:51:57,612 [INFO] WebApp:188 - Starting web application
2024-02-27 14:51:57,612 [INFO] WebApp:520 - Web application path used /opt/st/stm32cubeide_1.13.2/plugins/com.st.stm32cube.common.mx_6.9.2.202309101412/db/plugins/mcufinder/reactClient1/index.html
2024-02-27 14:51:58,486 [WARN] PackLoader:240 - Cannot read IP mode file for STMicroelectronics.X-CUBE-SMBUS.2.1.0
2024-02-27 14:51:58,491 [WARN] PackLoader:240 - Cannot read IP mode file for STMicroelectronics.X-CUBE-TOUCHGFX.4.23.0
2024-02-27 14:51:58,520 [WARN] PackLoader:240 - Cannot read IP mode file for STMicroelectronics.X-CUBE-AZRTOS-F7.1.1.0
2024-02-27 14:51:58,530 [WARN] PackLoader:240 - Cannot read IP mode file for STMicroelectronics.FP-SNS-MOTENV1.4.3.2
2024-02-27 14:51:58,537 [WARN] PackLoader:240 - Cannot read IP mode file for STMicroelectronics.FP-SNS-FLIGHT1.5.0.2
2024-02-27 14:51:58,545 [WARN] PackLoader:240 - Cannot read IP mode file for STMicroelectronics.X-CUBE-DISPLAY.3.0.0
2024-02-27 14:51:58,555 [WARN] PackLoader:240 - Cannot read IP mode file for STMicroelectronics.X-CUBE-BLE1.7.0.0
2024-02-27 14:51:58,560 [WARN] PackLoader:240 - Cannot read IP mode file for emotas.I-CUBE-CANOPEN.1.3.0
2024-02-27 14:51:58,563 [WARN] PackLoader:240 - Cannot read IP mode file for STMicroelectronics.X-CUBE-TOUCHGFX.4.22.1
2024-02-27 14:51:58,566 [WARN] PackLoader:240 - Cannot read IP mode file for STMicroelectronics.FP-SNS-SMARTAG2.1.2.0
2024-02-27 14:51:58,574 [INFO] LogOutputStream:77 - [STDOUT_REDIRECT] 1 : Invalid condition id : UX_CORESTACK_Condition cause : null
2024-02-27 14:51:58,574 [INFO] LogOutputStream:77 - [STDOUT_REDIRECT] 1 : Invalid condition id : UX_CORESTACK_Condition cause : null
2024-02-27 14:51:58,574 [INFO] LogOutputStream:77 - [STDOUT_REDIRECT] 1 : Invalid condition id : UX_CORESTACK_Condition cause : null
2024-02-27 14:51:58,574 [INFO] LogOutputStream:77 - [STDOUT_REDIRECT] 1 : Invalid condition id : UX_CORESTACK_Condition cause : null
2024-02-27 14:51:58,575 [INFO] LogOutputStream:77 - [STDOUT_REDIRECT] 1 : Invalid condition id : UX_CORESTACK_Condition cause : null
2024-02-27 14:51:58,579 [WARN] PackLoader:240 - Cannot read IP mode file for STMicroelectronics.X-CUBE-AZRTOS-WL.2.0.0
2024-02-27 14:51:58,590 [WARN] PackLoader:240 - Cannot read IP mode file for WES.I-CUBE-Cesium.1.3.0
2024-02-27 14:51:58,594 [WARN] PackLoader:240 - Cannot read IP mode file for STMicroelectronics.X-CUBE-BLE2.3.3.0
2024-02-27 14:51:58,600 [WARN] PackLoader:240 - Cannot read IP mode file for STMicroelectronics.X-CUBE-ALGOBUILD.1.3.0
2024-02-27 14:51:58,624 [WARN] PackLoader:240 - Cannot read IP mode file for STMicroelectronics.X-CUBE-AZRTOS-G0.1.1.0
2024-02-27 14:51:58,631 [WARN] PackLoader:240 - Cannot read IP mode file for STMicroelectronics.X-CUBE-NFC4.3.0.0
2024-02-27 14:51:58,642 [WARN] PackLoader:240 - Cannot read IP mode file for STMicroelectronics.X-CUBE-BLEMGR.3.0.0
2024-02-27 14:51:58,648 [WARN] PackLoader:240 - Cannot read IP mode file for STMicroelectronics.FP-ATR-SIGFOX1.3.2.0
2024-02-27 14:51:58,654 [WARN] PackLoader:240 - Cannot read IP mode file for STMicroelectronics.X-CUBE-EEPRMA1.5.1.0
2024-02-27 14:51:58,702 [WARN] PackLoader:240 - Cannot read IP mode file for SEGGER.I-CUBE-embOS.1.3.1
2024-02-27 14:51:58,748 [WARN] PackLoader:240 - Cannot read IP mode file for STMicroelectronics.X-CUBE-GNSS1.6.0.0
2024-02-27 14:51:58,766 [WARN] PackLoader:240 - Cannot read IP mode file for STMicroelectronics.X-CUBE-AZRTOS-F4.1.1.0
2024-02-27 14:51:58,772 [WARN] PackLoader:240 - Cannot read IP mode file for wolfSSL.I-CUBE-wolfSSL.5.6.3
2024-02-27 14:51:58,789 [WARN] PackLoader:240 - Cannot read IP mode file for STMicroelectronics.X-CUBE-AZRTOS-L5.2.0.0
2024-02-27 14:51:58,796 [WARN] PackLoader:240 - Cannot read IP mode file for STMicroelectronics.X-CUBE-EEPRMA1.4.2.0
2024-02-27 14:51:58,801 [WARN] PackLoader:240 - Cannot read IP mode file for ITTIA_DB.I-CUBE-ITTIADB.8.8.0
2024-02-27 14:51:58,808 [WARN] PackLoader:240 - Cannot read IP mode file for STMicroelectronics.X-CUBE-BLEMGR.2.0.0
2024-02-27 14:51:58,825 [WARN] ConditionMgr:438 - getConditionDescription Invalid condition id : UX DEVICE CLASS RTOS Condition cause : null
2024-02-27 14:51:58,825 [WARN] ConditionMgr:438 - getConditionDescription Invalid condition id : UX DEVICE CLASS RTOS Condition cause : null
2024-02-27 14:51:58,828 [WARN] PackLoader:240 - Cannot read IP mode file for STMicroelectronics.X-CUBE-AZRTOS-H7.3.1.0
2024-02-27 14:51:58,829 [WARN] ConditionMgr:1039 - genDependencies : Invalid condition id : UX DEVICE CLASS RTOS Condition cause : null
2024-02-27 14:51:58,829 [WARN] ConditionMgr:1039 - genDependencies : Invalid condition id : UX DEVICE CLASS RTOS Condition cause : null
2024-02-27 14:51:58,830 [WARN] ConditionMgr:1039 - genDependencies : Invalid condition id : UX DEVICE CLASS RTOS Condition cause : null
2024-02-27 14:51:58,830 [WARN] ConditionMgr:1039 - genDependencies : Invalid condition id : UX DEVICE CLASS RTOS Condition cause : null
2024-02-27 14:51:58,830 [WARN] ConditionMgr:1039 - genDependencies : Invalid condition id : UX DEVICE CLASS RTOS Condition cause : null
2024-02-27 14:51:58,835 [WARN] PackLoader:240 - Cannot read IP mode file for STMicroelectronics.X-CUBE-NFC7.1.0.1
2024-02-27 14:51:58,842 [WARN] PackLoader:240 - Cannot read IP mode file for STMicroelectronics.X-CUBE-NFC6.3.0.0
2024-02-27 14:51:58,846 [WARN] PackLoader:240 - Cannot read IP mode file for STMicroelectronics.X-CUBE-EEPRMA1.4.1.0
2024-02-27 14:51:58,849 [WARN] PackLoader:240 - Cannot read IP mode file for STMicroelectronics.X-CUBE-AI.8.1.0
2024-02-27 14:51:58,859 [WARN] ConditionMgr:438 - getConditionDescription Invalid condition id : LAN8742 Phy interface Condition cause : null
2024-02-27 14:51:58,860 [WARN] PackLoader:240 - Cannot read IP mode file for STMicroelectronics.X-CUBE-AZRTOS-L4.2.0.0
2024-02-27 14:51:58,861 [WARN] ConditionMgr:1039 - genDependencies : Invalid condition id : LAN8742 Phy interface Condition cause : null
2024-02-27 14:51:58,861 [WARN] ConditionMgr:1039 - genDependencies : Invalid condition id : LAN8742 Phy interface Condition cause : null
2024-02-27 14:51:58,861 [WARN] ConditionMgr:1039 - genDependencies : Invalid condition id : LAN8742 Phy interface Condition cause : null
2024-02-27 14:51:58,871 [WARN] PackLoader:240 - Cannot read IP mode file for STMicroelectronics.X-CUBE-SFXS2LP1.4.0.0
2024-02-27 14:51:58,875 [WARN] PackLoader:240 - Cannot read IP mode file for STMicroelectronics.X-CUBE-ISPU.1.1.0
2024-02-27 14:51:58,882 [WARN] ConditionMgr:438 - getConditionDescription Invalid condition id : UX DEVICE CLASS RTOS Condition cause : null
2024-02-27 14:51:58,882 [WARN] ConditionMgr:438 - getConditionDescription Invalid condition id : UX DEVICE CLASS RTOS Condition cause : null
2024-02-27 14:51:58,883 [WARN] PackLoader:240 - Cannot read IP mode file for STMicroelectronics.X-CUBE-AZRTOS-WB.2.0.0
2024-02-27 14:51:58,884 [WARN] ConditionMgr:1039 - genDependencies : Invalid condition id : UX DEVICE CLASS RTOS Condition cause : null
2024-02-27 14:51:58,884 [WARN] ConditionMgr:1039 - genDependencies : Invalid condition id : UX DEVICE CLASS RTOS Condition cause : null
2024-02-27 14:51:58,884 [WARN] ConditionMgr:1039 - genDependencies : Invalid condition id : UX DEVICE CLASS RTOS Condition cause : null
2024-02-27 14:51:58,884 [WARN] ConditionMgr:1039 - genDependencies : Invalid condition id : UX DEVICE CLASS RTOS Condition cause : null
2024-02-27 14:51:58,884 [WARN] ConditionMgr:1039 - genDependencies : Invalid condition id : UX DEVICE CLASS RTOS Condition cause : null
2024-02-27 14:51:58,896 [WARN] PackLoader:240 - Cannot read IP mode file for STMicroelectronics.X-CUBE-SUBG2.5.0.0
2024-02-27 14:51:58,907 [WARN] PackLoader:240 - Cannot read IP mode file for STMicroelectronics.X-CUBE-TOF1.3.3.1
2024-02-27 14:51:58,920 [WARN] PackLoader:240 - Cannot read IP mode file for STMicroelectronics.X-CUBE-AZRTOS-G4.2.0.0
2024-02-27 14:51:58,931 [WARN] PackLoader:240 - Cannot read IP mode file for Infineon.AIROC-Wi-Fi-Bluetooth-STM32.1.5.1
2024-02-27 14:51:58,937 [WARN] PackLoader:240 - Cannot read IP mode file for STMicroelectronics.FP-SNS-MOTENVWB1.1.3.1
2024-02-27 14:51:58,940 [WARN] PackLoader:240 - Cannot read IP mode file for STMicroelectronics.X-CUBE-ISPU.2.0.0
2024-02-27 14:51:58,967 [WARN] PackLoader:240 - Cannot read IP mode file for STMicroelectronics.X-CUBE-MEMS1.10.0.0
2024-02-27 14:51:59,075 [WARN] PackLoader:240 - Cannot read IP mode file for STMicroelectronics.X-CUBE-FREERTOS.1.1.0
2024-02-27 14:51:59,079 [WARN] PackLoader:240 - Cannot read IP mode file for portGmbH.I-Cube-SoM-uGOAL.1.1.0
2024-02-27 14:51:59,082 [WARN] PackLoader:240 - Cannot read IP mode file for STMicroelectronics.X-CUBE-ALS.1.0.1
2024-02-27 14:51:59,086 [WARN] PackLoader:240 - Cannot read IP mode file for STMicroelectronics.FP-ATR-ASTRA1.2.0.0
2024-02-27 14:51:59,098 [WARN] PackLoader:240 - Cannot read IP mode file for STMicroelectronics.X-CUBE-TOF1.3.4.0
2024-02-27 14:51:59,128 [WARN] PackLoader:240 - Cannot read IP mode file for STMicroelectronics.X-CUBE-AZRTOS-H7.3.2.0
2024-02-27 14:51:59,131 [INFO] ThirdParty:978 - Integrity check success = true
2024-02-27 14:51:59,131 [INFO] IntegrityCheckThread:100 - exiting critical section [integrity check]
2024-02-27 14:51:59,131 [INFO] IntegrityCheckThread:103 - End integrity checks thread
2024-02-27 14:52:17,910 [ERROR] LogOutputStream:75 - [STDERR_REDIRECT] SLF4J: Failed to load class "org.slf4j.impl.StaticLoggerBinder".
2024-02-27 14:52:17,910 [ERROR] LogOutputStream:75 - [STDERR_REDIRECT] SLF4J: Defaulting to no-operation (NOP) logger implementation
2024-02-27 14:52:17,910 [ERROR] LogOutputStream:75 - [STDERR_REDIRECT] SLF4J: See http://www.slf4j.org/codes.html#StaticLoggerBinder for further details.
2024-02-27 16:23:21,766 [ERROR] LogOutputStream:75 - [STDERR_REDIRECT] 
2024-02-27 17:44:04,241 [INFO] Activator:176 - 


2024-02-27 17:44:04,243 [INFO] Activator:177 - !SESSION log4j initialized
2024-02-27 17:44:07,717 [INFO] LogOutputStream:77 - [STDOUT_REDIRECT] 
2024-02-27 17:44:08,143 [INFO] ApplicationProperties:184 - Using Application install path: /opt/st/stm32cubeide_1.13.2/plugins/com.st.stm32cube.common.mx_6.9.2.202309101412
2024-02-27 17:44:08,166 [INFO] DbMcusXml:78 - Set database path to: /opt/st/stm32cubeide_1.13.2/plugins/com.st.stm32cube.common.mx_6.9.2.202309101412//db//mcu/
2024-02-27 17:44:08,166 [INFO] ApiDb:274 - Set plugin database path to: /opt/st/stm32cubeide_1.13.2/plugins/com.st.stm32cube.common.mx_6.9.2.202309101412//db//plugins/boardmanager/
2024-02-27 17:44:08,166 [WARN] ApiDb:259 - Overriding images path with different value:  => /opt/st/stm32cubeide_1.13.2/plugins/com.st.stm32cube.common.mx_6.9.2.202309101412//db//plugins/mcufinder/images/
2024-02-27 17:44:08,174 [INFO] ApiDb:250 - Set database path to: /home/wyatt/.stmcufinder/plugins/mcufinder//mcu/
2024-02-27 17:44:08,175 [INFO] DbMcusAds:125 - Set database path to: /home/wyatt/.stmcufinder/plugins/mcufinder//mcu/
2024-02-27 17:44:08,178 [INFO] CrossReferenceDbSqlite:203 - Set database path to: /home/wyatt/.stmcufinder/plugins/mcufinder//mcu/cs/
2024-02-27 17:44:08,266 [INFO] RulesReader:64 - Compatibility file has been processed (293 Rules)
2024-02-27 17:44:08,309 [INFO] DbMcusXml:78 - Set database path to: /opt/st/stm32cubeide_1.13.2/plugins/com.st.stm32cube.common.mx_6.9.2.202309101412//db//mcu/
2024-02-27 17:44:08,309 [INFO] ApiDb:274 - Set plugin database path to: /opt/st/stm32cubeide_1.13.2/plugins/com.st.stm32cube.common.mx_6.9.2.202309101412//db//plugins/boardmanager/
2024-02-27 17:44:08,309 [INFO] ApiDb:261 - Set plugin images path to: /opt/st/stm32cubeide_1.13.2/plugins/com.st.stm32cube.common.mx_6.9.2.202309101412//db//plugins/mcufinder/images/
2024-02-27 17:44:08,309 [WARN] DbFile:41 - Overriding database path with different value: /home/wyatt/.stmcufinder/plugins/mcufinder/ => /home/wyatt/.stmcufinder/plugins/mcufinder
2024-02-27 17:44:08,310 [INFO] ApiDb:250 - Set database path to: /home/wyatt/.stmcufinder/plugins/mcufinder//mcu/
2024-02-27 17:44:08,310 [WARN] DbFile:41 - Overriding database path with different value: /home/wyatt/.stmcufinder/plugins/mcufinder/ => /home/wyatt/.stmcufinder/plugins/mcufinder
2024-02-27 17:44:08,310 [INFO] DbMcusAds:125 - Set database path to: /home/wyatt/.stmcufinder/plugins/mcufinder//mcu/
2024-02-27 17:44:08,310 [WARN] DbFile:41 - Overriding database path with different value: /home/wyatt/.stmcufinder/plugins/mcufinder/ => /home/wyatt/.stmcufinder/plugins/mcufinder
2024-02-27 17:44:08,310 [WARN] DbFile:41 - Overriding database path with different value: /home/wyatt/.stmcufinder/plugins/mcufinder/ => /home/wyatt/.stmcufinder/plugins/mcufinder
2024-02-27 17:44:08,310 [INFO] CrossReferenceDbSqlite:203 - Set database path to: /home/wyatt/.stmcufinder/plugins/mcufinder//mcu/cs/
2024-02-27 17:44:08,358 [INFO] MainPanel:262 - HeapMemory: 268435456
2024-02-27 17:44:08,422 [INFO] DbMcusXml:78 - Set database path to: /opt/st/stm32cubeide_1.13.2/plugins/com.st.stm32cube.common.mx_6.9.2.202309101412//db//mcu/
2024-02-27 17:44:08,423 [INFO] ApiDb:274 - Set plugin database path to: /opt/st/stm32cubeide_1.13.2/plugins/com.st.stm32cube.common.mx_6.9.2.202309101412//db//plugins/boardmanager/
2024-02-27 17:44:08,423 [INFO] ApiDb:261 - Set plugin images path to: /opt/st/stm32cubeide_1.13.2/plugins/com.st.stm32cube.common.mx_6.9.2.202309101412//db//plugins/mcufinder/images/
2024-02-27 17:44:08,423 [WARN] DbFile:41 - Overriding database path with different value: /home/wyatt/.stmcufinder/plugins/mcufinder/ => /home/wyatt/.stmcufinder/plugins/mcufinder
2024-02-27 17:44:08,423 [INFO] ApiDb:250 - Set database path to: /home/wyatt/.stmcufinder/plugins/mcufinder//mcu/
2024-02-27 17:44:08,423 [WARN] DbFile:41 - Overriding database path with different value: /home/wyatt/.stmcufinder/plugins/mcufinder/ => /home/wyatt/.stmcufinder/plugins/mcufinder
2024-02-27 17:44:08,423 [INFO] DbMcusAds:125 - Set database path to: /home/wyatt/.stmcufinder/plugins/mcufinder//mcu/
2024-02-27 17:44:08,423 [WARN] DbFile:41 - Overriding database path with different value: /home/wyatt/.stmcufinder/plugins/mcufinder/ => /home/wyatt/.stmcufinder/plugins/mcufinder
2024-02-27 17:44:08,423 [WARN] DbFile:41 - Overriding database path with different value: /home/wyatt/.stmcufinder/plugins/mcufinder/ => /home/wyatt/.stmcufinder/plugins/mcufinder
2024-02-27 17:44:08,424 [INFO] CrossReferenceDbSqlite:203 - Set database path to: /home/wyatt/.stmcufinder/plugins/mcufinder//mcu/cs/
2024-02-27 17:44:08,434 [INFO] ApplicationProperties:184 - Using Application install path: /opt/st/stm32cubeide_1.13.2/plugins/com.st.stm32cube.common.mx_6.9.2.202309101412
2024-02-27 17:44:08,435 [INFO] PluginManage:196 - Search for loadable plugins [exclusion list=, ]
2024-02-27 17:44:08,436 [INFO] PluginManage:310 - Check plugin analytics
2024-02-27 17:44:08,535 [INFO] AnalyticsPlugin:253 - Accepted Software Licenses: 
2024-02-27 17:44:08,536 [INFO] AnalyticsPlugin:255 - Accepted CMSIS Pack Licenses: 
2024-02-27 17:44:08,536 [INFO] AnalyticsPlugin:257 - Accepted Firmware Licenses: FW.F4.1.27.0
2024-02-27 17:44:08,538 [INFO] PluginManage:359 - Loaded plugin analytics (category:tool,tabindex:-1)
2024-02-27 17:44:08,538 [INFO] PluginManage:310 - Check plugin cadmodel
2024-02-27 17:44:08,595 [INFO] CADModel:105 - Init CAD model plugin
2024-02-27 17:44:08,596 [INFO] PluginManage:359 - Loaded plugin cadmodel (category:power,tabindex:5)
2024-02-27 17:44:08,596 [INFO] PluginManage:310 - Check plugin clock
2024-02-27 17:44:08,604 [INFO] PluginManage:359 - Loaded plugin clock (category:base,tabindex:2)
2024-02-27 17:44:08,604 [INFO] PluginManage:310 - Check plugin ddr
2024-02-27 17:44:08,606 [INFO] PluginManage:359 - Loaded plugin ddr (category:tool,tabindex:6)
2024-02-27 17:44:08,606 [INFO] PluginManage:310 - Check plugin filemanager
2024-02-27 17:44:08,701 [INFO] PluginManage:359 - Loaded plugin filemanager (category:base,tabindex:10)
2024-02-27 17:44:08,702 [INFO] PluginManage:310 - Check plugin ipmanager
2024-02-27 17:44:08,706 [INFO] PluginManage:359 - Loaded plugin ipmanager (category:base,tabindex:5)
2024-02-27 17:44:08,706 [INFO] PluginManage:310 - Check plugin lpbam
2024-02-27 17:44:08,713 [INFO] PluginManage:359 - Loaded plugin lpbam (category:base,tabindex:0)
2024-02-27 17:44:08,713 [INFO] PluginManage:310 - Check plugin memorymap
2024-02-27 17:44:08,723 [INFO] PluginManage:359 - Loaded plugin memorymap (category:base,tabindex:4)
2024-02-27 17:44:08,724 [INFO] PluginManage:310 - Check plugin pinoutandconfiguration
2024-02-27 17:44:08,731 [INFO] PluginManage:359 - Loaded plugin pinoutandconfiguration (category:base,tabindex:1)
2024-02-27 17:44:08,731 [INFO] PluginManage:310 - Check plugin pinoutconfig
2024-02-27 17:44:08,805 [WARN] SupportedApi:132 - Cannot load RTOS API schema: s4s-elt-must-match.1: The content of 'definitions' must match (annotation?, (simpleType | complexType)?, (unique | key | keyref)*)). A problem was found starting at: attribute.
2024-02-27 17:44:08,913 [INFO] PluginManage:359 - Loaded plugin pinoutconfig (category:base,tabindex:0)
2024-02-27 17:44:08,913 [INFO] PluginManage:310 - Check plugin power
2024-02-27 17:44:08,923 [INFO] PluginManage:359 - Loaded plugin power (category:power,tabindex:4)
2024-02-27 17:44:08,924 [INFO] PluginManage:310 - Check plugin projectmanager
2024-02-27 17:44:08,935 [INFO] PluginManage:359 - Loaded plugin projectmanager (category:projectmanager,tabindex:3)
2024-02-27 17:44:08,935 [INFO] PluginManage:310 - Check plugin thirdparty
2024-02-27 17:44:09,047 [INFO] PluginManage:359 - Loaded plugin thirdparty (category:base,tabindex:-1)
2024-02-27 17:44:09,047 [WARN] IntegrityCheckThread:84 - waiting for thirdparty lock release [integrity check]
2024-02-27 17:44:09,047 [INFO] IntegrityCheckThread:86 - entering critical section [integrity check]
2024-02-27 17:44:09,047 [INFO] PluginManage:310 - Check plugin tools
2024-02-27 17:44:09,047 [INFO] ThirdPartyUpdaterWithRetryManager:70 - Updater plugin not ready yet. [1/15]
2024-02-27 17:44:09,049 [INFO] PluginManage:359 - Loaded plugin tools (category:base,tabindex:7)
2024-02-27 17:44:09,049 [INFO] PluginManage:310 - Check plugin tutovideos
2024-02-27 17:44:09,179 [INFO] PluginManage:359 - Loaded plugin tutovideos (category:base,tabindex:-1)
2024-02-27 17:44:09,179 [INFO] PluginManage:310 - Check plugin updater
2024-02-27 17:44:09,189 [INFO] PluginManage:359 - Loaded plugin updater (category:base,tabindex:12)
2024-02-27 17:44:09,189 [INFO] PluginManage:310 - Check plugin userauth
2024-02-27 17:44:09,194 [INFO] UserAuth:113 - Init User Auth plugin
2024-02-27 17:44:09,194 [INFO] PluginManage:359 - Loaded plugin userauth (category:base,tabindex:14)
2024-02-27 17:44:09,195 [INFO] PluginManage:283 - PluginManage : Loaded plugins [17]
2024-02-27 17:44:09,333 [INFO] PinOutPanel:1499 - setPackage(No Configuration,No Configuration)
2024-02-27 17:44:09,400 [INFO] CADModel:165 - CPN selected for project level
2024-02-27 17:44:09,400 [INFO] CADModel:114 - Register for checkConnection events
2024-02-27 17:44:09,409 [INFO] IPUIPlugin:80 - create IPUIPlugin
2024-02-27 17:44:09,410 [INFO] PluginManager:220 - loadIPPluginJar : add gic
2024-02-27 17:44:09,415 [INFO] IPUIPlugin:80 - create IPUIPlugin
2024-02-27 17:44:09,415 [INFO] PluginManager:220 - loadIPPluginJar : add usart
2024-02-27 17:44:09,418 [INFO] IPUIPlugin:80 - create IPUIPlugin
2024-02-27 17:44:09,418 [INFO] PluginManager:220 - loadIPPluginJar : add gpio
2024-02-27 17:44:09,420 [INFO] IPUIPlugin:80 - create IPUIPlugin
2024-02-27 17:44:09,420 [INFO] PluginManager:220 - loadIPPluginJar : add dfsdm
2024-02-27 17:44:09,421 [INFO] IPUIPlugin:80 - create IPUIPlugin
2024-02-27 17:44:09,421 [INFO] PluginManager:220 - loadIPPluginJar : add lorawan
2024-02-27 17:44:09,424 [INFO] IPUIPlugin:80 - create IPUIPlugin
2024-02-27 17:44:09,424 [INFO] PluginManager:220 - loadIPPluginJar : add sai
2024-02-27 17:44:09,425 [INFO] IPUIPlugin:80 - create IPUIPlugin
2024-02-27 17:44:09,425 [INFO] PluginManager:220 - loadIPPluginJar : add comp
2024-02-27 17:44:09,426 [INFO] IPUIPlugin:80 - create IPUIPlugin
2024-02-27 17:44:09,426 [INFO] PluginManager:220 - loadIPPluginJar : add tim
2024-02-27 17:44:09,431 [INFO] IPUIPlugin:80 - create IPUIPlugin
2024-02-27 17:44:09,431 [INFO] PluginManager:220 - loadIPPluginJar : add mdma
2024-02-27 17:44:09,436 [INFO] IPUIPlugin:80 - create IPUIPlugin
2024-02-27 17:44:09,437 [INFO] PluginManager:220 - loadIPPluginJar : add adc
2024-02-27 17:44:09,441 [INFO] IPUIPlugin:80 - create IPUIPlugin
2024-02-27 17:44:09,441 [INFO] PluginManager:220 - loadIPPluginJar : add freertos
2024-02-27 17:44:09,443 [INFO] IPUIPlugin:80 - create IPUIPlugin
2024-02-27 17:44:09,443 [INFO] PluginManager:220 - loadIPPluginJar : add i3c
2024-02-27 17:44:09,447 [INFO] IPUIPlugin:80 - create IPUIPlugin
2024-02-27 17:44:09,447 [INFO] PluginManager:220 - loadIPPluginJar : add stm32_wpan
2024-02-27 17:44:09,448 [INFO] IPUIPlugin:80 - create IPUIPlugin
2024-02-27 17:44:09,448 [INFO] PluginManager:220 - loadIPPluginJar : add ucpd
2024-02-27 17:44:09,449 [INFO] IPUIPlugin:80 - create IPUIPlugin
2024-02-27 17:44:09,449 [INFO] PluginManager:220 - loadIPPluginJar : add tsc
2024-02-27 17:44:09,451 [INFO] IPUIPlugin:80 - create IPUIPlugin
2024-02-27 17:44:09,451 [INFO] PluginManager:220 - loadIPPluginJar : add openamp
2024-02-27 17:44:09,455 [INFO] IPUIPlugin:80 - create IPUIPlugin
2024-02-27 17:44:09,455 [INFO] PluginManager:220 - loadIPPluginJar : add dma
2024-02-27 17:44:09,457 [INFO] IPUIPlugin:80 - create IPUIPlugin
2024-02-27 17:44:09,457 [INFO] PluginManager:220 - loadIPPluginJar : add dma3
2024-02-27 17:44:09,459 [INFO] IPUIPlugin:80 - create IPUIPlugin
2024-02-27 17:44:09,459 [INFO] PluginManager:220 - loadIPPluginJar : add fatfs
2024-02-27 17:44:09,460 [INFO] IPUIPlugin:80 - create IPUIPlugin
2024-02-27 17:44:09,460 [INFO] PluginManager:220 - loadIPPluginJar : add spi
2024-02-27 17:44:09,462 [INFO] IPUIPlugin:80 - create IPUIPlugin
2024-02-27 17:44:09,463 [INFO] PluginManager:220 - loadIPPluginJar : add i2c
2024-02-27 17:44:09,465 [INFO] IPUIPlugin:80 - create IPUIPlugin
2024-02-27 17:44:09,465 [INFO] PluginManager:220 - loadIPPluginJar : add gtzc
2024-02-27 17:44:09,466 [INFO] IPUIPlugin:80 - create IPUIPlugin
2024-02-27 17:44:09,466 [INFO] PluginManager:220 - loadIPPluginJar : add genericplugin
2024-02-27 17:44:09,467 [INFO] IPUIPlugin:80 - create IPUIPlugin
2024-02-27 17:44:09,467 [INFO] PluginManager:220 - loadIPPluginJar : add gfxmmu
2024-02-27 17:44:09,469 [INFO] IPUIPlugin:80 - create IPUIPlugin
2024-02-27 17:44:09,469 [INFO] PluginManager:220 - loadIPPluginJar : add usbx
2024-02-27 17:44:09,471 [INFO] IPUIPlugin:80 - create IPUIPlugin
2024-02-27 17:44:09,471 [INFO] PluginManager:220 - loadIPPluginJar : add aes
2024-02-27 17:44:09,472 [INFO] IPUIPlugin:80 - create IPUIPlugin
2024-02-27 17:44:09,473 [INFO] PluginManager:220 - loadIPPluginJar : add i2s
2024-02-27 17:44:09,475 [INFO] IPUIPlugin:80 - create IPUIPlugin
2024-02-27 17:44:09,475 [INFO] PluginManager:220 - loadIPPluginJar : add touchsensing
2024-02-27 17:44:09,477 [INFO] IPUIPlugin:80 - create IPUIPlugin
2024-02-27 17:44:09,478 [INFO] PluginManager:220 - loadIPPluginJar : add ipddr
2024-02-27 17:44:09,482 [INFO] IPUIPlugin:80 - create IPUIPlugin
2024-02-27 17:44:09,483 [INFO] PluginManager:220 - loadIPPluginJar : add linkedlist
2024-02-27 17:44:09,484 [INFO] IPUIPlugin:80 - create IPUIPlugin
2024-02-27 17:44:09,484 [INFO] PluginManager:220 - loadIPPluginJar : add tracer_emb
2024-02-27 17:44:09,485 [INFO] IPUIPlugin:80 - create IPUIPlugin
2024-02-27 17:44:09,485 [INFO] PluginManager:220 - loadIPPluginJar : add quadspi
2024-02-27 17:44:09,486 [INFO] IPUIPlugin:80 - create IPUIPlugin
2024-02-27 17:44:09,487 [INFO] PluginManager:220 - loadIPPluginJar : add pdm2pcm
2024-02-27 17:44:09,488 [INFO] IPUIPlugin:80 - create IPUIPlugin
2024-02-27 17:44:09,488 [INFO] PluginManager:220 - loadIPPluginJar : add can
2024-02-27 17:44:09,490 [INFO] IPUIPlugin:80 - create IPUIPlugin
2024-02-27 17:44:09,490 [INFO] PluginManager:220 - loadIPPluginJar : add ltdc
2024-02-27 17:44:09,493 [INFO] IPUIPlugin:80 - create IPUIPlugin
2024-02-27 17:44:09,493 [INFO] PluginManager:220 - loadIPPluginJar : add fmc
2024-02-27 17:44:09,494 [INFO] IPUIPlugin:80 - create IPUIPlugin
2024-02-27 17:44:09,494 [INFO] PluginManager:220 - loadIPPluginJar : add ts
2024-02-27 17:44:09,495 [INFO] IPUIPlugin:80 - create IPUIPlugin
2024-02-27 17:44:09,496 [INFO] PluginManager:220 - loadIPPluginJar : add cryp
2024-02-27 17:44:09,497 [INFO] IPUIPlugin:80 - create IPUIPlugin
2024-02-27 17:44:09,497 [INFO] PluginManager:220 - loadIPPluginJar : add opamp
2024-02-27 17:44:09,498 [INFO] IPUIPlugin:80 - create IPUIPlugin
2024-02-27 17:44:09,499 [INFO] PluginManager:220 - loadIPPluginJar : add hash
2024-02-27 17:44:09,501 [INFO] IPUIPlugin:80 - create IPUIPlugin
2024-02-27 17:44:09,501 [INFO] PluginManager:220 - loadIPPluginJar : add nvic
2024-02-27 17:44:09,506 [INFO] IPUIPlugin:80 - create IPUIPlugin
2024-02-27 17:44:09,508 [INFO] PluginManager:220 - loadIPPluginJar : add plateformsettings
2024-02-27 17:44:09,510 [INFO] IPUIPlugin:80 - create IPUIPlugin
2024-02-27 17:44:09,510 [INFO] PluginManager:220 - loadIPPluginJar : add resmgrutility
2024-02-27 17:44:09,598 [INFO] CADModel:165 - CPN selected for project level
2024-02-27 17:44:09,599 [INFO] CADModel:114 - Register for checkConnection events
2024-02-27 17:44:09,599 [FATAL] Updater:308 - Updater called before beeing initialized
2024-02-27 17:44:09,599 [ERROR] CADModel:125 - Updater not yet initialized, retry later 
2024-02-27 17:44:09,699 [INFO] CADModel:165 - CPN selected for project level
2024-02-27 17:44:09,700 [INFO] CADModel:114 - Register for checkConnection events
2024-02-27 17:44:09,700 [FATAL] Updater:308 - Updater called before beeing initialized
2024-02-27 17:44:09,700 [ERROR] CADModel:125 - Updater not yet initialized, retry later 
2024-02-27 17:44:09,703 [FATAL] Updater:308 - Updater called before beeing initialized
2024-02-27 17:44:09,774 [FATAL] Updater:308 - Updater called before beeing initialized
2024-02-27 17:44:09,779 [INFO] DbMcusAds:53 - JSON generation date=Wed Nov 29 04:52:27 CST 2023 (1701255147200)
2024-02-27 17:44:09,780 [FATAL] Updater:308 - Updater called before beeing initialized
2024-02-27 17:44:09,807 [WARN] DetailPanel:346 - Failed to get advertising image, set to default
2024-02-27 17:44:09,880 [FATAL] Updater:308 - Updater called before beeing initialized
2024-02-27 17:44:09,881 [FATAL] Updater:308 - Updater called before beeing initialized
2024-02-27 17:44:09,881 [FATAL] Updater:308 - Updater called before beeing initialized
2024-02-27 17:44:09,882 [WARN] DetailPanel:346 - Failed to get advertising image, set to default
2024-02-27 17:44:09,882 [FATAL] Updater:308 - Updater called before beeing initialized
2024-02-27 17:44:09,913 [ERROR] Updater:1120 - MainUpdater not yet initialized. External WinMGr cannot be set.
2024-02-27 17:44:09,915 [INFO] Updater:1056 - Updater Version found : 6.9.2
2024-02-27 17:44:09,934 [INFO] ApplicationProperties:184 - Using Application install path: /opt/st/stm32cubeide_1.13.2/plugins/com.st.stm32cube.common.mx_6.9.2.202309101412
2024-02-27 17:44:10,199 [INFO] MainUpdater:2868 - connection check result : 10
2024-02-27 17:44:10,199 [INFO] MainUpdater:285 - Updater Check For Update Now.
2024-02-27 17:44:10,199 [INFO] MicroXplorer:498 - Change Database Version : DB.6.0.92
2024-02-27 17:44:10,202 [INFO] McuFinderGlobals:63 - Set McuFinder mode to 2 (CubeIDE integrated)
2024-02-27 17:44:10,203 [INFO] UserAuth:179 - activating auth plugin
2024-02-27 17:44:10,205 [INFO] UserAuth:393 - Internet connection configuration mode: 1
2024-02-27 17:44:10,216 [INFO] JxBrowserEngine:151 - Initiate JxBrowser Engine with user profile folder
2024-02-27 17:44:10,351 [INFO] CheckServerUpdateThread:120 - End of CheckServer Thread
2024-02-27 17:44:10,691 [INFO] WebApp:157 - Instantiating new browser for Auth
2024-02-27 17:44:11,079 [INFO] WebApp:753 - Register for checkConnection events
2024-02-27 17:44:11,079 [INFO] WebApp:390 - Apply proxy settings
2024-02-27 17:44:11,079 [INFO] WebApp:475 - Chromium requires no authentication
2024-02-27 17:44:11,084 [INFO] WebApp:418 - Direct internet connection detected
2024-02-27 17:44:11,176 [INFO] WebApp:188 - Starting web application
2024-02-27 17:44:11,176 [INFO] WebApp:520 - Web application path used /opt/st/stm32cubeide_1.13.2/plugins/com.st.stm32cube.common.mx_6.9.2.202309101412/db/plugins/mcufinder/reactClient1/index.html
2024-02-27 17:44:12,143 [WARN] PackLoader:240 - Cannot read IP mode file for STMicroelectronics.X-CUBE-SMBUS.2.1.0
2024-02-27 17:44:12,150 [WARN] PackLoader:240 - Cannot read IP mode file for STMicroelectronics.X-CUBE-TOUCHGFX.4.23.0
2024-02-27 17:44:12,181 [WARN] PackLoader:240 - Cannot read IP mode file for STMicroelectronics.X-CUBE-AZRTOS-F7.1.1.0
2024-02-27 17:44:12,193 [WARN] PackLoader:240 - Cannot read IP mode file for STMicroelectronics.FP-SNS-MOTENV1.4.3.2
2024-02-27 17:44:12,201 [WARN] PackLoader:240 - Cannot read IP mode file for STMicroelectronics.FP-SNS-FLIGHT1.5.0.2
2024-02-27 17:44:12,209 [WARN] PackLoader:240 - Cannot read IP mode file for STMicroelectronics.X-CUBE-DISPLAY.3.0.0
2024-02-27 17:44:12,218 [WARN] PackLoader:240 - Cannot read IP mode file for STMicroelectronics.X-CUBE-BLE1.7.0.0
2024-02-27 17:44:12,222 [WARN] PackLoader:240 - Cannot read IP mode file for emotas.I-CUBE-CANOPEN.1.3.0
2024-02-27 17:44:12,224 [WARN] PackLoader:240 - Cannot read IP mode file for STMicroelectronics.X-CUBE-TOUCHGFX.4.22.1
2024-02-27 17:44:12,227 [WARN] PackLoader:240 - Cannot read IP mode file for STMicroelectronics.FP-SNS-SMARTAG2.1.2.0
2024-02-27 17:44:12,236 [INFO] LogOutputStream:77 - [STDOUT_REDIRECT] 1 : Invalid condition id : UX_CORESTACK_Condition cause : null
2024-02-27 17:44:12,237 [INFO] LogOutputStream:77 - [STDOUT_REDIRECT] 1 : Invalid condition id : UX_CORESTACK_Condition cause : null
2024-02-27 17:44:12,237 [INFO] LogOutputStream:77 - [STDOUT_REDIRECT] 1 : Invalid condition id : UX_CORESTACK_Condition cause : null
2024-02-27 17:44:12,237 [INFO] LogOutputStream:77 - [STDOUT_REDIRECT] 1 : Invalid condition id : UX_CORESTACK_Condition cause : null
2024-02-27 17:44:12,237 [INFO] LogOutputStream:77 - [STDOUT_REDIRECT] 1 : Invalid condition id : UX_CORESTACK_Condition cause : null
2024-02-27 17:44:12,241 [WARN] PackLoader:240 - Cannot read IP mode file for STMicroelectronics.X-CUBE-AZRTOS-WL.2.0.0
2024-02-27 17:44:12,247 [WARN] PackLoader:240 - Cannot read IP mode file for WES.I-CUBE-Cesium.1.3.0
2024-02-27 17:44:12,251 [WARN] PackLoader:240 - Cannot read IP mode file for STMicroelectronics.X-CUBE-BLE2.3.3.0
2024-02-27 17:44:12,256 [WARN] PackLoader:240 - Cannot read IP mode file for STMicroelectronics.X-CUBE-ALGOBUILD.1.3.0
2024-02-27 17:44:12,276 [WARN] PackLoader:240 - Cannot read IP mode file for STMicroelectronics.X-CUBE-AZRTOS-G0.1.1.0
2024-02-27 17:44:12,285 [WARN] PackLoader:240 - Cannot read IP mode file for STMicroelectronics.X-CUBE-NFC4.3.0.0
2024-02-27 17:44:12,297 [WARN] PackLoader:240 - Cannot read IP mode file for STMicroelectronics.X-CUBE-BLEMGR.3.0.0
2024-02-27 17:44:12,303 [WARN] PackLoader:240 - Cannot read IP mode file for STMicroelectronics.FP-ATR-SIGFOX1.3.2.0
2024-02-27 17:44:12,308 [WARN] PackLoader:240 - Cannot read IP mode file for STMicroelectronics.X-CUBE-EEPRMA1.5.1.0
2024-02-27 17:44:12,346 [WARN] PackLoader:240 - Cannot read IP mode file for SEGGER.I-CUBE-embOS.1.3.1
2024-02-27 17:44:12,402 [WARN] PackLoader:240 - Cannot read IP mode file for STMicroelectronics.X-CUBE-GNSS1.6.0.0
2024-02-27 17:44:12,428 [WARN] PackLoader:240 - Cannot read IP mode file for STMicroelectronics.X-CUBE-AZRTOS-F4.1.1.0
2024-02-27 17:44:12,431 [WARN] PackLoader:240 - Cannot read IP mode file for wolfSSL.I-CUBE-wolfSSL.5.6.3
2024-02-27 17:44:12,446 [WARN] PackLoader:240 - Cannot read IP mode file for STMicroelectronics.X-CUBE-AZRTOS-L5.2.0.0
2024-02-27 17:44:12,450 [WARN] PackLoader:240 - Cannot read IP mode file for STMicroelectronics.X-CUBE-EEPRMA1.4.2.0
2024-02-27 17:44:12,453 [WARN] PackLoader:240 - Cannot read IP mode file for ITTIA_DB.I-CUBE-ITTIADB.8.8.0
2024-02-27 17:44:12,458 [WARN] PackLoader:240 - Cannot read IP mode file for STMicroelectronics.X-CUBE-BLEMGR.2.0.0
2024-02-27 17:44:12,471 [WARN] ConditionMgr:438 - getConditionDescription Invalid condition id : UX DEVICE CLASS RTOS Condition cause : null
2024-02-27 17:44:12,471 [WARN] ConditionMgr:438 - getConditionDescription Invalid condition id : UX DEVICE CLASS RTOS Condition cause : null
2024-02-27 17:44:12,473 [WARN] PackLoader:240 - Cannot read IP mode file for STMicroelectronics.X-CUBE-AZRTOS-H7.3.1.0
2024-02-27 17:44:12,475 [WARN] ConditionMgr:1039 - genDependencies : Invalid condition id : UX DEVICE CLASS RTOS Condition cause : null
2024-02-27 17:44:12,475 [WARN] ConditionMgr:1039 - genDependencies : Invalid condition id : UX DEVICE CLASS RTOS Condition cause : null
2024-02-27 17:44:12,475 [WARN] ConditionMgr:1039 - genDependencies : Invalid condition id : UX DEVICE CLASS RTOS Condition cause : null
2024-02-27 17:44:12,476 [WARN] ConditionMgr:1039 - genDependencies : Invalid condition id : UX DEVICE CLASS RTOS Condition cause : null
2024-02-27 17:44:12,476 [WARN] ConditionMgr:1039 - genDependencies : Invalid condition id : UX DEVICE CLASS RTOS Condition cause : null
2024-02-27 17:44:12,479 [WARN] PackLoader:240 - Cannot read IP mode file for STMicroelectronics.X-CUBE-NFC7.1.0.1
2024-02-27 17:44:12,483 [WARN] PackLoader:240 - Cannot read IP mode file for STMicroelectronics.X-CUBE-NFC6.3.0.0
2024-02-27 17:44:12,487 [WARN] PackLoader:240 - Cannot read IP mode file for STMicroelectronics.X-CUBE-EEPRMA1.4.1.0
2024-02-27 17:44:12,491 [WARN] PackLoader:240 - Cannot read IP mode file for STMicroelectronics.X-CUBE-AI.8.1.0
2024-02-27 17:44:12,500 [WARN] ConditionMgr:438 - getConditionDescription Invalid condition id : LAN8742 Phy interface Condition cause : null
2024-02-27 17:44:12,501 [WARN] PackLoader:240 - Cannot read IP mode file for STMicroelectronics.X-CUBE-AZRTOS-L4.2.0.0
2024-02-27 17:44:12,502 [WARN] ConditionMgr:1039 - genDependencies : Invalid condition id : LAN8742 Phy interface Condition cause : null
2024-02-27 17:44:12,502 [WARN] ConditionMgr:1039 - genDependencies : Invalid condition id : LAN8742 Phy interface Condition cause : null
2024-02-27 17:44:12,502 [WARN] ConditionMgr:1039 - genDependencies : Invalid condition id : LAN8742 Phy interface Condition cause : null
2024-02-27 17:44:12,507 [WARN] PackLoader:240 - Cannot read IP mode file for STMicroelectronics.X-CUBE-SFXS2LP1.4.0.0
2024-02-27 17:44:12,510 [WARN] PackLoader:240 - Cannot read IP mode file for STMicroelectronics.X-CUBE-ISPU.1.1.0
2024-02-27 17:44:12,517 [WARN] ConditionMgr:438 - getConditionDescription Invalid condition id : UX DEVICE CLASS RTOS Condition cause : null
2024-02-27 17:44:12,517 [WARN] ConditionMgr:438 - getConditionDescription Invalid condition id : UX DEVICE CLASS RTOS Condition cause : null
2024-02-27 17:44:12,518 [WARN] PackLoader:240 - Cannot read IP mode file for STMicroelectronics.X-CUBE-AZRTOS-WB.2.0.0
2024-02-27 17:44:12,519 [WARN] ConditionMgr:1039 - genDependencies : Invalid condition id : UX DEVICE CLASS RTOS Condition cause : null
2024-02-27 17:44:12,519 [WARN] ConditionMgr:1039 - genDependencies : Invalid condition id : UX DEVICE CLASS RTOS Condition cause : null
2024-02-27 17:44:12,519 [WARN] ConditionMgr:1039 - genDependencies : Invalid condition id : UX DEVICE CLASS RTOS Condition cause : null
2024-02-27 17:44:12,520 [WARN] ConditionMgr:1039 - genDependencies : Invalid condition id : UX DEVICE CLASS RTOS Condition cause : null
2024-02-27 17:44:12,520 [WARN] ConditionMgr:1039 - genDependencies : Invalid condition id : UX DEVICE CLASS RTOS Condition cause : null
2024-02-27 17:44:12,526 [WARN] PackLoader:240 - Cannot read IP mode file for STMicroelectronics.X-CUBE-SUBG2.5.0.0
2024-02-27 17:44:12,535 [WARN] PackLoader:240 - Cannot read IP mode file for STMicroelectronics.X-CUBE-TOF1.3.3.1
2024-02-27 17:44:12,562 [WARN] PackLoader:240 - Cannot read IP mode file for STMicroelectronics.X-CUBE-AZRTOS-G4.2.0.0
2024-02-27 17:44:12,570 [WARN] PackLoader:240 - Cannot read IP mode file for Infineon.AIROC-Wi-Fi-Bluetooth-STM32.1.5.1
2024-02-27 17:44:12,576 [WARN] PackLoader:240 - Cannot read IP mode file for STMicroelectronics.FP-SNS-MOTENVWB1.1.3.1
2024-02-27 17:44:12,580 [WARN] PackLoader:240 - Cannot read IP mode file for STMicroelectronics.X-CUBE-ISPU.2.0.0
2024-02-27 17:44:12,604 [WARN] PackLoader:240 - Cannot read IP mode file for STMicroelectronics.X-CUBE-MEMS1.10.0.0
2024-02-27 17:44:12,695 [WARN] PackLoader:240 - Cannot read IP mode file for STMicroelectronics.X-CUBE-FREERTOS.1.1.0
2024-02-27 17:44:12,699 [WARN] PackLoader:240 - Cannot read IP mode file for portGmbH.I-Cube-SoM-uGOAL.1.1.0
2024-02-27 17:44:12,702 [WARN] PackLoader:240 - Cannot read IP mode file for STMicroelectronics.X-CUBE-ALS.1.0.1
2024-02-27 17:44:12,705 [WARN] PackLoader:240 - Cannot read IP mode file for STMicroelectronics.FP-ATR-ASTRA1.2.0.0
2024-02-27 17:44:12,711 [WARN] PackLoader:240 - Cannot read IP mode file for STMicroelectronics.X-CUBE-TOF1.3.4.0
2024-02-27 17:44:12,734 [WARN] PackLoader:240 - Cannot read IP mode file for STMicroelectronics.X-CUBE-AZRTOS-H7.3.2.0
2024-02-27 17:44:12,737 [INFO] ThirdParty:978 - Integrity check success = true
2024-02-27 17:44:12,737 [INFO] IntegrityCheckThread:100 - exiting critical section [integrity check]
2024-02-27 17:44:12,737 [INFO] IntegrityCheckThread:103 - End integrity checks thread
2024-02-27 17:44:31,475 [ERROR] LogOutputStream:75 - [STDERR_REDIRECT] SLF4J: Failed to load class "org.slf4j.impl.StaticLoggerBinder".
2024-02-27 17:44:31,475 [ERROR] LogOutputStream:75 - [STDERR_REDIRECT] SLF4J: Defaulting to no-operation (NOP) logger implementation
2024-02-27 17:44:31,475 [ERROR] LogOutputStream:75 - [STDERR_REDIRECT] SLF4J: See http://www.slf4j.org/codes.html#StaticLoggerBinder for further details.
2024-02-27 19:03:23,474 [ERROR] LogOutputStream:75 - [STDERR_REDIRECT] 
