2024-02-18 09:17:50,621 [INFO] Activator:176 - 


2024-02-18 09:17:50,625 [INFO] Activator:177 - !SESSION log4j initialized
2024-02-18 09:17:54,390 [INFO] LogOutputStream:77 - [STDOUT_REDIRECT] 
2024-02-18 09:17:54,875 [INFO] ApplicationProperties:184 - Using Application install path: /opt/st/stm32cubeide_1.13.2/plugins/com.st.stm32cube.common.mx_6.9.2.202309101412
2024-02-18 09:17:54,896 [INFO] DbMcusXml:78 - Set database path to: /opt/st/stm32cubeide_1.13.2/plugins/com.st.stm32cube.common.mx_6.9.2.202309101412//db//mcu/
2024-02-18 09:17:54,896 [INFO] ApiDb:274 - Set plugin database path to: /opt/st/stm32cubeide_1.13.2/plugins/com.st.stm32cube.common.mx_6.9.2.202309101412//db//plugins/boardmanager/
2024-02-18 09:17:54,896 [WARN] ApiDb:259 - Overriding images path with different value:  => /opt/st/stm32cubeide_1.13.2/plugins/com.st.stm32cube.common.mx_6.9.2.202309101412//db//plugins/mcufinder/images/
2024-02-18 09:17:54,905 [INFO] ApiDb:250 - Set database path to: /home/wyatt/.stmcufinder/plugins/mcufinder//mcu/
2024-02-18 09:17:54,907 [INFO] DbMcusAds:125 - Set database path to: /home/wyatt/.stmcufinder/plugins/mcufinder//mcu/
2024-02-18 09:17:54,909 [INFO] CrossReferenceDbSqlite:203 - Set database path to: /home/wyatt/.stmcufinder/plugins/mcufinder//mcu/cs/
2024-02-18 09:17:55,016 [INFO] RulesReader:64 - Compatibility file has been processed (293 Rules)
2024-02-18 09:17:55,063 [INFO] DbMcusXml:78 - Set database path to: /opt/st/stm32cubeide_1.13.2/plugins/com.st.stm32cube.common.mx_6.9.2.202309101412//db//mcu/
2024-02-18 09:17:55,063 [INFO] ApiDb:274 - Set plugin database path to: /opt/st/stm32cubeide_1.13.2/plugins/com.st.stm32cube.common.mx_6.9.2.202309101412//db//plugins/boardmanager/
2024-02-18 09:17:55,063 [INFO] ApiDb:261 - Set plugin images path to: /opt/st/stm32cubeide_1.13.2/plugins/com.st.stm32cube.common.mx_6.9.2.202309101412//db//plugins/mcufinder/images/
2024-02-18 09:17:55,063 [WARN] DbFile:41 - Overriding database path with different value: /home/wyatt/.stmcufinder/plugins/mcufinder/ => /home/wyatt/.stmcufinder/plugins/mcufinder
2024-02-18 09:17:55,063 [INFO] ApiDb:250 - Set database path to: /home/wyatt/.stmcufinder/plugins/mcufinder//mcu/
2024-02-18 09:17:55,063 [WARN] DbFile:41 - Overriding database path with different value: /home/wyatt/.stmcufinder/plugins/mcufinder/ => /home/wyatt/.stmcufinder/plugins/mcufinder
2024-02-18 09:17:55,063 [INFO] DbMcusAds:125 - Set database path to: /home/wyatt/.stmcufinder/plugins/mcufinder//mcu/
2024-02-18 09:17:55,064 [WARN] DbFile:41 - Overriding database path with different value: /home/wyatt/.stmcufinder/plugins/mcufinder/ => /home/wyatt/.stmcufinder/plugins/mcufinder
2024-02-18 09:17:55,064 [WARN] DbFile:41 - Overriding database path with different value: /home/wyatt/.stmcufinder/plugins/mcufinder/ => /home/wyatt/.stmcufinder/plugins/mcufinder
2024-02-18 09:17:55,064 [INFO] CrossReferenceDbSqlite:203 - Set database path to: /home/wyatt/.stmcufinder/plugins/mcufinder//mcu/cs/
2024-02-18 09:17:55,114 [INFO] MainPanel:262 - HeapMemory: 268435456
2024-02-18 09:17:55,188 [INFO] DbMcusXml:78 - Set database path to: /opt/st/stm32cubeide_1.13.2/plugins/com.st.stm32cube.common.mx_6.9.2.202309101412//db//mcu/
2024-02-18 09:17:55,188 [INFO] ApiDb:274 - Set plugin database path to: /opt/st/stm32cubeide_1.13.2/plugins/com.st.stm32cube.common.mx_6.9.2.202309101412//db//plugins/boardmanager/
2024-02-18 09:17:55,188 [INFO] ApiDb:261 - Set plugin images path to: /opt/st/stm32cubeide_1.13.2/plugins/com.st.stm32cube.common.mx_6.9.2.202309101412//db//plugins/mcufinder/images/
2024-02-18 09:17:55,188 [WARN] DbFile:41 - Overriding database path with different value: /home/wyatt/.stmcufinder/plugins/mcufinder/ => /home/wyatt/.stmcufinder/plugins/mcufinder
2024-02-18 09:17:55,188 [INFO] ApiDb:250 - Set database path to: /home/wyatt/.stmcufinder/plugins/mcufinder//mcu/
2024-02-18 09:17:55,188 [WARN] DbFile:41 - Overriding database path with different value: /home/wyatt/.stmcufinder/plugins/mcufinder/ => /home/wyatt/.stmcufinder/plugins/mcufinder
2024-02-18 09:17:55,188 [INFO] DbMcusAds:125 - Set database path to: /home/wyatt/.stmcufinder/plugins/mcufinder//mcu/
2024-02-18 09:17:55,188 [WARN] DbFile:41 - Overriding database path with different value: /home/wyatt/.stmcufinder/plugins/mcufinder/ => /home/wyatt/.stmcufinder/plugins/mcufinder
2024-02-18 09:17:55,188 [WARN] DbFile:41 - Overriding database path with different value: /home/wyatt/.stmcufinder/plugins/mcufinder/ => /home/wyatt/.stmcufinder/plugins/mcufinder
2024-02-18 09:17:55,189 [INFO] CrossReferenceDbSqlite:203 - Set database path to: /home/wyatt/.stmcufinder/plugins/mcufinder//mcu/cs/
2024-02-18 09:17:55,199 [INFO] ApplicationProperties:184 - Using Application install path: /opt/st/stm32cubeide_1.13.2/plugins/com.st.stm32cube.common.mx_6.9.2.202309101412
2024-02-18 09:17:55,200 [INFO] PluginManage:196 - Search for loadable plugins [exclusion list=, ]
2024-02-18 09:17:55,201 [INFO] PluginManage:310 - Check plugin analytics
2024-02-18 09:17:55,301 [INFO] AnalyticsPlugin:253 - Accepted Software Licenses: 
2024-02-18 09:17:55,301 [INFO] AnalyticsPlugin:255 - Accepted CMSIS Pack Licenses: 
2024-02-18 09:17:55,301 [INFO] AnalyticsPlugin:257 - Accepted Firmware Licenses: FW.F4.1.27.0
2024-02-18 09:17:55,303 [INFO] PluginManage:359 - Loaded plugin analytics (category:tool,tabindex:-1)
2024-02-18 09:17:55,303 [INFO] PluginManage:310 - Check plugin cadmodel
2024-02-18 09:17:55,359 [INFO] CADModel:105 - Init CAD model plugin
2024-02-18 09:17:55,359 [INFO] PluginManage:359 - Loaded plugin cadmodel (category:power,tabindex:5)
2024-02-18 09:17:55,359 [INFO] PluginManage:310 - Check plugin clock
2024-02-18 09:17:55,366 [INFO] PluginManage:359 - Loaded plugin clock (category:base,tabindex:2)
2024-02-18 09:17:55,366 [INFO] PluginManage:310 - Check plugin ddr
2024-02-18 09:17:55,368 [INFO] PluginManage:359 - Loaded plugin ddr (category:tool,tabindex:6)
2024-02-18 09:17:55,368 [INFO] PluginManage:310 - Check plugin filemanager
2024-02-18 09:17:55,472 [INFO] PluginManage:359 - Loaded plugin filemanager (category:base,tabindex:10)
2024-02-18 09:17:55,472 [INFO] PluginManage:310 - Check plugin ipmanager
2024-02-18 09:17:55,477 [INFO] PluginManage:359 - Loaded plugin ipmanager (category:base,tabindex:5)
2024-02-18 09:17:55,477 [INFO] PluginManage:310 - Check plugin lpbam
2024-02-18 09:17:55,485 [INFO] PluginManage:359 - Loaded plugin lpbam (category:base,tabindex:0)
2024-02-18 09:17:55,485 [INFO] PluginManage:310 - Check plugin memorymap
2024-02-18 09:17:55,494 [INFO] PluginManage:359 - Loaded plugin memorymap (category:base,tabindex:4)
2024-02-18 09:17:55,495 [INFO] PluginManage:310 - Check plugin pinoutandconfiguration
2024-02-18 09:17:55,500 [INFO] PluginManage:359 - Loaded plugin pinoutandconfiguration (category:base,tabindex:1)
2024-02-18 09:17:55,501 [INFO] PluginManage:310 - Check plugin pinoutconfig
2024-02-18 09:17:55,569 [WARN] SupportedApi:132 - Cannot load RTOS API schema: s4s-elt-must-match.1: The content of 'definitions' must match (annotation?, (simpleType | complexType)?, (unique | key | keyref)*)). A problem was found starting at: attribute.
2024-02-18 09:17:55,682 [INFO] PluginManage:359 - Loaded plugin pinoutconfig (category:base,tabindex:0)
2024-02-18 09:17:55,682 [INFO] PluginManage:310 - Check plugin power
2024-02-18 09:17:55,691 [INFO] PluginManage:359 - Loaded plugin power (category:power,tabindex:4)
2024-02-18 09:17:55,691 [INFO] PluginManage:310 - Check plugin projectmanager
2024-02-18 09:17:55,701 [INFO] PluginManage:359 - Loaded plugin projectmanager (category:projectmanager,tabindex:3)
2024-02-18 09:17:55,701 [INFO] PluginManage:310 - Check plugin thirdparty
2024-02-18 09:17:55,792 [INFO] PluginManage:359 - Loaded plugin thirdparty (category:base,tabindex:-1)
2024-02-18 09:17:55,792 [WARN] IntegrityCheckThread:84 - waiting for thirdparty lock release [integrity check]
2024-02-18 09:17:55,792 [INFO] PluginManage:310 - Check plugin tools
2024-02-18 09:17:55,792 [INFO] IntegrityCheckThread:86 - entering critical section [integrity check]
2024-02-18 09:17:55,793 [INFO] ThirdPartyUpdaterWithRetryManager:70 - Updater plugin not ready yet. [1/15]
2024-02-18 09:17:55,794 [INFO] PluginManage:359 - Loaded plugin tools (category:base,tabindex:7)
2024-02-18 09:17:55,794 [INFO] PluginManage:310 - Check plugin tutovideos
2024-02-18 09:17:55,922 [INFO] PluginManage:359 - Loaded plugin tutovideos (category:base,tabindex:-1)
2024-02-18 09:17:55,922 [INFO] PluginManage:310 - Check plugin updater
2024-02-18 09:17:55,931 [INFO] PluginManage:359 - Loaded plugin updater (category:base,tabindex:12)
2024-02-18 09:17:55,931 [INFO] PluginManage:310 - Check plugin userauth
2024-02-18 09:17:55,935 [INFO] UserAuth:113 - Init User Auth plugin
2024-02-18 09:17:55,935 [INFO] PluginManage:359 - Loaded plugin userauth (category:base,tabindex:14)
2024-02-18 09:17:55,935 [INFO] PluginManage:283 - PluginManage : Loaded plugins [17]
2024-02-18 09:17:56,061 [INFO] PinOutPanel:1499 - setPackage(No Configuration,No Configuration)
2024-02-18 09:17:56,121 [INFO] CADModel:165 - CPN selected for project level
2024-02-18 09:17:56,122 [INFO] CADModel:114 - Register for checkConnection events
2024-02-18 09:17:56,130 [INFO] IPUIPlugin:80 - create IPUIPlugin
2024-02-18 09:17:56,130 [INFO] PluginManager:220 - loadIPPluginJar : add gic
2024-02-18 09:17:56,136 [INFO] IPUIPlugin:80 - create IPUIPlugin
2024-02-18 09:17:56,136 [INFO] PluginManager:220 - loadIPPluginJar : add usart
2024-02-18 09:17:56,139 [INFO] IPUIPlugin:80 - create IPUIPlugin
2024-02-18 09:17:56,139 [INFO] PluginManager:220 - loadIPPluginJar : add gpio
2024-02-18 09:17:56,141 [INFO] IPUIPlugin:80 - create IPUIPlugin
2024-02-18 09:17:56,141 [INFO] PluginManager:220 - loadIPPluginJar : add dfsdm
2024-02-18 09:17:56,143 [INFO] IPUIPlugin:80 - create IPUIPlugin
2024-02-18 09:17:56,143 [INFO] PluginManager:220 - loadIPPluginJar : add lorawan
2024-02-18 09:17:56,145 [INFO] IPUIPlugin:80 - create IPUIPlugin
2024-02-18 09:17:56,145 [INFO] PluginManager:220 - loadIPPluginJar : add sai
2024-02-18 09:17:56,147 [INFO] IPUIPlugin:80 - create IPUIPlugin
2024-02-18 09:17:56,147 [INFO] PluginManager:220 - loadIPPluginJar : add comp
2024-02-18 09:17:56,148 [INFO] IPUIPlugin:80 - create IPUIPlugin
2024-02-18 09:17:56,148 [INFO] PluginManager:220 - loadIPPluginJar : add tim
2024-02-18 09:17:56,153 [INFO] IPUIPlugin:80 - create IPUIPlugin
2024-02-18 09:17:56,153 [INFO] PluginManager:220 - loadIPPluginJar : add mdma
2024-02-18 09:17:56,159 [INFO] IPUIPlugin:80 - create IPUIPlugin
2024-02-18 09:17:56,159 [INFO] PluginManager:220 - loadIPPluginJar : add adc
2024-02-18 09:17:56,164 [INFO] IPUIPlugin:80 - create IPUIPlugin
2024-02-18 09:17:56,164 [INFO] PluginManager:220 - loadIPPluginJar : add freertos
2024-02-18 09:17:56,166 [INFO] IPUIPlugin:80 - create IPUIPlugin
2024-02-18 09:17:56,166 [INFO] PluginManager:220 - loadIPPluginJar : add i3c
2024-02-18 09:17:56,170 [INFO] IPUIPlugin:80 - create IPUIPlugin
2024-02-18 09:17:56,171 [INFO] PluginManager:220 - loadIPPluginJar : add stm32_wpan
2024-02-18 09:17:56,172 [INFO] IPUIPlugin:80 - create IPUIPlugin
2024-02-18 09:17:56,173 [INFO] PluginManager:220 - loadIPPluginJar : add ucpd
2024-02-18 09:17:56,174 [INFO] IPUIPlugin:80 - create IPUIPlugin
2024-02-18 09:17:56,174 [INFO] PluginManager:220 - loadIPPluginJar : add tsc
2024-02-18 09:17:56,176 [INFO] IPUIPlugin:80 - create IPUIPlugin
2024-02-18 09:17:56,176 [INFO] PluginManager:220 - loadIPPluginJar : add openamp
2024-02-18 09:17:56,181 [INFO] IPUIPlugin:80 - create IPUIPlugin
2024-02-18 09:17:56,181 [INFO] PluginManager:220 - loadIPPluginJar : add dma
2024-02-18 09:17:56,182 [INFO] IPUIPlugin:80 - create IPUIPlugin
2024-02-18 09:17:56,182 [INFO] PluginManager:220 - loadIPPluginJar : add dma3
2024-02-18 09:17:56,183 [INFO] IPUIPlugin:80 - create IPUIPlugin
2024-02-18 09:17:56,184 [INFO] PluginManager:220 - loadIPPluginJar : add fatfs
2024-02-18 09:17:56,185 [INFO] IPUIPlugin:80 - create IPUIPlugin
2024-02-18 09:17:56,185 [INFO] PluginManager:220 - loadIPPluginJar : add spi
2024-02-18 09:17:56,187 [INFO] IPUIPlugin:80 - create IPUIPlugin
2024-02-18 09:17:56,187 [INFO] PluginManager:220 - loadIPPluginJar : add i2c
2024-02-18 09:17:56,190 [INFO] IPUIPlugin:80 - create IPUIPlugin
2024-02-18 09:17:56,190 [INFO] PluginManager:220 - loadIPPluginJar : add gtzc
2024-02-18 09:17:56,191 [INFO] IPUIPlugin:80 - create IPUIPlugin
2024-02-18 09:17:56,191 [INFO] PluginManager:220 - loadIPPluginJar : add genericplugin
2024-02-18 09:17:56,192 [INFO] IPUIPlugin:80 - create IPUIPlugin
2024-02-18 09:17:56,193 [INFO] PluginManager:220 - loadIPPluginJar : add gfxmmu
2024-02-18 09:17:56,195 [INFO] IPUIPlugin:80 - create IPUIPlugin
2024-02-18 09:17:56,195 [INFO] PluginManager:220 - loadIPPluginJar : add usbx
2024-02-18 09:17:56,197 [INFO] IPUIPlugin:80 - create IPUIPlugin
2024-02-18 09:17:56,197 [INFO] PluginManager:220 - loadIPPluginJar : add aes
2024-02-18 09:17:56,198 [INFO] IPUIPlugin:80 - create IPUIPlugin
2024-02-18 09:17:56,198 [INFO] PluginManager:220 - loadIPPluginJar : add i2s
2024-02-18 09:17:56,200 [INFO] IPUIPlugin:80 - create IPUIPlugin
2024-02-18 09:17:56,200 [INFO] PluginManager:220 - loadIPPluginJar : add touchsensing
2024-02-18 09:17:56,202 [INFO] IPUIPlugin:80 - create IPUIPlugin
2024-02-18 09:17:56,202 [INFO] PluginManager:220 - loadIPPluginJar : add ipddr
2024-02-18 09:17:56,207 [INFO] IPUIPlugin:80 - create IPUIPlugin
2024-02-18 09:17:56,207 [INFO] PluginManager:220 - loadIPPluginJar : add linkedlist
2024-02-18 09:17:56,209 [INFO] IPUIPlugin:80 - create IPUIPlugin
2024-02-18 09:17:56,209 [INFO] PluginManager:220 - loadIPPluginJar : add tracer_emb
2024-02-18 09:17:56,210 [INFO] IPUIPlugin:80 - create IPUIPlugin
2024-02-18 09:17:56,210 [INFO] PluginManager:220 - loadIPPluginJar : add quadspi
2024-02-18 09:17:56,211 [INFO] IPUIPlugin:80 - create IPUIPlugin
2024-02-18 09:17:56,211 [INFO] PluginManager:220 - loadIPPluginJar : add pdm2pcm
2024-02-18 09:17:56,213 [INFO] IPUIPlugin:80 - create IPUIPlugin
2024-02-18 09:17:56,213 [INFO] PluginManager:220 - loadIPPluginJar : add can
2024-02-18 09:17:56,214 [INFO] IPUIPlugin:80 - create IPUIPlugin
2024-02-18 09:17:56,214 [INFO] PluginManager:220 - loadIPPluginJar : add ltdc
2024-02-18 09:17:56,216 [INFO] IPUIPlugin:80 - create IPUIPlugin
2024-02-18 09:17:56,217 [INFO] PluginManager:220 - loadIPPluginJar : add fmc
2024-02-18 09:17:56,218 [INFO] IPUIPlugin:80 - create IPUIPlugin
2024-02-18 09:17:56,218 [INFO] PluginManager:220 - loadIPPluginJar : add ts
2024-02-18 09:17:56,219 [INFO] IPUIPlugin:80 - create IPUIPlugin
2024-02-18 09:17:56,219 [INFO] PluginManager:220 - loadIPPluginJar : add cryp
2024-02-18 09:17:56,221 [INFO] IPUIPlugin:80 - create IPUIPlugin
2024-02-18 09:17:56,221 [INFO] PluginManager:220 - loadIPPluginJar : add opamp
2024-02-18 09:17:56,223 [INFO] IPUIPlugin:80 - create IPUIPlugin
2024-02-18 09:17:56,223 [INFO] PluginManager:220 - loadIPPluginJar : add hash
2024-02-18 09:17:56,225 [INFO] IPUIPlugin:80 - create IPUIPlugin
2024-02-18 09:17:56,225 [INFO] PluginManager:220 - loadIPPluginJar : add nvic
2024-02-18 09:17:56,229 [INFO] IPUIPlugin:80 - create IPUIPlugin
2024-02-18 09:17:56,231 [INFO] PluginManager:220 - loadIPPluginJar : add plateformsettings
2024-02-18 09:17:56,233 [INFO] IPUIPlugin:80 - create IPUIPlugin
2024-02-18 09:17:56,233 [INFO] PluginManager:220 - loadIPPluginJar : add resmgrutility
2024-02-18 09:17:56,324 [INFO] CADModel:165 - CPN selected for project level
2024-02-18 09:17:56,324 [INFO] CADModel:114 - Register for checkConnection events
2024-02-18 09:17:56,324 [FATAL] Updater:308 - Updater called before beeing initialized
2024-02-18 09:17:56,325 [ERROR] CADModel:125 - Updater not yet initialized, retry later 
2024-02-18 09:17:56,405 [INFO] CADModel:165 - CPN selected for project level
2024-02-18 09:17:56,405 [INFO] CADModel:114 - Register for checkConnection events
2024-02-18 09:17:56,405 [FATAL] Updater:308 - Updater called before beeing initialized
2024-02-18 09:17:56,405 [ERROR] CADModel:125 - Updater not yet initialized, retry later 
2024-02-18 09:17:56,407 [FATAL] Updater:308 - Updater called before beeing initialized
2024-02-18 09:17:56,459 [FATAL] Updater:308 - Updater called before beeing initialized
2024-02-18 09:17:56,463 [INFO] DbMcusAds:53 - JSON generation date=Wed Nov 29 04:52:27 CST 2023 (1701255147200)
2024-02-18 09:17:56,464 [FATAL] Updater:308 - Updater called before beeing initialized
2024-02-18 09:17:56,492 [WARN] DetailPanel:346 - Failed to get advertising image, set to default
2024-02-18 09:17:56,578 [FATAL] Updater:308 - Updater called before beeing initialized
2024-02-18 09:17:56,580 [FATAL] Updater:308 - Updater called before beeing initialized
2024-02-18 09:17:56,580 [FATAL] Updater:308 - Updater called before beeing initialized
2024-02-18 09:17:56,580 [WARN] DetailPanel:346 - Failed to get advertising image, set to default
2024-02-18 09:17:56,580 [FATAL] Updater:308 - Updater called before beeing initialized
2024-02-18 09:17:56,600 [ERROR] Updater:1120 - MainUpdater not yet initialized. External WinMGr cannot be set.
2024-02-18 09:17:56,601 [INFO] Updater:1056 - Updater Version found : 6.9.2
2024-02-18 09:17:56,615 [INFO] ApplicationProperties:184 - Using Application install path: /opt/st/stm32cubeide_1.13.2/plugins/com.st.stm32cube.common.mx_6.9.2.202309101412
2024-02-18 09:17:57,672 [INFO] MainUpdater:2868 - connection check result : 10
2024-02-18 09:17:57,673 [INFO] MainUpdater:285 - Updater Check For Update Now.
2024-02-18 09:17:57,673 [INFO] MicroXplorer:498 - Change Database Version : DB.6.0.92
2024-02-18 09:17:57,677 [INFO] McuFinderGlobals:63 - Set McuFinder mode to 2 (CubeIDE integrated)
2024-02-18 09:17:57,677 [INFO] UserAuth:179 - activating auth plugin
2024-02-18 09:17:57,679 [INFO] UserAuth:393 - Internet connection configuration mode: 1
2024-02-18 09:17:57,692 [INFO] JxBrowserEngine:151 - Initiate JxBrowser Engine with user profile folder
2024-02-18 09:17:57,815 [INFO] CheckServerUpdateThread:120 - End of CheckServer Thread
2024-02-18 09:17:58,322 [INFO] WebApp:157 - Instantiating new browser for Auth
2024-02-18 09:17:58,791 [INFO] WebApp:753 - Register for checkConnection events
2024-02-18 09:17:58,791 [INFO] WebApp:390 - Apply proxy settings
2024-02-18 09:17:58,791 [INFO] WebApp:475 - Chromium requires no authentication
2024-02-18 09:17:58,796 [INFO] WebApp:418 - Direct internet connection detected
2024-02-18 09:17:58,877 [WARN] PackLoader:240 - Cannot read IP mode file for STMicroelectronics.X-CUBE-SMBUS.2.1.0
2024-02-18 09:17:58,882 [WARN] PackLoader:240 - Cannot read IP mode file for STMicroelectronics.X-CUBE-TOUCHGFX.4.23.0
2024-02-18 09:17:58,900 [INFO] WebApp:188 - Starting web application
2024-02-18 09:17:58,900 [INFO] WebApp:520 - Web application path used /opt/st/stm32cubeide_1.13.2/plugins/com.st.stm32cube.common.mx_6.9.2.202309101412/db/plugins/mcufinder/reactClient1/index.html
2024-02-18 09:17:58,916 [WARN] PackLoader:240 - Cannot read IP mode file for STMicroelectronics.X-CUBE-AZRTOS-F7.1.1.0
2024-02-18 09:17:58,923 [WARN] PackLoader:240 - Cannot read IP mode file for STMicroelectronics.FP-SNS-MOTENV1.4.3.2
2024-02-18 09:17:58,927 [WARN] PackLoader:240 - Cannot read IP mode file for STMicroelectronics.FP-SNS-FLIGHT1.5.0.2
2024-02-18 09:17:58,932 [WARN] PackLoader:240 - Cannot read IP mode file for STMicroelectronics.X-CUBE-DISPLAY.3.0.0
2024-02-18 09:17:58,940 [WARN] PackLoader:240 - Cannot read IP mode file for STMicroelectronics.X-CUBE-BLE1.7.0.0
2024-02-18 09:17:58,944 [WARN] PackLoader:240 - Cannot read IP mode file for emotas.I-CUBE-CANOPEN.1.3.0
2024-02-18 09:17:58,946 [WARN] PackLoader:240 - Cannot read IP mode file for STMicroelectronics.X-CUBE-TOUCHGFX.4.22.1
2024-02-18 09:17:58,948 [WARN] PackLoader:240 - Cannot read IP mode file for STMicroelectronics.FP-SNS-SMARTAG2.1.2.0
2024-02-18 09:17:58,963 [INFO] LogOutputStream:77 - [STDOUT_REDIRECT] 1 : Invalid condition id : UX_CORESTACK_Condition cause : null
2024-02-18 09:17:58,963 [INFO] LogOutputStream:77 - [STDOUT_REDIRECT] 1 : Invalid condition id : UX_CORESTACK_Condition cause : null
2024-02-18 09:17:58,964 [INFO] LogOutputStream:77 - [STDOUT_REDIRECT] 1 : Invalid condition id : UX_CORESTACK_Condition cause : null
2024-02-18 09:17:58,964 [INFO] LogOutputStream:77 - [STDOUT_REDIRECT] 1 : Invalid condition id : UX_CORESTACK_Condition cause : null
2024-02-18 09:17:58,964 [INFO] LogOutputStream:77 - [STDOUT_REDIRECT] 1 : Invalid condition id : UX_CORESTACK_Condition cause : null
2024-02-18 09:17:58,970 [WARN] PackLoader:240 - Cannot read IP mode file for STMicroelectronics.X-CUBE-AZRTOS-WL.2.0.0
2024-02-18 09:17:58,979 [WARN] PackLoader:240 - Cannot read IP mode file for WES.I-CUBE-Cesium.1.3.0
2024-02-18 09:17:58,984 [WARN] PackLoader:240 - Cannot read IP mode file for STMicroelectronics.X-CUBE-BLE2.3.3.0
2024-02-18 09:17:58,991 [WARN] PackLoader:240 - Cannot read IP mode file for STMicroelectronics.X-CUBE-ALGOBUILD.1.3.0
2024-02-18 09:17:59,020 [WARN] PackLoader:240 - Cannot read IP mode file for STMicroelectronics.X-CUBE-AZRTOS-G0.1.1.0
2024-02-18 09:17:59,026 [WARN] PackLoader:240 - Cannot read IP mode file for STMicroelectronics.X-CUBE-NFC4.3.0.0
2024-02-18 09:17:59,048 [WARN] PackLoader:240 - Cannot read IP mode file for STMicroelectronics.X-CUBE-BLEMGR.3.0.0
2024-02-18 09:17:59,054 [WARN] PackLoader:240 - Cannot read IP mode file for STMicroelectronics.FP-ATR-SIGFOX1.3.2.0
2024-02-18 09:17:59,060 [WARN] PackLoader:240 - Cannot read IP mode file for STMicroelectronics.X-CUBE-EEPRMA1.5.1.0
2024-02-18 09:17:59,093 [WARN] PackLoader:240 - Cannot read IP mode file for SEGGER.I-CUBE-embOS.1.3.1
2024-02-18 09:17:59,125 [WARN] PackLoader:240 - Cannot read IP mode file for STMicroelectronics.X-CUBE-GNSS1.6.0.0
2024-02-18 09:17:59,136 [WARN] PackLoader:240 - Cannot read IP mode file for STMicroelectronics.X-CUBE-AZRTOS-F4.1.1.0
2024-02-18 09:17:59,139 [WARN] PackLoader:240 - Cannot read IP mode file for wolfSSL.I-CUBE-wolfSSL.5.6.3
2024-02-18 09:17:59,149 [WARN] PackLoader:240 - Cannot read IP mode file for STMicroelectronics.X-CUBE-AZRTOS-L5.2.0.0
2024-02-18 09:17:59,153 [WARN] PackLoader:240 - Cannot read IP mode file for STMicroelectronics.X-CUBE-EEPRMA1.4.2.0
2024-02-18 09:17:59,156 [WARN] PackLoader:240 - Cannot read IP mode file for ITTIA_DB.I-CUBE-ITTIADB.8.8.0
2024-02-18 09:17:59,160 [WARN] PackLoader:240 - Cannot read IP mode file for STMicroelectronics.X-CUBE-BLEMGR.2.0.0
2024-02-18 09:17:59,171 [WARN] ConditionMgr:438 - getConditionDescription Invalid condition id : UX DEVICE CLASS RTOS Condition cause : null
2024-02-18 09:17:59,171 [WARN] ConditionMgr:438 - getConditionDescription Invalid condition id : UX DEVICE CLASS RTOS Condition cause : null
2024-02-18 09:17:59,173 [WARN] PackLoader:240 - Cannot read IP mode file for STMicroelectronics.X-CUBE-AZRTOS-H7.3.1.0
2024-02-18 09:17:59,178 [WARN] ConditionMgr:1039 - genDependencies : Invalid condition id : UX DEVICE CLASS RTOS Condition cause : null
2024-02-18 09:17:59,178 [WARN] ConditionMgr:1039 - genDependencies : Invalid condition id : UX DEVICE CLASS RTOS Condition cause : null
2024-02-18 09:17:59,179 [WARN] ConditionMgr:1039 - genDependencies : Invalid condition id : UX DEVICE CLASS RTOS Condition cause : null
2024-02-18 09:17:59,179 [WARN] ConditionMgr:1039 - genDependencies : Invalid condition id : UX DEVICE CLASS RTOS Condition cause : null
2024-02-18 09:17:59,179 [WARN] ConditionMgr:1039 - genDependencies : Invalid condition id : UX DEVICE CLASS RTOS Condition cause : null
2024-02-18 09:17:59,185 [WARN] PackLoader:240 - Cannot read IP mode file for STMicroelectronics.X-CUBE-NFC7.1.0.1
2024-02-18 09:17:59,192 [WARN] PackLoader:240 - Cannot read IP mode file for STMicroelectronics.X-CUBE-NFC6.3.0.0
2024-02-18 09:17:59,198 [WARN] PackLoader:240 - Cannot read IP mode file for STMicroelectronics.X-CUBE-EEPRMA1.4.1.0
2024-02-18 09:17:59,204 [WARN] PackLoader:240 - Cannot read IP mode file for STMicroelectronics.X-CUBE-AI.8.1.0
2024-02-18 09:17:59,221 [WARN] ConditionMgr:438 - getConditionDescription Invalid condition id : LAN8742 Phy interface Condition cause : null
2024-02-18 09:17:59,221 [WARN] PackLoader:240 - Cannot read IP mode file for STMicroelectronics.X-CUBE-AZRTOS-L4.2.0.0
2024-02-18 09:17:59,223 [WARN] ConditionMgr:1039 - genDependencies : Invalid condition id : LAN8742 Phy interface Condition cause : null
2024-02-18 09:17:59,223 [WARN] ConditionMgr:1039 - genDependencies : Invalid condition id : LAN8742 Phy interface Condition cause : null
2024-02-18 09:17:59,223 [WARN] ConditionMgr:1039 - genDependencies : Invalid condition id : LAN8742 Phy interface Condition cause : null
2024-02-18 09:17:59,230 [WARN] PackLoader:240 - Cannot read IP mode file for STMicroelectronics.X-CUBE-SFXS2LP1.4.0.0
2024-02-18 09:17:59,233 [WARN] PackLoader:240 - Cannot read IP mode file for STMicroelectronics.X-CUBE-ISPU.1.1.0
2024-02-18 09:17:59,245 [WARN] ConditionMgr:438 - getConditionDescription Invalid condition id : UX DEVICE CLASS RTOS Condition cause : null
2024-02-18 09:17:59,245 [WARN] ConditionMgr:438 - getConditionDescription Invalid condition id : UX DEVICE CLASS RTOS Condition cause : null
2024-02-18 09:17:59,247 [WARN] PackLoader:240 - Cannot read IP mode file for STMicroelectronics.X-CUBE-AZRTOS-WB.2.0.0
2024-02-18 09:17:59,248 [WARN] ConditionMgr:1039 - genDependencies : Invalid condition id : UX DEVICE CLASS RTOS Condition cause : null
2024-02-18 09:17:59,248 [WARN] ConditionMgr:1039 - genDependencies : Invalid condition id : UX DEVICE CLASS RTOS Condition cause : null
2024-02-18 09:17:59,248 [WARN] ConditionMgr:1039 - genDependencies : Invalid condition id : UX DEVICE CLASS RTOS Condition cause : null
2024-02-18 09:17:59,249 [WARN] ConditionMgr:1039 - genDependencies : Invalid condition id : UX DEVICE CLASS RTOS Condition cause : null
2024-02-18 09:17:59,249 [WARN] ConditionMgr:1039 - genDependencies : Invalid condition id : UX DEVICE CLASS RTOS Condition cause : null
2024-02-18 09:17:59,258 [WARN] PackLoader:240 - Cannot read IP mode file for STMicroelectronics.X-CUBE-SUBG2.5.0.0
2024-02-18 09:17:59,275 [WARN] PackLoader:240 - Cannot read IP mode file for STMicroelectronics.X-CUBE-TOF1.3.3.1
2024-02-18 09:17:59,290 [WARN] PackLoader:240 - Cannot read IP mode file for STMicroelectronics.X-CUBE-AZRTOS-G4.2.0.0
2024-02-18 09:17:59,297 [WARN] PackLoader:240 - Cannot read IP mode file for Infineon.AIROC-Wi-Fi-Bluetooth-STM32.1.5.1
2024-02-18 09:17:59,302 [WARN] PackLoader:240 - Cannot read IP mode file for STMicroelectronics.FP-SNS-MOTENVWB1.1.3.1
2024-02-18 09:17:59,304 [WARN] PackLoader:240 - Cannot read IP mode file for STMicroelectronics.X-CUBE-ISPU.2.0.0
2024-02-18 09:17:59,326 [WARN] PackLoader:240 - Cannot read IP mode file for STMicroelectronics.X-CUBE-MEMS1.10.0.0
2024-02-18 09:17:59,423 [WARN] PackLoader:240 - Cannot read IP mode file for STMicroelectronics.X-CUBE-FREERTOS.1.1.0
2024-02-18 09:17:59,426 [WARN] PackLoader:240 - Cannot read IP mode file for portGmbH.I-Cube-SoM-uGOAL.1.1.0
2024-02-18 09:17:59,428 [WARN] PackLoader:240 - Cannot read IP mode file for STMicroelectronics.X-CUBE-ALS.1.0.1
2024-02-18 09:17:59,430 [WARN] PackLoader:240 - Cannot read IP mode file for STMicroelectronics.FP-ATR-ASTRA1.2.0.0
2024-02-18 09:17:59,436 [WARN] PackLoader:240 - Cannot read IP mode file for STMicroelectronics.X-CUBE-TOF1.3.4.0
2024-02-18 09:17:59,454 [WARN] PackLoader:240 - Cannot read IP mode file for STMicroelectronics.X-CUBE-AZRTOS-H7.3.2.0
2024-02-18 09:17:59,456 [INFO] ThirdParty:978 - Integrity check success = true
2024-02-18 09:17:59,456 [INFO] IntegrityCheckThread:100 - exiting critical section [integrity check]
2024-02-18 09:17:59,456 [INFO] IntegrityCheckThread:103 - End integrity checks thread
2024-02-18 09:18:19,204 [ERROR] LogOutputStream:75 - [STDERR_REDIRECT] SLF4J: Failed to load class "org.slf4j.impl.StaticLoggerBinder".
2024-02-18 09:18:19,205 [ERROR] LogOutputStream:75 - [STDERR_REDIRECT] SLF4J: Defaulting to no-operation (NOP) logger implementation
2024-02-18 09:18:19,205 [ERROR] LogOutputStream:75 - [STDERR_REDIRECT] SLF4J: See http://www.slf4j.org/codes.html#StaticLoggerBinder for further details.
