2024-02-25 22:11:06,595 [INFO] Activator:176 - 


2024-02-25 22:11:06,598 [INFO] Activator:177 - !SESSION log4j initialized
2024-02-25 22:11:10,639 [INFO] LogOutputStream:77 - [STDOUT_REDIRECT] 
2024-02-25 22:11:11,204 [INFO] ApplicationProperties:184 - Using Application install path: /opt/st/stm32cubeide_1.13.2/plugins/com.st.stm32cube.common.mx_6.9.2.202309101412
2024-02-25 22:11:11,219 [INFO] DbMcusXml:78 - Set database path to: /opt/st/stm32cubeide_1.13.2/plugins/com.st.stm32cube.common.mx_6.9.2.202309101412//db//mcu/
2024-02-25 22:11:11,219 [INFO] ApiDb:274 - Set plugin database path to: /opt/st/stm32cubeide_1.13.2/plugins/com.st.stm32cube.common.mx_6.9.2.202309101412//db//plugins/boardmanager/
2024-02-25 22:11:11,219 [WARN] ApiDb:259 - Overriding images path with different value:  => /opt/st/stm32cubeide_1.13.2/plugins/com.st.stm32cube.common.mx_6.9.2.202309101412//db//plugins/mcufinder/images/
2024-02-25 22:11:11,227 [INFO] ApiDb:250 - Set database path to: /home/wyatt/.stmcufinder/plugins/mcufinder//mcu/
2024-02-25 22:11:11,228 [INFO] DbMcusAds:125 - Set database path to: /home/wyatt/.stmcufinder/plugins/mcufinder//mcu/
2024-02-25 22:11:11,231 [INFO] CrossReferenceDbSqlite:203 - Set database path to: /home/wyatt/.stmcufinder/plugins/mcufinder//mcu/cs/
2024-02-25 22:11:11,329 [INFO] RulesReader:64 - Compatibility file has been processed (293 Rules)
2024-02-25 22:11:11,385 [INFO] DbMcusXml:78 - Set database path to: /opt/st/stm32cubeide_1.13.2/plugins/com.st.stm32cube.common.mx_6.9.2.202309101412//db//mcu/
2024-02-25 22:11:11,385 [INFO] ApiDb:274 - Set plugin database path to: /opt/st/stm32cubeide_1.13.2/plugins/com.st.stm32cube.common.mx_6.9.2.202309101412//db//plugins/boardmanager/
2024-02-25 22:11:11,385 [INFO] ApiDb:261 - Set plugin images path to: /opt/st/stm32cubeide_1.13.2/plugins/com.st.stm32cube.common.mx_6.9.2.202309101412//db//plugins/mcufinder/images/
2024-02-25 22:11:11,385 [WARN] DbFile:41 - Overriding database path with different value: /home/wyatt/.stmcufinder/plugins/mcufinder/ => /home/wyatt/.stmcufinder/plugins/mcufinder
2024-02-25 22:11:11,385 [INFO] ApiDb:250 - Set database path to: /home/wyatt/.stmcufinder/plugins/mcufinder//mcu/
2024-02-25 22:11:11,386 [WARN] DbFile:41 - Overriding database path with different value: /home/wyatt/.stmcufinder/plugins/mcufinder/ => /home/wyatt/.stmcufinder/plugins/mcufinder
2024-02-25 22:11:11,386 [INFO] DbMcusAds:125 - Set database path to: /home/wyatt/.stmcufinder/plugins/mcufinder//mcu/
2024-02-25 22:11:11,386 [WARN] DbFile:41 - Overriding database path with different value: /home/wyatt/.stmcufinder/plugins/mcufinder/ => /home/wyatt/.stmcufinder/plugins/mcufinder
2024-02-25 22:11:11,386 [WARN] DbFile:41 - Overriding database path with different value: /home/wyatt/.stmcufinder/plugins/mcufinder/ => /home/wyatt/.stmcufinder/plugins/mcufinder
2024-02-25 22:11:11,386 [INFO] CrossReferenceDbSqlite:203 - Set database path to: /home/wyatt/.stmcufinder/plugins/mcufinder//mcu/cs/
2024-02-25 22:11:11,439 [INFO] MainPanel:262 - HeapMemory: 268435456
2024-02-25 22:11:11,518 [INFO] DbMcusXml:78 - Set database path to: /opt/st/stm32cubeide_1.13.2/plugins/com.st.stm32cube.common.mx_6.9.2.202309101412//db//mcu/
2024-02-25 22:11:11,518 [INFO] ApiDb:274 - Set plugin database path to: /opt/st/stm32cubeide_1.13.2/plugins/com.st.stm32cube.common.mx_6.9.2.202309101412//db//plugins/boardmanager/
2024-02-25 22:11:11,518 [INFO] ApiDb:261 - Set plugin images path to: /opt/st/stm32cubeide_1.13.2/plugins/com.st.stm32cube.common.mx_6.9.2.202309101412//db//plugins/mcufinder/images/
2024-02-25 22:11:11,518 [WARN] DbFile:41 - Overriding database path with different value: /home/wyatt/.stmcufinder/plugins/mcufinder/ => /home/wyatt/.stmcufinder/plugins/mcufinder
2024-02-25 22:11:11,518 [INFO] ApiDb:250 - Set database path to: /home/wyatt/.stmcufinder/plugins/mcufinder//mcu/
2024-02-25 22:11:11,518 [WARN] DbFile:41 - Overriding database path with different value: /home/wyatt/.stmcufinder/plugins/mcufinder/ => /home/wyatt/.stmcufinder/plugins/mcufinder
2024-02-25 22:11:11,519 [INFO] DbMcusAds:125 - Set database path to: /home/wyatt/.stmcufinder/plugins/mcufinder//mcu/
2024-02-25 22:11:11,519 [WARN] DbFile:41 - Overriding database path with different value: /home/wyatt/.stmcufinder/plugins/mcufinder/ => /home/wyatt/.stmcufinder/plugins/mcufinder
2024-02-25 22:11:11,519 [WARN] DbFile:41 - Overriding database path with different value: /home/wyatt/.stmcufinder/plugins/mcufinder/ => /home/wyatt/.stmcufinder/plugins/mcufinder
2024-02-25 22:11:11,519 [INFO] CrossReferenceDbSqlite:203 - Set database path to: /home/wyatt/.stmcufinder/plugins/mcufinder//mcu/cs/
2024-02-25 22:11:11,530 [INFO] ApplicationProperties:184 - Using Application install path: /opt/st/stm32cubeide_1.13.2/plugins/com.st.stm32cube.common.mx_6.9.2.202309101412
2024-02-25 22:11:11,531 [INFO] PluginManage:196 - Search for loadable plugins [exclusion list=, ]
2024-02-25 22:11:11,531 [INFO] PluginManage:310 - Check plugin analytics
2024-02-25 22:11:11,632 [INFO] AnalyticsPlugin:253 - Accepted Software Licenses: 
2024-02-25 22:11:11,632 [INFO] AnalyticsPlugin:255 - Accepted CMSIS Pack Licenses: 
2024-02-25 22:11:11,633 [INFO] AnalyticsPlugin:257 - Accepted Firmware Licenses: FW.F4.1.27.0
2024-02-25 22:11:11,635 [INFO] PluginManage:359 - Loaded plugin analytics (category:tool,tabindex:-1)
2024-02-25 22:11:11,635 [INFO] PluginManage:310 - Check plugin cadmodel
2024-02-25 22:11:11,698 [INFO] CADModel:105 - Init CAD model plugin
2024-02-25 22:11:11,698 [INFO] PluginManage:359 - Loaded plugin cadmodel (category:power,tabindex:5)
2024-02-25 22:11:11,698 [INFO] PluginManage:310 - Check plugin clock
2024-02-25 22:11:11,705 [INFO] PluginManage:359 - Loaded plugin clock (category:base,tabindex:2)
2024-02-25 22:11:11,706 [INFO] PluginManage:310 - Check plugin ddr
2024-02-25 22:11:11,707 [INFO] PluginManage:359 - Loaded plugin ddr (category:tool,tabindex:6)
2024-02-25 22:11:11,708 [INFO] PluginManage:310 - Check plugin filemanager
2024-02-25 22:11:11,802 [INFO] PluginManage:359 - Loaded plugin filemanager (category:base,tabindex:10)
2024-02-25 22:11:11,802 [INFO] PluginManage:310 - Check plugin ipmanager
2024-02-25 22:11:11,807 [INFO] PluginManage:359 - Loaded plugin ipmanager (category:base,tabindex:5)
2024-02-25 22:11:11,808 [INFO] PluginManage:310 - Check plugin lpbam
2024-02-25 22:11:11,817 [INFO] PluginManage:359 - Loaded plugin lpbam (category:base,tabindex:0)
2024-02-25 22:11:11,817 [INFO] PluginManage:310 - Check plugin memorymap
2024-02-25 22:11:11,826 [INFO] PluginManage:359 - Loaded plugin memorymap (category:base,tabindex:4)
2024-02-25 22:11:11,826 [INFO] PluginManage:310 - Check plugin pinoutandconfiguration
2024-02-25 22:11:11,832 [INFO] PluginManage:359 - Loaded plugin pinoutandconfiguration (category:base,tabindex:1)
2024-02-25 22:11:11,832 [INFO] PluginManage:310 - Check plugin pinoutconfig
2024-02-25 22:11:11,896 [WARN] SupportedApi:132 - Cannot load RTOS API schema: s4s-elt-must-match.1: The content of 'definitions' must match (annotation?, (simpleType | complexType)?, (unique | key | keyref)*)). A problem was found starting at: attribute.
2024-02-25 22:11:11,994 [INFO] PluginManage:359 - Loaded plugin pinoutconfig (category:base,tabindex:0)
2024-02-25 22:11:11,994 [INFO] PluginManage:310 - Check plugin power
2024-02-25 22:11:12,003 [INFO] PluginManage:359 - Loaded plugin power (category:power,tabindex:4)
2024-02-25 22:11:12,003 [INFO] PluginManage:310 - Check plugin projectmanager
2024-02-25 22:11:12,016 [INFO] PluginManage:359 - Loaded plugin projectmanager (category:projectmanager,tabindex:3)
2024-02-25 22:11:12,016 [INFO] PluginManage:310 - Check plugin thirdparty
2024-02-25 22:11:12,137 [WARN] IntegrityCheckThread:84 - waiting for thirdparty lock release [integrity check]
2024-02-25 22:11:12,138 [INFO] PluginManage:359 - Loaded plugin thirdparty (category:base,tabindex:-1)
2024-02-25 22:11:12,138 [INFO] IntegrityCheckThread:86 - entering critical section [integrity check]
2024-02-25 22:11:12,138 [INFO] PluginManage:310 - Check plugin tools
2024-02-25 22:11:12,138 [INFO] ThirdPartyUpdaterWithRetryManager:70 - Updater plugin not ready yet. [1/15]
2024-02-25 22:11:12,140 [INFO] PluginManage:359 - Loaded plugin tools (category:base,tabindex:7)
2024-02-25 22:11:12,140 [INFO] PluginManage:310 - Check plugin tutovideos
2024-02-25 22:11:12,280 [INFO] PluginManage:359 - Loaded plugin tutovideos (category:base,tabindex:-1)
2024-02-25 22:11:12,280 [INFO] PluginManage:310 - Check plugin updater
2024-02-25 22:11:12,288 [INFO] PluginManage:359 - Loaded plugin updater (category:base,tabindex:12)
2024-02-25 22:11:12,289 [INFO] PluginManage:310 - Check plugin userauth
2024-02-25 22:11:12,293 [INFO] UserAuth:113 - Init User Auth plugin
2024-02-25 22:11:12,293 [INFO] PluginManage:359 - Loaded plugin userauth (category:base,tabindex:14)
2024-02-25 22:11:12,293 [INFO] PluginManage:283 - PluginManage : Loaded plugins [17]
2024-02-25 22:11:12,433 [INFO] PinOutPanel:1499 - setPackage(No Configuration,No Configuration)
2024-02-25 22:11:12,496 [INFO] CADModel:165 - CPN selected for project level
2024-02-25 22:11:12,496 [INFO] CADModel:114 - Register for checkConnection events
2024-02-25 22:11:12,504 [INFO] IPUIPlugin:80 - create IPUIPlugin
2024-02-25 22:11:12,504 [INFO] PluginManager:220 - loadIPPluginJar : add gic
2024-02-25 22:11:12,510 [INFO] IPUIPlugin:80 - create IPUIPlugin
2024-02-25 22:11:12,510 [INFO] PluginManager:220 - loadIPPluginJar : add usart
2024-02-25 22:11:12,513 [INFO] IPUIPlugin:80 - create IPUIPlugin
2024-02-25 22:11:12,513 [INFO] PluginManager:220 - loadIPPluginJar : add gpio
2024-02-25 22:11:12,515 [INFO] IPUIPlugin:80 - create IPUIPlugin
2024-02-25 22:11:12,515 [INFO] PluginManager:220 - loadIPPluginJar : add dfsdm
2024-02-25 22:11:12,516 [INFO] IPUIPlugin:80 - create IPUIPlugin
2024-02-25 22:11:12,517 [INFO] PluginManager:220 - loadIPPluginJar : add lorawan
2024-02-25 22:11:12,519 [INFO] IPUIPlugin:80 - create IPUIPlugin
2024-02-25 22:11:12,519 [INFO] PluginManager:220 - loadIPPluginJar : add sai
2024-02-25 22:11:12,520 [INFO] IPUIPlugin:80 - create IPUIPlugin
2024-02-25 22:11:12,520 [INFO] PluginManager:220 - loadIPPluginJar : add comp
2024-02-25 22:11:12,521 [INFO] IPUIPlugin:80 - create IPUIPlugin
2024-02-25 22:11:12,521 [INFO] PluginManager:220 - loadIPPluginJar : add tim
2024-02-25 22:11:12,526 [INFO] IPUIPlugin:80 - create IPUIPlugin
2024-02-25 22:11:12,526 [INFO] PluginManager:220 - loadIPPluginJar : add mdma
2024-02-25 22:11:12,531 [INFO] IPUIPlugin:80 - create IPUIPlugin
2024-02-25 22:11:12,531 [INFO] PluginManager:220 - loadIPPluginJar : add adc
2024-02-25 22:11:12,536 [INFO] IPUIPlugin:80 - create IPUIPlugin
2024-02-25 22:11:12,536 [INFO] PluginManager:220 - loadIPPluginJar : add freertos
2024-02-25 22:11:12,538 [INFO] IPUIPlugin:80 - create IPUIPlugin
2024-02-25 22:11:12,538 [INFO] PluginManager:220 - loadIPPluginJar : add i3c
2024-02-25 22:11:12,542 [INFO] IPUIPlugin:80 - create IPUIPlugin
2024-02-25 22:11:12,542 [INFO] PluginManager:220 - loadIPPluginJar : add stm32_wpan
2024-02-25 22:11:12,543 [INFO] IPUIPlugin:80 - create IPUIPlugin
2024-02-25 22:11:12,543 [INFO] PluginManager:220 - loadIPPluginJar : add ucpd
2024-02-25 22:11:12,544 [INFO] IPUIPlugin:80 - create IPUIPlugin
2024-02-25 22:11:12,545 [INFO] PluginManager:220 - loadIPPluginJar : add tsc
2024-02-25 22:11:12,547 [INFO] IPUIPlugin:80 - create IPUIPlugin
2024-02-25 22:11:12,547 [INFO] PluginManager:220 - loadIPPluginJar : add openamp
2024-02-25 22:11:12,551 [INFO] IPUIPlugin:80 - create IPUIPlugin
2024-02-25 22:11:12,551 [INFO] PluginManager:220 - loadIPPluginJar : add dma
2024-02-25 22:11:12,553 [INFO] IPUIPlugin:80 - create IPUIPlugin
2024-02-25 22:11:12,553 [INFO] PluginManager:220 - loadIPPluginJar : add dma3
2024-02-25 22:11:12,554 [INFO] IPUIPlugin:80 - create IPUIPlugin
2024-02-25 22:11:12,554 [INFO] PluginManager:220 - loadIPPluginJar : add fatfs
2024-02-25 22:11:12,556 [INFO] IPUIPlugin:80 - create IPUIPlugin
2024-02-25 22:11:12,556 [INFO] PluginManager:220 - loadIPPluginJar : add spi
2024-02-25 22:11:12,558 [INFO] IPUIPlugin:80 - create IPUIPlugin
2024-02-25 22:11:12,558 [INFO] PluginManager:220 - loadIPPluginJar : add i2c
2024-02-25 22:11:12,560 [INFO] IPUIPlugin:80 - create IPUIPlugin
2024-02-25 22:11:12,561 [INFO] PluginManager:220 - loadIPPluginJar : add gtzc
2024-02-25 22:11:12,562 [INFO] IPUIPlugin:80 - create IPUIPlugin
2024-02-25 22:11:12,562 [INFO] PluginManager:220 - loadIPPluginJar : add genericplugin
2024-02-25 22:11:12,563 [INFO] IPUIPlugin:80 - create IPUIPlugin
2024-02-25 22:11:12,563 [INFO] PluginManager:220 - loadIPPluginJar : add gfxmmu
2024-02-25 22:11:12,567 [INFO] IPUIPlugin:80 - create IPUIPlugin
2024-02-25 22:11:12,567 [INFO] PluginManager:220 - loadIPPluginJar : add usbx
2024-02-25 22:11:12,570 [INFO] IPUIPlugin:80 - create IPUIPlugin
2024-02-25 22:11:12,570 [INFO] PluginManager:220 - loadIPPluginJar : add aes
2024-02-25 22:11:12,572 [INFO] IPUIPlugin:80 - create IPUIPlugin
2024-02-25 22:11:12,572 [INFO] PluginManager:220 - loadIPPluginJar : add i2s
2024-02-25 22:11:12,575 [INFO] IPUIPlugin:80 - create IPUIPlugin
2024-02-25 22:11:12,575 [INFO] PluginManager:220 - loadIPPluginJar : add touchsensing
2024-02-25 22:11:12,577 [INFO] IPUIPlugin:80 - create IPUIPlugin
2024-02-25 22:11:12,577 [INFO] PluginManager:220 - loadIPPluginJar : add ipddr
2024-02-25 22:11:12,582 [INFO] IPUIPlugin:80 - create IPUIPlugin
2024-02-25 22:11:12,582 [INFO] PluginManager:220 - loadIPPluginJar : add linkedlist
2024-02-25 22:11:12,584 [INFO] IPUIPlugin:80 - create IPUIPlugin
2024-02-25 22:11:12,584 [INFO] PluginManager:220 - loadIPPluginJar : add tracer_emb
2024-02-25 22:11:12,585 [INFO] IPUIPlugin:80 - create IPUIPlugin
2024-02-25 22:11:12,585 [INFO] PluginManager:220 - loadIPPluginJar : add quadspi
2024-02-25 22:11:12,587 [INFO] IPUIPlugin:80 - create IPUIPlugin
2024-02-25 22:11:12,587 [INFO] PluginManager:220 - loadIPPluginJar : add pdm2pcm
2024-02-25 22:11:12,588 [INFO] IPUIPlugin:80 - create IPUIPlugin
2024-02-25 22:11:12,589 [INFO] PluginManager:220 - loadIPPluginJar : add can
2024-02-25 22:11:12,590 [INFO] IPUIPlugin:80 - create IPUIPlugin
2024-02-25 22:11:12,590 [INFO] PluginManager:220 - loadIPPluginJar : add ltdc
2024-02-25 22:11:12,593 [INFO] IPUIPlugin:80 - create IPUIPlugin
2024-02-25 22:11:12,593 [INFO] PluginManager:220 - loadIPPluginJar : add fmc
2024-02-25 22:11:12,594 [INFO] IPUIPlugin:80 - create IPUIPlugin
2024-02-25 22:11:12,595 [INFO] PluginManager:220 - loadIPPluginJar : add ts
2024-02-25 22:11:12,596 [INFO] IPUIPlugin:80 - create IPUIPlugin
2024-02-25 22:11:12,596 [INFO] PluginManager:220 - loadIPPluginJar : add cryp
2024-02-25 22:11:12,598 [INFO] IPUIPlugin:80 - create IPUIPlugin
2024-02-25 22:11:12,598 [INFO] PluginManager:220 - loadIPPluginJar : add opamp
2024-02-25 22:11:12,599 [INFO] IPUIPlugin:80 - create IPUIPlugin
2024-02-25 22:11:12,599 [INFO] PluginManager:220 - loadIPPluginJar : add hash
2024-02-25 22:11:12,602 [INFO] IPUIPlugin:80 - create IPUIPlugin
2024-02-25 22:11:12,602 [INFO] PluginManager:220 - loadIPPluginJar : add nvic
2024-02-25 22:11:12,608 [INFO] IPUIPlugin:80 - create IPUIPlugin
2024-02-25 22:11:12,610 [INFO] PluginManager:220 - loadIPPluginJar : add plateformsettings
2024-02-25 22:11:12,612 [INFO] IPUIPlugin:80 - create IPUIPlugin
2024-02-25 22:11:12,612 [INFO] PluginManager:220 - loadIPPluginJar : add resmgrutility
2024-02-25 22:11:12,702 [INFO] CADModel:165 - CPN selected for project level
2024-02-25 22:11:12,703 [INFO] CADModel:114 - Register for checkConnection events
2024-02-25 22:11:12,703 [FATAL] Updater:308 - Updater called before beeing initialized
2024-02-25 22:11:12,703 [ERROR] CADModel:125 - Updater not yet initialized, retry later 
2024-02-25 22:11:12,803 [INFO] CADModel:165 - CPN selected for project level
2024-02-25 22:11:12,803 [INFO] CADModel:114 - Register for checkConnection events
2024-02-25 22:11:12,803 [FATAL] Updater:308 - Updater called before beeing initialized
2024-02-25 22:11:12,803 [ERROR] CADModel:125 - Updater not yet initialized, retry later 
2024-02-25 22:11:12,806 [FATAL] Updater:308 - Updater called before beeing initialized
2024-02-25 22:11:12,882 [FATAL] Updater:308 - Updater called before beeing initialized
2024-02-25 22:11:12,888 [INFO] DbMcusAds:53 - JSON generation date=Wed Nov 29 04:52:27 CST 2023 (1701255147200)
2024-02-25 22:11:12,888 [FATAL] Updater:308 - Updater called before beeing initialized
2024-02-25 22:11:12,921 [WARN] DetailPanel:346 - Failed to get advertising image, set to default
2024-02-25 22:11:13,001 [FATAL] Updater:308 - Updater called before beeing initialized
2024-02-25 22:11:13,003 [FATAL] Updater:308 - Updater called before beeing initialized
2024-02-25 22:11:13,003 [FATAL] Updater:308 - Updater called before beeing initialized
2024-02-25 22:11:13,003 [WARN] DetailPanel:346 - Failed to get advertising image, set to default
2024-02-25 22:11:13,004 [FATAL] Updater:308 - Updater called before beeing initialized
2024-02-25 22:11:13,026 [ERROR] Updater:1120 - MainUpdater not yet initialized. External WinMGr cannot be set.
2024-02-25 22:11:13,028 [INFO] Updater:1056 - Updater Version found : 6.9.2
2024-02-25 22:11:13,045 [INFO] ApplicationProperties:184 - Using Application install path: /opt/st/stm32cubeide_1.13.2/plugins/com.st.stm32cube.common.mx_6.9.2.202309101412
2024-02-25 22:11:13,213 [INFO] MainUpdater:2868 - connection check result : 10
2024-02-25 22:11:13,214 [INFO] MainUpdater:285 - Updater Check For Update Now.
2024-02-25 22:11:13,214 [INFO] MicroXplorer:498 - Change Database Version : DB.6.0.92
2024-02-25 22:11:13,217 [INFO] McuFinderGlobals:63 - Set McuFinder mode to 2 (CubeIDE integrated)
2024-02-25 22:11:13,217 [INFO] UserAuth:179 - activating auth plugin
2024-02-25 22:11:13,219 [INFO] UserAuth:393 - Internet connection configuration mode: 1
2024-02-25 22:11:13,231 [INFO] JxBrowserEngine:151 - Initiate JxBrowser Engine with user profile folder
2024-02-25 22:11:13,374 [INFO] CheckServerUpdateThread:120 - End of CheckServer Thread
2024-02-25 22:11:13,897 [INFO] WebApp:157 - Instantiating new browser for Auth
2024-02-25 22:11:14,390 [INFO] WebApp:753 - Register for checkConnection events
2024-02-25 22:11:14,391 [INFO] WebApp:390 - Apply proxy settings
2024-02-25 22:11:14,391 [INFO] WebApp:475 - Chromium requires no authentication
2024-02-25 22:11:14,395 [INFO] WebApp:418 - Direct internet connection detected
2024-02-25 22:11:14,481 [INFO] WebApp:188 - Starting web application
2024-02-25 22:11:14,481 [INFO] WebApp:520 - Web application path used /opt/st/stm32cubeide_1.13.2/plugins/com.st.stm32cube.common.mx_6.9.2.202309101412/db/plugins/mcufinder/reactClient1/index.html
2024-02-25 22:11:15,257 [WARN] PackLoader:240 - Cannot read IP mode file for STMicroelectronics.X-CUBE-SMBUS.2.1.0
2024-02-25 22:11:15,261 [WARN] PackLoader:240 - Cannot read IP mode file for STMicroelectronics.X-CUBE-TOUCHGFX.4.23.0
2024-02-25 22:11:15,285 [WARN] PackLoader:240 - Cannot read IP mode file for STMicroelectronics.X-CUBE-AZRTOS-F7.1.1.0
2024-02-25 22:11:15,294 [WARN] PackLoader:240 - Cannot read IP mode file for STMicroelectronics.FP-SNS-MOTENV1.4.3.2
2024-02-25 22:11:15,298 [WARN] PackLoader:240 - Cannot read IP mode file for STMicroelectronics.FP-SNS-FLIGHT1.5.0.2
2024-02-25 22:11:15,304 [WARN] PackLoader:240 - Cannot read IP mode file for STMicroelectronics.X-CUBE-DISPLAY.3.0.0
2024-02-25 22:11:15,312 [WARN] PackLoader:240 - Cannot read IP mode file for STMicroelectronics.X-CUBE-BLE1.7.0.0
2024-02-25 22:11:15,316 [WARN] PackLoader:240 - Cannot read IP mode file for emotas.I-CUBE-CANOPEN.1.3.0
2024-02-25 22:11:15,319 [WARN] PackLoader:240 - Cannot read IP mode file for STMicroelectronics.X-CUBE-TOUCHGFX.4.22.1
2024-02-25 22:11:15,323 [WARN] PackLoader:240 - Cannot read IP mode file for STMicroelectronics.FP-SNS-SMARTAG2.1.2.0
2024-02-25 22:11:15,337 [INFO] LogOutputStream:77 - [STDOUT_REDIRECT] 1 : Invalid condition id : UX_CORESTACK_Condition cause : null
2024-02-25 22:11:15,337 [INFO] LogOutputStream:77 - [STDOUT_REDIRECT] 1 : Invalid condition id : UX_CORESTACK_Condition cause : null
2024-02-25 22:11:15,338 [INFO] LogOutputStream:77 - [STDOUT_REDIRECT] 1 : Invalid condition id : UX_CORESTACK_Condition cause : null
2024-02-25 22:11:15,338 [INFO] LogOutputStream:77 - [STDOUT_REDIRECT] 1 : Invalid condition id : UX_CORESTACK_Condition cause : null
2024-02-25 22:11:15,338 [INFO] LogOutputStream:77 - [STDOUT_REDIRECT] 1 : Invalid condition id : UX_CORESTACK_Condition cause : null
2024-02-25 22:11:15,342 [WARN] PackLoader:240 - Cannot read IP mode file for STMicroelectronics.X-CUBE-AZRTOS-WL.2.0.0
2024-02-25 22:11:15,347 [WARN] PackLoader:240 - Cannot read IP mode file for WES.I-CUBE-Cesium.1.3.0
2024-02-25 22:11:15,351 [WARN] PackLoader:240 - Cannot read IP mode file for STMicroelectronics.X-CUBE-BLE2.3.3.0
2024-02-25 22:11:15,357 [WARN] PackLoader:240 - Cannot read IP mode file for STMicroelectronics.X-CUBE-ALGOBUILD.1.3.0
2024-02-25 22:11:15,377 [WARN] PackLoader:240 - Cannot read IP mode file for STMicroelectronics.X-CUBE-AZRTOS-G0.1.1.0
2024-02-25 22:11:15,386 [WARN] PackLoader:240 - Cannot read IP mode file for STMicroelectronics.X-CUBE-NFC4.3.0.0
2024-02-25 22:11:15,398 [WARN] PackLoader:240 - Cannot read IP mode file for STMicroelectronics.X-CUBE-BLEMGR.3.0.0
2024-02-25 22:11:15,405 [WARN] PackLoader:240 - Cannot read IP mode file for STMicroelectronics.FP-ATR-SIGFOX1.3.2.0
2024-02-25 22:11:15,411 [WARN] PackLoader:240 - Cannot read IP mode file for STMicroelectronics.X-CUBE-EEPRMA1.5.1.0
2024-02-25 22:11:15,455 [WARN] PackLoader:240 - Cannot read IP mode file for SEGGER.I-CUBE-embOS.1.3.1
2024-02-25 22:11:15,520 [WARN] PackLoader:240 - Cannot read IP mode file for STMicroelectronics.X-CUBE-GNSS1.6.0.0
2024-02-25 22:11:15,537 [WARN] PackLoader:240 - Cannot read IP mode file for STMicroelectronics.X-CUBE-AZRTOS-F4.1.1.0
2024-02-25 22:11:15,554 [WARN] PackLoader:240 - Cannot read IP mode file for wolfSSL.I-CUBE-wolfSSL.5.6.3
2024-02-25 22:11:15,569 [WARN] PackLoader:240 - Cannot read IP mode file for STMicroelectronics.X-CUBE-AZRTOS-L5.2.0.0
2024-02-25 22:11:15,576 [WARN] PackLoader:240 - Cannot read IP mode file for STMicroelectronics.X-CUBE-EEPRMA1.4.2.0
2024-02-25 22:11:15,581 [WARN] PackLoader:240 - Cannot read IP mode file for ITTIA_DB.I-CUBE-ITTIADB.8.8.0
2024-02-25 22:11:15,587 [WARN] PackLoader:240 - Cannot read IP mode file for STMicroelectronics.X-CUBE-BLEMGR.2.0.0
2024-02-25 22:11:15,605 [WARN] ConditionMgr:438 - getConditionDescription Invalid condition id : UX DEVICE CLASS RTOS Condition cause : null
2024-02-25 22:11:15,605 [WARN] ConditionMgr:438 - getConditionDescription Invalid condition id : UX DEVICE CLASS RTOS Condition cause : null
2024-02-25 22:11:15,609 [WARN] PackLoader:240 - Cannot read IP mode file for STMicroelectronics.X-CUBE-AZRTOS-H7.3.1.0
2024-02-25 22:11:15,610 [WARN] ConditionMgr:1039 - genDependencies : Invalid condition id : UX DEVICE CLASS RTOS Condition cause : null
2024-02-25 22:11:15,610 [WARN] ConditionMgr:1039 - genDependencies : Invalid condition id : UX DEVICE CLASS RTOS Condition cause : null
2024-02-25 22:11:15,611 [WARN] ConditionMgr:1039 - genDependencies : Invalid condition id : UX DEVICE CLASS RTOS Condition cause : null
2024-02-25 22:11:15,612 [WARN] ConditionMgr:1039 - genDependencies : Invalid condition id : UX DEVICE CLASS RTOS Condition cause : null
2024-02-25 22:11:15,612 [WARN] ConditionMgr:1039 - genDependencies : Invalid condition id : UX DEVICE CLASS RTOS Condition cause : null
2024-02-25 22:11:15,617 [WARN] PackLoader:240 - Cannot read IP mode file for STMicroelectronics.X-CUBE-NFC7.1.0.1
2024-02-25 22:11:15,624 [WARN] PackLoader:240 - Cannot read IP mode file for STMicroelectronics.X-CUBE-NFC6.3.0.0
2024-02-25 22:11:15,631 [WARN] PackLoader:240 - Cannot read IP mode file for STMicroelectronics.X-CUBE-EEPRMA1.4.1.0
2024-02-25 22:11:15,635 [WARN] PackLoader:240 - Cannot read IP mode file for STMicroelectronics.X-CUBE-AI.8.1.0
2024-02-25 22:11:15,653 [WARN] ConditionMgr:438 - getConditionDescription Invalid condition id : LAN8742 Phy interface Condition cause : null
2024-02-25 22:11:15,654 [WARN] PackLoader:240 - Cannot read IP mode file for STMicroelectronics.X-CUBE-AZRTOS-L4.2.0.0
2024-02-25 22:11:15,655 [WARN] ConditionMgr:1039 - genDependencies : Invalid condition id : LAN8742 Phy interface Condition cause : null
2024-02-25 22:11:15,656 [WARN] ConditionMgr:1039 - genDependencies : Invalid condition id : LAN8742 Phy interface Condition cause : null
2024-02-25 22:11:15,656 [WARN] ConditionMgr:1039 - genDependencies : Invalid condition id : LAN8742 Phy interface Condition cause : null
2024-02-25 22:11:15,663 [WARN] PackLoader:240 - Cannot read IP mode file for STMicroelectronics.X-CUBE-SFXS2LP1.4.0.0
2024-02-25 22:11:15,668 [WARN] PackLoader:240 - Cannot read IP mode file for STMicroelectronics.X-CUBE-ISPU.1.1.0
2024-02-25 22:11:15,679 [WARN] ConditionMgr:438 - getConditionDescription Invalid condition id : UX DEVICE CLASS RTOS Condition cause : null
2024-02-25 22:11:15,679 [WARN] ConditionMgr:438 - getConditionDescription Invalid condition id : UX DEVICE CLASS RTOS Condition cause : null
2024-02-25 22:11:15,682 [WARN] PackLoader:240 - Cannot read IP mode file for STMicroelectronics.X-CUBE-AZRTOS-WB.2.0.0
2024-02-25 22:11:15,683 [WARN] ConditionMgr:1039 - genDependencies : Invalid condition id : UX DEVICE CLASS RTOS Condition cause : null
2024-02-25 22:11:15,683 [WARN] ConditionMgr:1039 - genDependencies : Invalid condition id : UX DEVICE CLASS RTOS Condition cause : null
2024-02-25 22:11:15,684 [WARN] ConditionMgr:1039 - genDependencies : Invalid condition id : UX DEVICE CLASS RTOS Condition cause : null
2024-02-25 22:11:15,684 [WARN] ConditionMgr:1039 - genDependencies : Invalid condition id : UX DEVICE CLASS RTOS Condition cause : null
2024-02-25 22:11:15,684 [WARN] ConditionMgr:1039 - genDependencies : Invalid condition id : UX DEVICE CLASS RTOS Condition cause : null
2024-02-25 22:11:15,693 [WARN] PackLoader:240 - Cannot read IP mode file for STMicroelectronics.X-CUBE-SUBG2.5.0.0
2024-02-25 22:11:15,702 [WARN] PackLoader:240 - Cannot read IP mode file for STMicroelectronics.X-CUBE-TOF1.3.3.1
2024-02-25 22:11:15,734 [WARN] PackLoader:240 - Cannot read IP mode file for STMicroelectronics.X-CUBE-AZRTOS-G4.2.0.0
2024-02-25 22:11:15,743 [WARN] PackLoader:240 - Cannot read IP mode file for Infineon.AIROC-Wi-Fi-Bluetooth-STM32.1.5.1
2024-02-25 22:11:15,750 [WARN] PackLoader:240 - Cannot read IP mode file for STMicroelectronics.FP-SNS-MOTENVWB1.1.3.1
2024-02-25 22:11:15,754 [WARN] PackLoader:240 - Cannot read IP mode file for STMicroelectronics.X-CUBE-ISPU.2.0.0
2024-02-25 22:11:15,783 [WARN] PackLoader:240 - Cannot read IP mode file for STMicroelectronics.X-CUBE-MEMS1.10.0.0
2024-02-25 22:11:15,888 [WARN] PackLoader:240 - Cannot read IP mode file for STMicroelectronics.X-CUBE-FREERTOS.1.1.0
2024-02-25 22:11:15,892 [WARN] PackLoader:240 - Cannot read IP mode file for portGmbH.I-Cube-SoM-uGOAL.1.1.0
2024-02-25 22:11:15,895 [WARN] PackLoader:240 - Cannot read IP mode file for STMicroelectronics.X-CUBE-ALS.1.0.1
2024-02-25 22:11:15,897 [WARN] PackLoader:240 - Cannot read IP mode file for STMicroelectronics.FP-ATR-ASTRA1.2.0.0
2024-02-25 22:11:15,903 [WARN] PackLoader:240 - Cannot read IP mode file for STMicroelectronics.X-CUBE-TOF1.3.4.0
2024-02-25 22:11:15,939 [WARN] PackLoader:240 - Cannot read IP mode file for STMicroelectronics.X-CUBE-AZRTOS-H7.3.2.0
2024-02-25 22:11:15,944 [INFO] ThirdParty:978 - Integrity check success = true
2024-02-25 22:11:15,944 [INFO] IntegrityCheckThread:100 - exiting critical section [integrity check]
2024-02-25 22:11:15,944 [INFO] IntegrityCheckThread:103 - End integrity checks thread
2024-02-25 22:11:34,822 [ERROR] LogOutputStream:75 - [STDERR_REDIRECT] SLF4J: Failed to load class "org.slf4j.impl.StaticLoggerBinder".
2024-02-25 22:11:34,823 [ERROR] LogOutputStream:75 - [STDERR_REDIRECT] SLF4J: Defaulting to no-operation (NOP) logger implementation
2024-02-25 22:11:34,823 [ERROR] LogOutputStream:75 - [STDERR_REDIRECT] SLF4J: See http://www.slf4j.org/codes.html#StaticLoggerBinder for further details.
