2024-03-03 21:34:41,249 [INFO] Activator:176 - 


2024-03-03 21:34:41,252 [INFO] Activator:177 - !SESSION log4j initialized
2024-03-03 21:34:44,151 [INFO] LogOutputStream:77 - [STDOUT_REDIRECT] 
2024-03-03 21:34:44,632 [INFO] ApplicationProperties:184 - Using Application install path: /opt/st/stm32cubeide_1.13.2/plugins/com.st.stm32cube.common.mx_6.9.2.202309101412
2024-03-03 21:34:44,649 [INFO] DbMcusXml:78 - Set database path to: /opt/st/stm32cubeide_1.13.2/plugins/com.st.stm32cube.common.mx_6.9.2.202309101412//db//mcu/
2024-03-03 21:34:44,649 [INFO] ApiDb:274 - Set plugin database path to: /opt/st/stm32cubeide_1.13.2/plugins/com.st.stm32cube.common.mx_6.9.2.202309101412//db//plugins/boardmanager/
2024-03-03 21:34:44,649 [WARN] ApiDb:259 - Overriding images path with different value:  => /opt/st/stm32cubeide_1.13.2/plugins/com.st.stm32cube.common.mx_6.9.2.202309101412//db//plugins/mcufinder/images/
2024-03-03 21:34:44,657 [INFO] ApiDb:250 - Set database path to: /home/wyatt/.stmcufinder/plugins/mcufinder//mcu/
2024-03-03 21:34:44,658 [INFO] DbMcusAds:125 - Set database path to: /home/wyatt/.stmcufinder/plugins/mcufinder//mcu/
2024-03-03 21:34:44,661 [INFO] CrossReferenceDbSqlite:203 - Set database path to: /home/wyatt/.stmcufinder/plugins/mcufinder//mcu/cs/
2024-03-03 21:34:44,760 [INFO] RulesReader:64 - Compatibility file has been processed (293 Rules)
2024-03-03 21:34:44,803 [INFO] DbMcusXml:78 - Set database path to: /opt/st/stm32cubeide_1.13.2/plugins/com.st.stm32cube.common.mx_6.9.2.202309101412//db//mcu/
2024-03-03 21:34:44,803 [INFO] ApiDb:274 - Set plugin database path to: /opt/st/stm32cubeide_1.13.2/plugins/com.st.stm32cube.common.mx_6.9.2.202309101412//db//plugins/boardmanager/
2024-03-03 21:34:44,803 [INFO] ApiDb:261 - Set plugin images path to: /opt/st/stm32cubeide_1.13.2/plugins/com.st.stm32cube.common.mx_6.9.2.202309101412//db//plugins/mcufinder/images/
2024-03-03 21:34:44,803 [WARN] DbFile:41 - Overriding database path with different value: /home/wyatt/.stmcufinder/plugins/mcufinder/ => /home/wyatt/.stmcufinder/plugins/mcufinder
2024-03-03 21:34:44,803 [INFO] ApiDb:250 - Set database path to: /home/wyatt/.stmcufinder/plugins/mcufinder//mcu/
2024-03-03 21:34:44,804 [WARN] DbFile:41 - Overriding database path with different value: /home/wyatt/.stmcufinder/plugins/mcufinder/ => /home/wyatt/.stmcufinder/plugins/mcufinder
2024-03-03 21:34:44,804 [INFO] DbMcusAds:125 - Set database path to: /home/wyatt/.stmcufinder/plugins/mcufinder//mcu/
2024-03-03 21:34:44,804 [WARN] DbFile:41 - Overriding database path with different value: /home/wyatt/.stmcufinder/plugins/mcufinder/ => /home/wyatt/.stmcufinder/plugins/mcufinder
2024-03-03 21:34:44,804 [WARN] DbFile:41 - Overriding database path with different value: /home/wyatt/.stmcufinder/plugins/mcufinder/ => /home/wyatt/.stmcufinder/plugins/mcufinder
2024-03-03 21:34:44,804 [INFO] CrossReferenceDbSqlite:203 - Set database path to: /home/wyatt/.stmcufinder/plugins/mcufinder//mcu/cs/
2024-03-03 21:34:44,852 [INFO] MainPanel:262 - HeapMemory: 268435456
2024-03-03 21:34:44,927 [INFO] DbMcusXml:78 - Set database path to: /opt/st/stm32cubeide_1.13.2/plugins/com.st.stm32cube.common.mx_6.9.2.202309101412//db//mcu/
2024-03-03 21:34:44,927 [INFO] ApiDb:274 - Set plugin database path to: /opt/st/stm32cubeide_1.13.2/plugins/com.st.stm32cube.common.mx_6.9.2.202309101412//db//plugins/boardmanager/
2024-03-03 21:34:44,927 [INFO] ApiDb:261 - Set plugin images path to: /opt/st/stm32cubeide_1.13.2/plugins/com.st.stm32cube.common.mx_6.9.2.202309101412//db//plugins/mcufinder/images/
2024-03-03 21:34:44,928 [WARN] DbFile:41 - Overriding database path with different value: /home/wyatt/.stmcufinder/plugins/mcufinder/ => /home/wyatt/.stmcufinder/plugins/mcufinder
2024-03-03 21:34:44,928 [INFO] ApiDb:250 - Set database path to: /home/wyatt/.stmcufinder/plugins/mcufinder//mcu/
2024-03-03 21:34:44,928 [WARN] DbFile:41 - Overriding database path with different value: /home/wyatt/.stmcufinder/plugins/mcufinder/ => /home/wyatt/.stmcufinder/plugins/mcufinder
2024-03-03 21:34:44,928 [INFO] DbMcusAds:125 - Set database path to: /home/wyatt/.stmcufinder/plugins/mcufinder//mcu/
2024-03-03 21:34:44,928 [WARN] DbFile:41 - Overriding database path with different value: /home/wyatt/.stmcufinder/plugins/mcufinder/ => /home/wyatt/.stmcufinder/plugins/mcufinder
2024-03-03 21:34:44,928 [WARN] DbFile:41 - Overriding database path with different value: /home/wyatt/.stmcufinder/plugins/mcufinder/ => /home/wyatt/.stmcufinder/plugins/mcufinder
2024-03-03 21:34:44,929 [INFO] CrossReferenceDbSqlite:203 - Set database path to: /home/wyatt/.stmcufinder/plugins/mcufinder//mcu/cs/
2024-03-03 21:34:44,941 [INFO] ApplicationProperties:184 - Using Application install path: /opt/st/stm32cubeide_1.13.2/plugins/com.st.stm32cube.common.mx_6.9.2.202309101412
2024-03-03 21:34:44,942 [INFO] PluginManage:196 - Search for loadable plugins [exclusion list=, ]
2024-03-03 21:34:44,943 [INFO] PluginManage:310 - Check plugin analytics
2024-03-03 21:34:45,043 [INFO] AnalyticsPlugin:253 - Accepted Software Licenses: 
2024-03-03 21:34:45,043 [INFO] AnalyticsPlugin:255 - Accepted CMSIS Pack Licenses: 
2024-03-03 21:34:45,043 [INFO] AnalyticsPlugin:257 - Accepted Firmware Licenses: FW.F4.1.27.0
2024-03-03 21:34:45,045 [INFO] PluginManage:359 - Loaded plugin analytics (category:tool,tabindex:-1)
2024-03-03 21:34:45,045 [INFO] PluginManage:310 - Check plugin cadmodel
2024-03-03 21:34:45,112 [INFO] CADModel:105 - Init CAD model plugin
2024-03-03 21:34:45,112 [INFO] PluginManage:359 - Loaded plugin cadmodel (category:power,tabindex:5)
2024-03-03 21:34:45,113 [INFO] PluginManage:310 - Check plugin clock
2024-03-03 21:34:45,120 [INFO] PluginManage:359 - Loaded plugin clock (category:base,tabindex:2)
2024-03-03 21:34:45,121 [INFO] PluginManage:310 - Check plugin ddr
2024-03-03 21:34:45,122 [INFO] PluginManage:359 - Loaded plugin ddr (category:tool,tabindex:6)
2024-03-03 21:34:45,123 [INFO] PluginManage:310 - Check plugin filemanager
2024-03-03 21:34:45,221 [INFO] PluginManage:359 - Loaded plugin filemanager (category:base,tabindex:10)
2024-03-03 21:34:45,222 [INFO] PluginManage:310 - Check plugin ipmanager
2024-03-03 21:34:45,226 [INFO] PluginManage:359 - Loaded plugin ipmanager (category:base,tabindex:5)
2024-03-03 21:34:45,226 [INFO] PluginManage:310 - Check plugin lpbam
2024-03-03 21:34:45,233 [INFO] PluginManage:359 - Loaded plugin lpbam (category:base,tabindex:0)
2024-03-03 21:34:45,234 [INFO] PluginManage:310 - Check plugin memorymap
2024-03-03 21:34:45,242 [INFO] PluginManage:359 - Loaded plugin memorymap (category:base,tabindex:4)
2024-03-03 21:34:45,243 [INFO] PluginManage:310 - Check plugin pinoutandconfiguration
2024-03-03 21:34:45,249 [INFO] PluginManage:359 - Loaded plugin pinoutandconfiguration (category:base,tabindex:1)
2024-03-03 21:34:45,249 [INFO] PluginManage:310 - Check plugin pinoutconfig
2024-03-03 21:34:45,308 [WARN] SupportedApi:132 - Cannot load RTOS API schema: s4s-elt-must-match.1: The content of 'definitions' must match (annotation?, (simpleType | complexType)?, (unique | key | keyref)*)). A problem was found starting at: attribute.
2024-03-03 21:34:45,400 [INFO] PluginManage:359 - Loaded plugin pinoutconfig (category:base,tabindex:0)
2024-03-03 21:34:45,400 [INFO] PluginManage:310 - Check plugin power
2024-03-03 21:34:45,408 [INFO] PluginManage:359 - Loaded plugin power (category:power,tabindex:4)
2024-03-03 21:34:45,408 [INFO] PluginManage:310 - Check plugin projectmanager
2024-03-03 21:34:45,418 [INFO] PluginManage:359 - Loaded plugin projectmanager (category:projectmanager,tabindex:3)
2024-03-03 21:34:45,419 [INFO] PluginManage:310 - Check plugin thirdparty
2024-03-03 21:34:45,498 [INFO] PluginManage:359 - Loaded plugin thirdparty (category:base,tabindex:-1)
2024-03-03 21:34:45,498 [WARN] IntegrityCheckThread:84 - waiting for thirdparty lock release [integrity check]
2024-03-03 21:34:45,498 [INFO] PluginManage:310 - Check plugin tools
2024-03-03 21:34:45,498 [INFO] IntegrityCheckThread:86 - entering critical section [integrity check]
2024-03-03 21:34:45,498 [INFO] ThirdPartyUpdaterWithRetryManager:70 - Updater plugin not ready yet. [1/15]
2024-03-03 21:34:45,499 [INFO] PluginManage:359 - Loaded plugin tools (category:base,tabindex:7)
2024-03-03 21:34:45,499 [INFO] PluginManage:310 - Check plugin tutovideos
2024-03-03 21:34:45,617 [INFO] PluginManage:359 - Loaded plugin tutovideos (category:base,tabindex:-1)
2024-03-03 21:34:45,617 [INFO] PluginManage:310 - Check plugin updater
2024-03-03 21:34:45,627 [INFO] PluginManage:359 - Loaded plugin updater (category:base,tabindex:12)
2024-03-03 21:34:45,627 [INFO] PluginManage:310 - Check plugin userauth
2024-03-03 21:34:45,632 [INFO] UserAuth:113 - Init User Auth plugin
2024-03-03 21:34:45,632 [INFO] PluginManage:359 - Loaded plugin userauth (category:base,tabindex:14)
2024-03-03 21:34:45,633 [INFO] PluginManage:283 - PluginManage : Loaded plugins [17]
2024-03-03 21:34:45,812 [INFO] PinOutPanel:1499 - setPackage(No Configuration,No Configuration)
2024-03-03 21:34:45,877 [INFO] CADModel:165 - CPN selected for project level
2024-03-03 21:34:45,877 [INFO] CADModel:114 - Register for checkConnection events
2024-03-03 21:34:45,900 [INFO] IPUIPlugin:80 - create IPUIPlugin
2024-03-03 21:34:45,900 [INFO] PluginManager:220 - loadIPPluginJar : add gic
2024-03-03 21:34:45,906 [INFO] IPUIPlugin:80 - create IPUIPlugin
2024-03-03 21:34:45,906 [INFO] PluginManager:220 - loadIPPluginJar : add usart
2024-03-03 21:34:45,911 [INFO] IPUIPlugin:80 - create IPUIPlugin
2024-03-03 21:34:45,911 [INFO] PluginManager:220 - loadIPPluginJar : add gpio
2024-03-03 21:34:45,913 [INFO] IPUIPlugin:80 - create IPUIPlugin
2024-03-03 21:34:45,913 [INFO] PluginManager:220 - loadIPPluginJar : add dfsdm
2024-03-03 21:34:45,915 [INFO] IPUIPlugin:80 - create IPUIPlugin
2024-03-03 21:34:45,915 [INFO] PluginManager:220 - loadIPPluginJar : add lorawan
2024-03-03 21:34:45,917 [INFO] IPUIPlugin:80 - create IPUIPlugin
2024-03-03 21:34:45,917 [INFO] PluginManager:220 - loadIPPluginJar : add sai
2024-03-03 21:34:45,918 [INFO] IPUIPlugin:80 - create IPUIPlugin
2024-03-03 21:34:45,918 [INFO] PluginManager:220 - loadIPPluginJar : add comp
2024-03-03 21:34:45,919 [INFO] IPUIPlugin:80 - create IPUIPlugin
2024-03-03 21:34:45,919 [INFO] PluginManager:220 - loadIPPluginJar : add tim
2024-03-03 21:34:45,924 [INFO] IPUIPlugin:80 - create IPUIPlugin
2024-03-03 21:34:45,924 [INFO] PluginManager:220 - loadIPPluginJar : add mdma
2024-03-03 21:34:45,930 [INFO] IPUIPlugin:80 - create IPUIPlugin
2024-03-03 21:34:45,931 [INFO] PluginManager:220 - loadIPPluginJar : add adc
2024-03-03 21:34:45,935 [INFO] IPUIPlugin:80 - create IPUIPlugin
2024-03-03 21:34:45,935 [INFO] PluginManager:220 - loadIPPluginJar : add freertos
2024-03-03 21:34:45,937 [INFO] IPUIPlugin:80 - create IPUIPlugin
2024-03-03 21:34:45,937 [INFO] PluginManager:220 - loadIPPluginJar : add i3c
2024-03-03 21:34:45,941 [INFO] IPUIPlugin:80 - create IPUIPlugin
2024-03-03 21:34:45,941 [INFO] PluginManager:220 - loadIPPluginJar : add stm32_wpan
2024-03-03 21:34:45,943 [INFO] IPUIPlugin:80 - create IPUIPlugin
2024-03-03 21:34:45,943 [INFO] PluginManager:220 - loadIPPluginJar : add ucpd
2024-03-03 21:34:45,945 [INFO] IPUIPlugin:80 - create IPUIPlugin
2024-03-03 21:34:45,945 [INFO] PluginManager:220 - loadIPPluginJar : add tsc
2024-03-03 21:34:45,947 [INFO] IPUIPlugin:80 - create IPUIPlugin
2024-03-03 21:34:45,947 [INFO] PluginManager:220 - loadIPPluginJar : add openamp
2024-03-03 21:34:45,952 [INFO] IPUIPlugin:80 - create IPUIPlugin
2024-03-03 21:34:45,953 [INFO] PluginManager:220 - loadIPPluginJar : add dma
2024-03-03 21:34:45,955 [INFO] IPUIPlugin:80 - create IPUIPlugin
2024-03-03 21:34:45,955 [INFO] PluginManager:220 - loadIPPluginJar : add dma3
2024-03-03 21:34:45,956 [INFO] IPUIPlugin:80 - create IPUIPlugin
2024-03-03 21:34:45,956 [INFO] PluginManager:220 - loadIPPluginJar : add fatfs
2024-03-03 21:34:45,958 [INFO] IPUIPlugin:80 - create IPUIPlugin
2024-03-03 21:34:45,958 [INFO] PluginManager:220 - loadIPPluginJar : add spi
2024-03-03 21:34:45,960 [INFO] IPUIPlugin:80 - create IPUIPlugin
2024-03-03 21:34:45,960 [INFO] PluginManager:220 - loadIPPluginJar : add i2c
2024-03-03 21:34:45,963 [INFO] IPUIPlugin:80 - create IPUIPlugin
2024-03-03 21:34:45,963 [INFO] PluginManager:220 - loadIPPluginJar : add gtzc
2024-03-03 21:34:45,964 [INFO] IPUIPlugin:80 - create IPUIPlugin
2024-03-03 21:34:45,964 [INFO] PluginManager:220 - loadIPPluginJar : add genericplugin
2024-03-03 21:34:45,966 [INFO] IPUIPlugin:80 - create IPUIPlugin
2024-03-03 21:34:45,966 [INFO] PluginManager:220 - loadIPPluginJar : add gfxmmu
2024-03-03 21:34:45,968 [INFO] IPUIPlugin:80 - create IPUIPlugin
2024-03-03 21:34:45,968 [INFO] PluginManager:220 - loadIPPluginJar : add usbx
2024-03-03 21:34:45,970 [INFO] IPUIPlugin:80 - create IPUIPlugin
2024-03-03 21:34:45,971 [INFO] PluginManager:220 - loadIPPluginJar : add aes
2024-03-03 21:34:45,972 [INFO] IPUIPlugin:80 - create IPUIPlugin
2024-03-03 21:34:45,972 [INFO] PluginManager:220 - loadIPPluginJar : add i2s
2024-03-03 21:34:45,975 [INFO] IPUIPlugin:80 - create IPUIPlugin
2024-03-03 21:34:45,975 [INFO] PluginManager:220 - loadIPPluginJar : add touchsensing
2024-03-03 21:34:45,977 [INFO] IPUIPlugin:80 - create IPUIPlugin
2024-03-03 21:34:45,978 [INFO] PluginManager:220 - loadIPPluginJar : add ipddr
2024-03-03 21:34:45,983 [INFO] IPUIPlugin:80 - create IPUIPlugin
2024-03-03 21:34:45,983 [INFO] PluginManager:220 - loadIPPluginJar : add linkedlist
2024-03-03 21:34:45,985 [INFO] IPUIPlugin:80 - create IPUIPlugin
2024-03-03 21:34:45,985 [INFO] PluginManager:220 - loadIPPluginJar : add tracer_emb
2024-03-03 21:34:45,986 [INFO] IPUIPlugin:80 - create IPUIPlugin
2024-03-03 21:34:45,986 [INFO] PluginManager:220 - loadIPPluginJar : add quadspi
2024-03-03 21:34:45,987 [INFO] IPUIPlugin:80 - create IPUIPlugin
2024-03-03 21:34:45,988 [INFO] PluginManager:220 - loadIPPluginJar : add pdm2pcm
2024-03-03 21:34:45,990 [INFO] IPUIPlugin:80 - create IPUIPlugin
2024-03-03 21:34:45,990 [INFO] PluginManager:220 - loadIPPluginJar : add can
2024-03-03 21:34:45,991 [INFO] IPUIPlugin:80 - create IPUIPlugin
2024-03-03 21:34:45,991 [INFO] PluginManager:220 - loadIPPluginJar : add ltdc
2024-03-03 21:34:45,995 [INFO] IPUIPlugin:80 - create IPUIPlugin
2024-03-03 21:34:45,995 [INFO] PluginManager:220 - loadIPPluginJar : add fmc
2024-03-03 21:34:45,997 [INFO] IPUIPlugin:80 - create IPUIPlugin
2024-03-03 21:34:45,997 [INFO] PluginManager:220 - loadIPPluginJar : add ts
2024-03-03 21:34:45,999 [INFO] IPUIPlugin:80 - create IPUIPlugin
2024-03-03 21:34:45,999 [INFO] PluginManager:220 - loadIPPluginJar : add cryp
2024-03-03 21:34:46,000 [INFO] IPUIPlugin:80 - create IPUIPlugin
2024-03-03 21:34:46,000 [INFO] PluginManager:220 - loadIPPluginJar : add opamp
2024-03-03 21:34:46,002 [INFO] IPUIPlugin:80 - create IPUIPlugin
2024-03-03 21:34:46,002 [INFO] PluginManager:220 - loadIPPluginJar : add hash
2024-03-03 21:34:46,005 [INFO] IPUIPlugin:80 - create IPUIPlugin
2024-03-03 21:34:46,005 [INFO] PluginManager:220 - loadIPPluginJar : add nvic
2024-03-03 21:34:46,010 [INFO] IPUIPlugin:80 - create IPUIPlugin
2024-03-03 21:34:46,012 [INFO] PluginManager:220 - loadIPPluginJar : add plateformsettings
2024-03-03 21:34:46,015 [INFO] IPUIPlugin:80 - create IPUIPlugin
2024-03-03 21:34:46,015 [INFO] PluginManager:220 - loadIPPluginJar : add resmgrutility
2024-03-03 21:34:46,109 [INFO] CADModel:165 - CPN selected for project level
2024-03-03 21:34:46,110 [INFO] CADModel:114 - Register for checkConnection events
2024-03-03 21:34:46,110 [FATAL] Updater:308 - Updater called before beeing initialized
2024-03-03 21:34:46,110 [ERROR] CADModel:125 - Updater not yet initialized, retry later 
2024-03-03 21:34:46,212 [INFO] CADModel:165 - CPN selected for project level
2024-03-03 21:34:46,212 [INFO] CADModel:114 - Register for checkConnection events
2024-03-03 21:34:46,212 [FATAL] Updater:308 - Updater called before beeing initialized
2024-03-03 21:34:46,212 [ERROR] CADModel:125 - Updater not yet initialized, retry later 
2024-03-03 21:34:46,215 [FATAL] Updater:308 - Updater called before beeing initialized
2024-03-03 21:34:46,271 [FATAL] Updater:308 - Updater called before beeing initialized
2024-03-03 21:34:46,276 [INFO] DbMcusAds:53 - JSON generation date=Wed Nov 29 04:52:27 CST 2023 (1701255147200)
2024-03-03 21:34:46,276 [FATAL] Updater:308 - Updater called before beeing initialized
2024-03-03 21:34:46,305 [WARN] DetailPanel:346 - Failed to get advertising image, set to default
2024-03-03 21:34:46,377 [FATAL] Updater:308 - Updater called before beeing initialized
2024-03-03 21:34:46,378 [FATAL] Updater:308 - Updater called before beeing initialized
2024-03-03 21:34:46,378 [FATAL] Updater:308 - Updater called before beeing initialized
2024-03-03 21:34:46,378 [WARN] DetailPanel:346 - Failed to get advertising image, set to default
2024-03-03 21:34:46,379 [FATAL] Updater:308 - Updater called before beeing initialized
2024-03-03 21:34:46,398 [ERROR] Updater:1120 - MainUpdater not yet initialized. External WinMGr cannot be set.
2024-03-03 21:34:46,400 [INFO] Updater:1056 - Updater Version found : 6.9.2
2024-03-03 21:34:46,413 [INFO] ApplicationProperties:184 - Using Application install path: /opt/st/stm32cubeide_1.13.2/plugins/com.st.stm32cube.common.mx_6.9.2.202309101412
2024-03-03 21:34:47,166 [INFO] MainUpdater:2868 - connection check result : 10
2024-03-03 21:34:47,166 [INFO] MainUpdater:285 - Updater Check For Update Now.
2024-03-03 21:34:47,167 [INFO] MicroXplorer:498 - Change Database Version : DB.6.0.92
2024-03-03 21:34:47,171 [INFO] McuFinderGlobals:63 - Set McuFinder mode to 2 (CubeIDE integrated)
2024-03-03 21:34:47,171 [INFO] UserAuth:179 - activating auth plugin
2024-03-03 21:34:47,173 [INFO] UserAuth:393 - Internet connection configuration mode: 1
2024-03-03 21:34:47,186 [INFO] JxBrowserEngine:151 - Initiate JxBrowser Engine with user profile folder
2024-03-03 21:34:47,309 [INFO] CheckServerUpdateThread:120 - End of CheckServer Thread
2024-03-03 21:34:47,838 [INFO] WebApp:157 - Instantiating new browser for Auth
2024-03-03 21:34:48,291 [INFO] WebApp:753 - Register for checkConnection events
2024-03-03 21:34:48,291 [INFO] WebApp:390 - Apply proxy settings
2024-03-03 21:34:48,291 [INFO] WebApp:475 - Chromium requires no authentication
2024-03-03 21:34:48,295 [INFO] WebApp:418 - Direct internet connection detected
2024-03-03 21:34:48,384 [INFO] WebApp:188 - Starting web application
2024-03-03 21:34:48,385 [INFO] WebApp:520 - Web application path used /opt/st/stm32cubeide_1.13.2/plugins/com.st.stm32cube.common.mx_6.9.2.202309101412/db/plugins/mcufinder/reactClient1/index.html
2024-03-03 21:34:48,579 [WARN] PackLoader:240 - Cannot read IP mode file for STMicroelectronics.X-CUBE-SMBUS.2.1.0
2024-03-03 21:34:48,584 [WARN] PackLoader:240 - Cannot read IP mode file for STMicroelectronics.X-CUBE-TOUCHGFX.4.23.0
2024-03-03 21:34:48,609 [WARN] PackLoader:240 - Cannot read IP mode file for STMicroelectronics.X-CUBE-AZRTOS-F7.1.1.0
2024-03-03 21:34:48,617 [WARN] PackLoader:240 - Cannot read IP mode file for STMicroelectronics.FP-SNS-MOTENV1.4.3.2
2024-03-03 21:34:48,623 [WARN] PackLoader:240 - Cannot read IP mode file for STMicroelectronics.FP-SNS-FLIGHT1.5.0.2
2024-03-03 21:34:48,630 [WARN] PackLoader:240 - Cannot read IP mode file for STMicroelectronics.X-CUBE-DISPLAY.3.0.0
2024-03-03 21:34:48,640 [WARN] PackLoader:240 - Cannot read IP mode file for STMicroelectronics.X-CUBE-BLE1.7.0.0
2024-03-03 21:34:48,644 [WARN] PackLoader:240 - Cannot read IP mode file for emotas.I-CUBE-CANOPEN.1.3.0
2024-03-03 21:34:48,646 [WARN] PackLoader:240 - Cannot read IP mode file for STMicroelectronics.X-CUBE-TOUCHGFX.4.22.1
2024-03-03 21:34:48,656 [WARN] PackLoader:240 - Cannot read IP mode file for STMicroelectronics.X-CUBE-BLEMGR.3.1.0
2024-03-03 21:34:48,663 [WARN] PackLoader:240 - Cannot read IP mode file for STMicroelectronics.FP-SNS-SMARTAG2.1.2.0
2024-03-03 21:34:48,672 [INFO] LogOutputStream:77 - [STDOUT_REDIRECT] 1 : Invalid condition id : UX_CORESTACK_Condition cause : null
2024-03-03 21:34:48,672 [INFO] LogOutputStream:77 - [STDOUT_REDIRECT] 1 : Invalid condition id : UX_CORESTACK_Condition cause : null
2024-03-03 21:34:48,673 [INFO] LogOutputStream:77 - [STDOUT_REDIRECT] 1 : Invalid condition id : UX_CORESTACK_Condition cause : null
2024-03-03 21:34:48,673 [INFO] LogOutputStream:77 - [STDOUT_REDIRECT] 1 : Invalid condition id : UX_CORESTACK_Condition cause : null
2024-03-03 21:34:48,673 [INFO] LogOutputStream:77 - [STDOUT_REDIRECT] 1 : Invalid condition id : UX_CORESTACK_Condition cause : null
2024-03-03 21:34:48,677 [WARN] PackLoader:240 - Cannot read IP mode file for STMicroelectronics.X-CUBE-AZRTOS-WL.2.0.0
2024-03-03 21:34:48,684 [WARN] PackLoader:240 - Cannot read IP mode file for WES.I-CUBE-Cesium.1.3.0
2024-03-03 21:34:48,688 [WARN] PackLoader:240 - Cannot read IP mode file for STMicroelectronics.X-CUBE-BLE2.3.3.0
2024-03-03 21:34:48,693 [WARN] PackLoader:240 - Cannot read IP mode file for STMicroelectronics.X-CUBE-ALGOBUILD.1.3.0
2024-03-03 21:34:48,706 [WARN] PackLoader:240 - Cannot read IP mode file for STMicroelectronics.X-CUBE-AZRTOS-G0.1.1.0
2024-03-03 21:34:48,711 [WARN] PackLoader:240 - Cannot read IP mode file for STMicroelectronics.X-CUBE-NFC4.3.0.0
2024-03-03 21:34:48,721 [WARN] PackLoader:240 - Cannot read IP mode file for STMicroelectronics.X-CUBE-BLEMGR.3.0.0
2024-03-03 21:34:48,724 [WARN] PackLoader:240 - Cannot read IP mode file for STMicroelectronics.FP-ATR-SIGFOX1.3.2.0
2024-03-03 21:34:48,729 [WARN] PackLoader:240 - Cannot read IP mode file for STMicroelectronics.X-CUBE-EEPRMA1.5.1.0
2024-03-03 21:34:48,764 [WARN] PackLoader:240 - Cannot read IP mode file for SEGGER.I-CUBE-embOS.1.3.1
2024-03-03 21:34:48,819 [WARN] PackLoader:240 - Cannot read IP mode file for STMicroelectronics.X-CUBE-GNSS1.6.0.0
2024-03-03 21:34:48,830 [WARN] PackLoader:240 - Cannot read IP mode file for STMicroelectronics.X-CUBE-AZRTOS-F4.1.1.0
2024-03-03 21:34:48,835 [WARN] PackLoader:240 - Cannot read IP mode file for wolfSSL.I-CUBE-wolfSSL.5.6.3
2024-03-03 21:34:48,849 [WARN] PackLoader:240 - Cannot read IP mode file for STMicroelectronics.X-CUBE-AZRTOS-L5.2.0.0
2024-03-03 21:34:48,854 [WARN] PackLoader:240 - Cannot read IP mode file for STMicroelectronics.X-CUBE-EEPRMA1.4.2.0
2024-03-03 21:34:48,857 [WARN] PackLoader:240 - Cannot read IP mode file for ITTIA_DB.I-CUBE-ITTIADB.8.8.0
2024-03-03 21:34:48,861 [WARN] PackLoader:240 - Cannot read IP mode file for STMicroelectronics.X-CUBE-BLEMGR.2.0.0
2024-03-03 21:34:48,874 [WARN] ConditionMgr:438 - getConditionDescription Invalid condition id : UX DEVICE CLASS RTOS Condition cause : null
2024-03-03 21:34:48,874 [WARN] ConditionMgr:438 - getConditionDescription Invalid condition id : UX DEVICE CLASS RTOS Condition cause : null
2024-03-03 21:34:48,877 [WARN] PackLoader:240 - Cannot read IP mode file for STMicroelectronics.X-CUBE-AZRTOS-H7.3.1.0
2024-03-03 21:34:48,879 [WARN] ConditionMgr:1039 - genDependencies : Invalid condition id : UX DEVICE CLASS RTOS Condition cause : null
2024-03-03 21:34:48,879 [WARN] ConditionMgr:1039 - genDependencies : Invalid condition id : UX DEVICE CLASS RTOS Condition cause : null
2024-03-03 21:34:48,879 [WARN] ConditionMgr:1039 - genDependencies : Invalid condition id : UX DEVICE CLASS RTOS Condition cause : null
2024-03-03 21:34:48,880 [WARN] ConditionMgr:1039 - genDependencies : Invalid condition id : UX DEVICE CLASS RTOS Condition cause : null
2024-03-03 21:34:48,880 [WARN] ConditionMgr:1039 - genDependencies : Invalid condition id : UX DEVICE CLASS RTOS Condition cause : null
2024-03-03 21:34:48,885 [WARN] PackLoader:240 - Cannot read IP mode file for STMicroelectronics.X-CUBE-NFC7.1.0.1
2024-03-03 21:34:48,891 [WARN] PackLoader:240 - Cannot read IP mode file for STMicroelectronics.X-CUBE-NFC6.3.0.0
2024-03-03 21:34:48,898 [WARN] PackLoader:240 - Cannot read IP mode file for STMicroelectronics.X-CUBE-EEPRMA1.4.1.0
2024-03-03 21:34:48,901 [WARN] PackLoader:240 - Cannot read IP mode file for STMicroelectronics.X-CUBE-AI.8.1.0
2024-03-03 21:34:48,919 [WARN] ConditionMgr:438 - getConditionDescription Invalid condition id : LAN8742 Phy interface Condition cause : null
2024-03-03 21:34:48,920 [WARN] PackLoader:240 - Cannot read IP mode file for STMicroelectronics.X-CUBE-AZRTOS-L4.2.0.0
2024-03-03 21:34:48,921 [WARN] ConditionMgr:1039 - genDependencies : Invalid condition id : LAN8742 Phy interface Condition cause : null
2024-03-03 21:34:48,921 [WARN] ConditionMgr:1039 - genDependencies : Invalid condition id : LAN8742 Phy interface Condition cause : null
2024-03-03 21:34:48,922 [WARN] ConditionMgr:1039 - genDependencies : Invalid condition id : LAN8742 Phy interface Condition cause : null
2024-03-03 21:34:48,929 [WARN] PackLoader:240 - Cannot read IP mode file for STMicroelectronics.X-CUBE-SFXS2LP1.4.0.0
2024-03-03 21:34:48,932 [WARN] PackLoader:240 - Cannot read IP mode file for STMicroelectronics.X-CUBE-ISPU.1.1.0
2024-03-03 21:34:48,939 [WARN] ConditionMgr:438 - getConditionDescription Invalid condition id : UX DEVICE CLASS RTOS Condition cause : null
2024-03-03 21:34:48,940 [WARN] ConditionMgr:438 - getConditionDescription Invalid condition id : UX DEVICE CLASS RTOS Condition cause : null
2024-03-03 21:34:48,941 [WARN] PackLoader:240 - Cannot read IP mode file for STMicroelectronics.X-CUBE-AZRTOS-WB.2.0.0
2024-03-03 21:34:48,942 [WARN] ConditionMgr:1039 - genDependencies : Invalid condition id : UX DEVICE CLASS RTOS Condition cause : null
2024-03-03 21:34:48,942 [WARN] ConditionMgr:1039 - genDependencies : Invalid condition id : UX DEVICE CLASS RTOS Condition cause : null
2024-03-03 21:34:48,943 [WARN] ConditionMgr:1039 - genDependencies : Invalid condition id : UX DEVICE CLASS RTOS Condition cause : null
2024-03-03 21:34:48,943 [WARN] ConditionMgr:1039 - genDependencies : Invalid condition id : UX DEVICE CLASS RTOS Condition cause : null
2024-03-03 21:34:48,943 [WARN] ConditionMgr:1039 - genDependencies : Invalid condition id : UX DEVICE CLASS RTOS Condition cause : null
2024-03-03 21:34:48,951 [WARN] PackLoader:240 - Cannot read IP mode file for STMicroelectronics.X-CUBE-SUBG2.5.0.0
2024-03-03 21:34:48,966 [WARN] PackLoader:240 - Cannot read IP mode file for STMicroelectronics.X-CUBE-TOF1.3.3.1
2024-03-03 21:34:48,985 [WARN] PackLoader:240 - Cannot read IP mode file for STMicroelectronics.X-CUBE-AZRTOS-G4.2.0.0
2024-03-03 21:34:48,994 [WARN] PackLoader:240 - Cannot read IP mode file for Infineon.AIROC-Wi-Fi-Bluetooth-STM32.1.5.1
2024-03-03 21:34:49,000 [WARN] PackLoader:240 - Cannot read IP mode file for STMicroelectronics.FP-SNS-MOTENVWB1.1.3.1
2024-03-03 21:34:49,002 [WARN] PackLoader:240 - Cannot read IP mode file for STMicroelectronics.X-CUBE-ISPU.2.0.0
2024-03-03 21:34:49,033 [WARN] PackLoader:240 - Cannot read IP mode file for STMicroelectronics.X-CUBE-MEMS1.10.0.0
2024-03-03 21:34:49,130 [WARN] PackLoader:240 - Cannot read IP mode file for STMicroelectronics.X-CUBE-FREERTOS.1.1.0
2024-03-03 21:34:49,133 [WARN] PackLoader:240 - Cannot read IP mode file for portGmbH.I-Cube-SoM-uGOAL.1.1.0
2024-03-03 21:34:49,135 [WARN] PackLoader:240 - Cannot read IP mode file for STMicroelectronics.X-CUBE-ALS.1.0.1
2024-03-03 21:34:49,137 [WARN] PackLoader:240 - Cannot read IP mode file for STMicroelectronics.FP-ATR-ASTRA1.2.0.0
2024-03-03 21:34:49,143 [WARN] PackLoader:240 - Cannot read IP mode file for STMicroelectronics.X-CUBE-TOF1.3.4.0
2024-03-03 21:34:49,167 [WARN] PackLoader:240 - Cannot read IP mode file for STMicroelectronics.X-CUBE-AZRTOS-H7.3.2.0
2024-03-03 21:34:49,170 [INFO] ThirdParty:978 - Integrity check success = true
2024-03-03 21:34:49,170 [INFO] IntegrityCheckThread:100 - exiting critical section [integrity check]
2024-03-03 21:34:49,170 [INFO] IntegrityCheckThread:103 - End integrity checks thread
