2024-02-14 19:02:03,503 [INFO] Activator:176 - 


2024-02-14 19:02:03,506 [INFO] Activator:177 - !SESSION log4j initialized
2024-02-14 19:02:07,245 [INFO] LogOutputStream:77 - [STDOUT_REDIRECT] 
2024-02-14 19:02:07,766 [INFO] ApplicationProperties:184 - Using Application install path: /opt/st/stm32cubeide_1.13.2/plugins/com.st.stm32cube.common.mx_6.9.2.202309101412
2024-02-14 19:02:07,780 [INFO] DbMcusXml:78 - Set database path to: /opt/st/stm32cubeide_1.13.2/plugins/com.st.stm32cube.common.mx_6.9.2.202309101412//db//mcu/
2024-02-14 19:02:07,781 [INFO] ApiDb:274 - Set plugin database path to: /opt/st/stm32cubeide_1.13.2/plugins/com.st.stm32cube.common.mx_6.9.2.202309101412//db//plugins/boardmanager/
2024-02-14 19:02:07,781 [WARN] ApiDb:259 - Overriding images path with different value:  => /opt/st/stm32cubeide_1.13.2/plugins/com.st.stm32cube.common.mx_6.9.2.202309101412//db//plugins/mcufinder/images/
2024-02-14 19:02:07,793 [INFO] ApiDb:250 - Set database path to: /home/wyatt/.stmcufinder/plugins/mcufinder//mcu/
2024-02-14 19:02:07,794 [INFO] DbMcusAds:125 - Set database path to: /home/wyatt/.stmcufinder/plugins/mcufinder//mcu/
2024-02-14 19:02:07,797 [INFO] CrossReferenceDbSqlite:203 - Set database path to: /home/wyatt/.stmcufinder/plugins/mcufinder//mcu/cs/
2024-02-14 19:02:07,886 [INFO] RulesReader:64 - Compatibility file has been processed (293 Rules)
2024-02-14 19:02:07,936 [INFO] DbMcusXml:78 - Set database path to: /opt/st/stm32cubeide_1.13.2/plugins/com.st.stm32cube.common.mx_6.9.2.202309101412//db//mcu/
2024-02-14 19:02:07,936 [INFO] ApiDb:274 - Set plugin database path to: /opt/st/stm32cubeide_1.13.2/plugins/com.st.stm32cube.common.mx_6.9.2.202309101412//db//plugins/boardmanager/
2024-02-14 19:02:07,936 [INFO] ApiDb:261 - Set plugin images path to: /opt/st/stm32cubeide_1.13.2/plugins/com.st.stm32cube.common.mx_6.9.2.202309101412//db//plugins/mcufinder/images/
2024-02-14 19:02:07,936 [WARN] DbFile:41 - Overriding database path with different value: /home/wyatt/.stmcufinder/plugins/mcufinder/ => /home/wyatt/.stmcufinder/plugins/mcufinder
2024-02-14 19:02:07,936 [INFO] ApiDb:250 - Set database path to: /home/wyatt/.stmcufinder/plugins/mcufinder//mcu/
2024-02-14 19:02:07,936 [WARN] DbFile:41 - Overriding database path with different value: /home/wyatt/.stmcufinder/plugins/mcufinder/ => /home/wyatt/.stmcufinder/plugins/mcufinder
2024-02-14 19:02:07,936 [INFO] DbMcusAds:125 - Set database path to: /home/wyatt/.stmcufinder/plugins/mcufinder//mcu/
2024-02-14 19:02:07,936 [WARN] DbFile:41 - Overriding database path with different value: /home/wyatt/.stmcufinder/plugins/mcufinder/ => /home/wyatt/.stmcufinder/plugins/mcufinder
2024-02-14 19:02:07,937 [WARN] DbFile:41 - Overriding database path with different value: /home/wyatt/.stmcufinder/plugins/mcufinder/ => /home/wyatt/.stmcufinder/plugins/mcufinder
2024-02-14 19:02:07,937 [INFO] CrossReferenceDbSqlite:203 - Set database path to: /home/wyatt/.stmcufinder/plugins/mcufinder//mcu/cs/
2024-02-14 19:02:07,989 [INFO] MainPanel:262 - HeapMemory: 268435456
2024-02-14 19:02:08,067 [INFO] DbMcusXml:78 - Set database path to: /opt/st/stm32cubeide_1.13.2/plugins/com.st.stm32cube.common.mx_6.9.2.202309101412//db//mcu/
2024-02-14 19:02:08,067 [INFO] ApiDb:274 - Set plugin database path to: /opt/st/stm32cubeide_1.13.2/plugins/com.st.stm32cube.common.mx_6.9.2.202309101412//db//plugins/boardmanager/
2024-02-14 19:02:08,067 [INFO] ApiDb:261 - Set plugin images path to: /opt/st/stm32cubeide_1.13.2/plugins/com.st.stm32cube.common.mx_6.9.2.202309101412//db//plugins/mcufinder/images/
2024-02-14 19:02:08,067 [WARN] DbFile:41 - Overriding database path with different value: /home/wyatt/.stmcufinder/plugins/mcufinder/ => /home/wyatt/.stmcufinder/plugins/mcufinder
2024-02-14 19:02:08,067 [INFO] ApiDb:250 - Set database path to: /home/wyatt/.stmcufinder/plugins/mcufinder//mcu/
2024-02-14 19:02:08,067 [WARN] DbFile:41 - Overriding database path with different value: /home/wyatt/.stmcufinder/plugins/mcufinder/ => /home/wyatt/.stmcufinder/plugins/mcufinder
2024-02-14 19:02:08,067 [INFO] DbMcusAds:125 - Set database path to: /home/wyatt/.stmcufinder/plugins/mcufinder//mcu/
2024-02-14 19:02:08,068 [WARN] DbFile:41 - Overriding database path with different value: /home/wyatt/.stmcufinder/plugins/mcufinder/ => /home/wyatt/.stmcufinder/plugins/mcufinder
2024-02-14 19:02:08,068 [WARN] DbFile:41 - Overriding database path with different value: /home/wyatt/.stmcufinder/plugins/mcufinder/ => /home/wyatt/.stmcufinder/plugins/mcufinder
2024-02-14 19:02:08,068 [INFO] CrossReferenceDbSqlite:203 - Set database path to: /home/wyatt/.stmcufinder/plugins/mcufinder//mcu/cs/
2024-02-14 19:02:08,079 [INFO] ApplicationProperties:184 - Using Application install path: /opt/st/stm32cubeide_1.13.2/plugins/com.st.stm32cube.common.mx_6.9.2.202309101412
2024-02-14 19:02:08,080 [INFO] PluginManage:196 - Search for loadable plugins [exclusion list=, ]
2024-02-14 19:02:08,081 [INFO] PluginManage:310 - Check plugin analytics
2024-02-14 19:02:08,187 [INFO] AnalyticsPlugin:253 - Accepted Software Licenses: 
2024-02-14 19:02:08,188 [INFO] AnalyticsPlugin:255 - Accepted CMSIS Pack Licenses: 
2024-02-14 19:02:08,188 [INFO] AnalyticsPlugin:257 - Accepted Firmware Licenses: FW.F4.1.27.0
2024-02-14 19:02:08,189 [INFO] PluginManage:359 - Loaded plugin analytics (category:tool,tabindex:-1)
2024-02-14 19:02:08,189 [INFO] PluginManage:310 - Check plugin cadmodel
2024-02-14 19:02:08,246 [INFO] CADModel:105 - Init CAD model plugin
2024-02-14 19:02:08,246 [INFO] PluginManage:359 - Loaded plugin cadmodel (category:power,tabindex:5)
2024-02-14 19:02:08,246 [INFO] PluginManage:310 - Check plugin clock
2024-02-14 19:02:08,253 [INFO] PluginManage:359 - Loaded plugin clock (category:base,tabindex:2)
2024-02-14 19:02:08,253 [INFO] PluginManage:310 - Check plugin ddr
2024-02-14 19:02:08,255 [INFO] PluginManage:359 - Loaded plugin ddr (category:tool,tabindex:6)
2024-02-14 19:02:08,255 [INFO] PluginManage:310 - Check plugin filemanager
2024-02-14 19:02:08,343 [INFO] PluginManage:359 - Loaded plugin filemanager (category:base,tabindex:10)
2024-02-14 19:02:08,343 [INFO] PluginManage:310 - Check plugin ipmanager
2024-02-14 19:02:08,347 [INFO] PluginManage:359 - Loaded plugin ipmanager (category:base,tabindex:5)
2024-02-14 19:02:08,347 [INFO] PluginManage:310 - Check plugin lpbam
2024-02-14 19:02:08,354 [INFO] PluginManage:359 - Loaded plugin lpbam (category:base,tabindex:0)
2024-02-14 19:02:08,354 [INFO] PluginManage:310 - Check plugin memorymap
2024-02-14 19:02:08,364 [INFO] PluginManage:359 - Loaded plugin memorymap (category:base,tabindex:4)
2024-02-14 19:02:08,364 [INFO] PluginManage:310 - Check plugin pinoutandconfiguration
2024-02-14 19:02:08,369 [INFO] PluginManage:359 - Loaded plugin pinoutandconfiguration (category:base,tabindex:1)
2024-02-14 19:02:08,369 [INFO] PluginManage:310 - Check plugin pinoutconfig
2024-02-14 19:02:08,426 [WARN] SupportedApi:132 - Cannot load RTOS API schema: s4s-elt-must-match.1: The content of 'definitions' must match (annotation?, (simpleType | complexType)?, (unique | key | keyref)*)). A problem was found starting at: attribute.
2024-02-14 19:02:08,519 [INFO] PluginManage:359 - Loaded plugin pinoutconfig (category:base,tabindex:0)
2024-02-14 19:02:08,519 [INFO] PluginManage:310 - Check plugin power
2024-02-14 19:02:08,528 [INFO] PluginManage:359 - Loaded plugin power (category:power,tabindex:4)
2024-02-14 19:02:08,528 [INFO] PluginManage:310 - Check plugin projectmanager
2024-02-14 19:02:08,537 [INFO] PluginManage:359 - Loaded plugin projectmanager (category:projectmanager,tabindex:3)
2024-02-14 19:02:08,537 [INFO] PluginManage:310 - Check plugin thirdparty
2024-02-14 19:02:08,631 [INFO] PluginManage:359 - Loaded plugin thirdparty (category:base,tabindex:-1)
2024-02-14 19:02:08,631 [INFO] PluginManage:310 - Check plugin tools
2024-02-14 19:02:08,631 [WARN] IntegrityCheckThread:84 - waiting for thirdparty lock release [integrity check]
2024-02-14 19:02:08,631 [INFO] IntegrityCheckThread:86 - entering critical section [integrity check]
2024-02-14 19:02:08,631 [INFO] ThirdPartyUpdaterWithRetryManager:70 - Updater plugin not ready yet. [1/15]
2024-02-14 19:02:08,633 [INFO] PluginManage:359 - Loaded plugin tools (category:base,tabindex:7)
2024-02-14 19:02:08,633 [INFO] PluginManage:310 - Check plugin tutovideos
2024-02-14 19:02:08,757 [INFO] PluginManage:359 - Loaded plugin tutovideos (category:base,tabindex:-1)
2024-02-14 19:02:08,757 [INFO] PluginManage:310 - Check plugin updater
2024-02-14 19:02:08,765 [INFO] PluginManage:359 - Loaded plugin updater (category:base,tabindex:12)
2024-02-14 19:02:08,766 [INFO] PluginManage:310 - Check plugin userauth
2024-02-14 19:02:08,769 [INFO] UserAuth:113 - Init User Auth plugin
2024-02-14 19:02:08,769 [INFO] PluginManage:359 - Loaded plugin userauth (category:base,tabindex:14)
2024-02-14 19:02:08,770 [INFO] PluginManage:283 - PluginManage : Loaded plugins [17]
2024-02-14 19:02:08,911 [INFO] PinOutPanel:1499 - setPackage(No Configuration,No Configuration)
2024-02-14 19:02:08,994 [INFO] CADModel:165 - CPN selected for project level
2024-02-14 19:02:08,994 [INFO] CADModel:114 - Register for checkConnection events
2024-02-14 19:02:09,004 [INFO] IPUIPlugin:80 - create IPUIPlugin
2024-02-14 19:02:09,004 [INFO] PluginManager:220 - loadIPPluginJar : add gic
2024-02-14 19:02:09,010 [INFO] IPUIPlugin:80 - create IPUIPlugin
2024-02-14 19:02:09,011 [INFO] PluginManager:220 - loadIPPluginJar : add usart
2024-02-14 19:02:09,015 [INFO] IPUIPlugin:80 - create IPUIPlugin
2024-02-14 19:02:09,015 [INFO] PluginManager:220 - loadIPPluginJar : add gpio
2024-02-14 19:02:09,017 [INFO] IPUIPlugin:80 - create IPUIPlugin
2024-02-14 19:02:09,017 [INFO] PluginManager:220 - loadIPPluginJar : add dfsdm
2024-02-14 19:02:09,019 [INFO] IPUIPlugin:80 - create IPUIPlugin
2024-02-14 19:02:09,019 [INFO] PluginManager:220 - loadIPPluginJar : add lorawan
2024-02-14 19:02:09,021 [INFO] IPUIPlugin:80 - create IPUIPlugin
2024-02-14 19:02:09,022 [INFO] PluginManager:220 - loadIPPluginJar : add sai
2024-02-14 19:02:09,023 [INFO] IPUIPlugin:80 - create IPUIPlugin
2024-02-14 19:02:09,023 [INFO] PluginManager:220 - loadIPPluginJar : add comp
2024-02-14 19:02:09,025 [INFO] IPUIPlugin:80 - create IPUIPlugin
2024-02-14 19:02:09,025 [INFO] PluginManager:220 - loadIPPluginJar : add tim
2024-02-14 19:02:09,030 [INFO] IPUIPlugin:80 - create IPUIPlugin
2024-02-14 19:02:09,031 [INFO] PluginManager:220 - loadIPPluginJar : add mdma
2024-02-14 19:02:09,036 [INFO] IPUIPlugin:80 - create IPUIPlugin
2024-02-14 19:02:09,037 [INFO] PluginManager:220 - loadIPPluginJar : add adc
2024-02-14 19:02:09,041 [INFO] IPUIPlugin:80 - create IPUIPlugin
2024-02-14 19:02:09,041 [INFO] PluginManager:220 - loadIPPluginJar : add freertos
2024-02-14 19:02:09,043 [INFO] IPUIPlugin:80 - create IPUIPlugin
2024-02-14 19:02:09,043 [INFO] PluginManager:220 - loadIPPluginJar : add i3c
2024-02-14 19:02:09,046 [INFO] IPUIPlugin:80 - create IPUIPlugin
2024-02-14 19:02:09,046 [INFO] PluginManager:220 - loadIPPluginJar : add stm32_wpan
2024-02-14 19:02:09,047 [INFO] IPUIPlugin:80 - create IPUIPlugin
2024-02-14 19:02:09,047 [INFO] PluginManager:220 - loadIPPluginJar : add ucpd
2024-02-14 19:02:09,048 [INFO] IPUIPlugin:80 - create IPUIPlugin
2024-02-14 19:02:09,048 [INFO] PluginManager:220 - loadIPPluginJar : add tsc
2024-02-14 19:02:09,050 [INFO] IPUIPlugin:80 - create IPUIPlugin
2024-02-14 19:02:09,050 [INFO] PluginManager:220 - loadIPPluginJar : add openamp
2024-02-14 19:02:09,055 [INFO] IPUIPlugin:80 - create IPUIPlugin
2024-02-14 19:02:09,055 [INFO] PluginManager:220 - loadIPPluginJar : add dma
2024-02-14 19:02:09,056 [INFO] IPUIPlugin:80 - create IPUIPlugin
2024-02-14 19:02:09,057 [INFO] PluginManager:220 - loadIPPluginJar : add dma3
2024-02-14 19:02:09,058 [INFO] IPUIPlugin:80 - create IPUIPlugin
2024-02-14 19:02:09,058 [INFO] PluginManager:220 - loadIPPluginJar : add fatfs
2024-02-14 19:02:09,059 [INFO] IPUIPlugin:80 - create IPUIPlugin
2024-02-14 19:02:09,059 [INFO] PluginManager:220 - loadIPPluginJar : add spi
2024-02-14 19:02:09,062 [INFO] IPUIPlugin:80 - create IPUIPlugin
2024-02-14 19:02:09,062 [INFO] PluginManager:220 - loadIPPluginJar : add i2c
2024-02-14 19:02:09,064 [INFO] IPUIPlugin:80 - create IPUIPlugin
2024-02-14 19:02:09,065 [INFO] PluginManager:220 - loadIPPluginJar : add gtzc
2024-02-14 19:02:09,066 [INFO] IPUIPlugin:80 - create IPUIPlugin
2024-02-14 19:02:09,066 [INFO] PluginManager:220 - loadIPPluginJar : add genericplugin
2024-02-14 19:02:09,067 [INFO] IPUIPlugin:80 - create IPUIPlugin
2024-02-14 19:02:09,067 [INFO] PluginManager:220 - loadIPPluginJar : add gfxmmu
2024-02-14 19:02:09,070 [INFO] IPUIPlugin:80 - create IPUIPlugin
2024-02-14 19:02:09,070 [INFO] PluginManager:220 - loadIPPluginJar : add usbx
2024-02-14 19:02:09,071 [INFO] IPUIPlugin:80 - create IPUIPlugin
2024-02-14 19:02:09,071 [INFO] PluginManager:220 - loadIPPluginJar : add aes
2024-02-14 19:02:09,073 [INFO] IPUIPlugin:80 - create IPUIPlugin
2024-02-14 19:02:09,073 [INFO] PluginManager:220 - loadIPPluginJar : add i2s
2024-02-14 19:02:09,075 [INFO] IPUIPlugin:80 - create IPUIPlugin
2024-02-14 19:02:09,075 [INFO] PluginManager:220 - loadIPPluginJar : add touchsensing
2024-02-14 19:02:09,077 [INFO] IPUIPlugin:80 - create IPUIPlugin
2024-02-14 19:02:09,077 [INFO] PluginManager:220 - loadIPPluginJar : add ipddr
2024-02-14 19:02:09,082 [INFO] IPUIPlugin:80 - create IPUIPlugin
2024-02-14 19:02:09,082 [INFO] PluginManager:220 - loadIPPluginJar : add linkedlist
2024-02-14 19:02:09,083 [INFO] IPUIPlugin:80 - create IPUIPlugin
2024-02-14 19:02:09,083 [INFO] PluginManager:220 - loadIPPluginJar : add tracer_emb
2024-02-14 19:02:09,084 [INFO] IPUIPlugin:80 - create IPUIPlugin
2024-02-14 19:02:09,084 [INFO] PluginManager:220 - loadIPPluginJar : add quadspi
2024-02-14 19:02:09,086 [INFO] IPUIPlugin:80 - create IPUIPlugin
2024-02-14 19:02:09,086 [INFO] PluginManager:220 - loadIPPluginJar : add pdm2pcm
2024-02-14 19:02:09,088 [INFO] IPUIPlugin:80 - create IPUIPlugin
2024-02-14 19:02:09,088 [INFO] PluginManager:220 - loadIPPluginJar : add can
2024-02-14 19:02:09,089 [INFO] IPUIPlugin:80 - create IPUIPlugin
2024-02-14 19:02:09,090 [INFO] PluginManager:220 - loadIPPluginJar : add ltdc
2024-02-14 19:02:09,093 [INFO] IPUIPlugin:80 - create IPUIPlugin
2024-02-14 19:02:09,094 [INFO] PluginManager:220 - loadIPPluginJar : add fmc
2024-02-14 19:02:09,095 [INFO] IPUIPlugin:80 - create IPUIPlugin
2024-02-14 19:02:09,095 [INFO] PluginManager:220 - loadIPPluginJar : add ts
2024-02-14 19:02:09,096 [INFO] IPUIPlugin:80 - create IPUIPlugin
2024-02-14 19:02:09,097 [INFO] PluginManager:220 - loadIPPluginJar : add cryp
2024-02-14 19:02:09,099 [INFO] IPUIPlugin:80 - create IPUIPlugin
2024-02-14 19:02:09,099 [INFO] PluginManager:220 - loadIPPluginJar : add opamp
2024-02-14 19:02:09,100 [INFO] IPUIPlugin:80 - create IPUIPlugin
2024-02-14 19:02:09,100 [INFO] PluginManager:220 - loadIPPluginJar : add hash
2024-02-14 19:02:09,103 [INFO] IPUIPlugin:80 - create IPUIPlugin
2024-02-14 19:02:09,103 [INFO] PluginManager:220 - loadIPPluginJar : add nvic
2024-02-14 19:02:09,109 [INFO] IPUIPlugin:80 - create IPUIPlugin
2024-02-14 19:02:09,111 [INFO] PluginManager:220 - loadIPPluginJar : add plateformsettings
2024-02-14 19:02:09,114 [INFO] IPUIPlugin:80 - create IPUIPlugin
2024-02-14 19:02:09,114 [INFO] PluginManager:220 - loadIPPluginJar : add resmgrutility
2024-02-14 19:02:09,207 [INFO] CADModel:165 - CPN selected for project level
2024-02-14 19:02:09,207 [INFO] CADModel:114 - Register for checkConnection events
2024-02-14 19:02:09,207 [FATAL] Updater:308 - Updater called before beeing initialized
2024-02-14 19:02:09,207 [ERROR] CADModel:125 - Updater not yet initialized, retry later 
2024-02-14 19:02:09,313 [INFO] CADModel:165 - CPN selected for project level
2024-02-14 19:02:09,313 [INFO] CADModel:114 - Register for checkConnection events
2024-02-14 19:02:09,313 [FATAL] Updater:308 - Updater called before beeing initialized
2024-02-14 19:02:09,313 [ERROR] CADModel:125 - Updater not yet initialized, retry later 
2024-02-14 19:02:09,316 [FATAL] Updater:308 - Updater called before beeing initialized
2024-02-14 19:02:09,386 [FATAL] Updater:308 - Updater called before beeing initialized
2024-02-14 19:02:09,391 [INFO] DbMcusAds:53 - JSON generation date=Wed Nov 29 04:52:27 CST 2023 (1701255147200)
2024-02-14 19:02:09,391 [FATAL] Updater:308 - Updater called before beeing initialized
2024-02-14 19:02:09,420 [WARN] DetailPanel:346 - Failed to get advertising image, set to default
2024-02-14 19:02:09,516 [FATAL] Updater:308 - Updater called before beeing initialized
2024-02-14 19:02:09,518 [FATAL] Updater:308 - Updater called before beeing initialized
2024-02-14 19:02:09,518 [FATAL] Updater:308 - Updater called before beeing initialized
2024-02-14 19:02:09,518 [WARN] DetailPanel:346 - Failed to get advertising image, set to default
2024-02-14 19:02:09,518 [FATAL] Updater:308 - Updater called before beeing initialized
2024-02-14 19:02:09,543 [ERROR] Updater:1120 - MainUpdater not yet initialized. External WinMGr cannot be set.
2024-02-14 19:02:09,544 [INFO] Updater:1056 - Updater Version found : 6.9.2
2024-02-14 19:02:09,558 [INFO] ApplicationProperties:184 - Using Application install path: /opt/st/stm32cubeide_1.13.2/plugins/com.st.stm32cube.common.mx_6.9.2.202309101412
2024-02-14 19:02:09,744 [INFO] MainUpdater:2868 - connection check result : 10
2024-02-14 19:02:09,744 [INFO] MainUpdater:3562 - Updater definition file requires update
2024-02-14 19:02:09,745 [INFO] MainUpdater:285 - Updater Check For Update Now.
2024-02-14 19:02:09,745 [INFO] MicroXplorer:498 - Change Database Version : DB.6.0.92
2024-02-14 19:02:09,749 [INFO] McuFinderGlobals:63 - Set McuFinder mode to 2 (CubeIDE integrated)
2024-02-14 19:02:09,749 [INFO] UserAuth:179 - activating auth plugin
2024-02-14 19:02:09,751 [INFO] UserAuth:393 - Internet connection configuration mode: 1
2024-02-14 19:02:09,762 [INFO] JxBrowserEngine:151 - Initiate JxBrowser Engine with user profile folder
2024-02-14 19:02:09,819 [INFO] ServerAccessManage:473 - Download File updaters.zip
2024-02-14 19:02:10,016 [INFO] FileExtend:240 - Unzip File : updaters.zip
2024-02-14 19:02:10,016 [INFO] FileExtend:255 - Standard Zip Deflate
2024-02-14 19:02:10,233 [INFO] ServerAccessManage:473 - Download File PacksControlFlags.xml
2024-02-14 19:02:10,382 [INFO] WebApp:157 - Instantiating new browser for Auth
2024-02-14 19:02:10,411 [INFO] ServerAccessManage:473 - Download File cubemx.pidx
2024-02-14 19:02:10,473 [INFO] LoadServerUpdatesThread:373 - End of LoadServerUpdate Thread
2024-02-14 19:02:10,619 [INFO] CheckServerUpdateThread:120 - End of CheckServer Thread
2024-02-14 19:02:10,859 [INFO] WebApp:753 - Register for checkConnection events
2024-02-14 19:02:10,859 [INFO] WebApp:390 - Apply proxy settings
2024-02-14 19:02:10,859 [INFO] WebApp:475 - Chromium requires no authentication
2024-02-14 19:02:10,864 [INFO] WebApp:418 - Direct internet connection detected
2024-02-14 19:02:10,966 [INFO] WebApp:188 - Starting web application
2024-02-14 19:02:10,966 [INFO] WebApp:520 - Web application path used /opt/st/stm32cubeide_1.13.2/plugins/com.st.stm32cube.common.mx_6.9.2.202309101412/db/plugins/mcufinder/reactClient1/index.html
2024-02-14 19:02:11,722 [WARN] PackLoader:240 - Cannot read IP mode file for STMicroelectronics.X-CUBE-SMBUS.2.1.0
2024-02-14 19:02:11,726 [WARN] PackLoader:240 - Cannot read IP mode file for STMicroelectronics.X-CUBE-TOUCHGFX.4.23.0
2024-02-14 19:02:11,754 [WARN] PackLoader:240 - Cannot read IP mode file for STMicroelectronics.X-CUBE-AZRTOS-F7.1.1.0
2024-02-14 19:02:11,765 [WARN] PackLoader:240 - Cannot read IP mode file for STMicroelectronics.FP-SNS-MOTENV1.4.3.2
2024-02-14 19:02:11,770 [WARN] PackLoader:240 - Cannot read IP mode file for STMicroelectronics.FP-SNS-FLIGHT1.5.0.2
2024-02-14 19:02:11,777 [WARN] PackLoader:240 - Cannot read IP mode file for STMicroelectronics.X-CUBE-DISPLAY.3.0.0
2024-02-14 19:02:11,788 [WARN] PackLoader:240 - Cannot read IP mode file for STMicroelectronics.X-CUBE-BLE1.7.0.0
2024-02-14 19:02:11,792 [WARN] PackLoader:240 - Cannot read IP mode file for emotas.I-CUBE-CANOPEN.1.3.0
2024-02-14 19:02:11,794 [WARN] PackLoader:240 - Cannot read IP mode file for STMicroelectronics.X-CUBE-TOUCHGFX.4.22.1
2024-02-14 19:02:11,798 [WARN] PackLoader:240 - Cannot read IP mode file for STMicroelectronics.FP-SNS-SMARTAG2.1.2.0
2024-02-14 19:02:11,808 [INFO] LogOutputStream:77 - [STDOUT_REDIRECT] 1 : Invalid condition id : UX_CORESTACK_Condition cause : null
2024-02-14 19:02:11,808 [INFO] LogOutputStream:77 - [STDOUT_REDIRECT] 1 : Invalid condition id : UX_CORESTACK_Condition cause : null
2024-02-14 19:02:11,809 [INFO] LogOutputStream:77 - [STDOUT_REDIRECT] 1 : Invalid condition id : UX_CORESTACK_Condition cause : null
2024-02-14 19:02:11,809 [INFO] LogOutputStream:77 - [STDOUT_REDIRECT] 1 : Invalid condition id : UX_CORESTACK_Condition cause : null
2024-02-14 19:02:11,809 [INFO] LogOutputStream:77 - [STDOUT_REDIRECT] 1 : Invalid condition id : UX_CORESTACK_Condition cause : null
2024-02-14 19:02:11,814 [WARN] PackLoader:240 - Cannot read IP mode file for STMicroelectronics.X-CUBE-AZRTOS-WL.2.0.0
2024-02-14 19:02:11,821 [WARN] PackLoader:240 - Cannot read IP mode file for WES.I-CUBE-Cesium.1.3.0
2024-02-14 19:02:11,825 [WARN] PackLoader:240 - Cannot read IP mode file for STMicroelectronics.X-CUBE-BLE2.3.3.0
2024-02-14 19:02:11,832 [WARN] PackLoader:240 - Cannot read IP mode file for STMicroelectronics.X-CUBE-ALGOBUILD.1.3.0
2024-02-14 19:02:11,851 [WARN] PackLoader:240 - Cannot read IP mode file for STMicroelectronics.X-CUBE-AZRTOS-G0.1.1.0
2024-02-14 19:02:11,858 [WARN] PackLoader:240 - Cannot read IP mode file for STMicroelectronics.X-CUBE-NFC4.3.0.0
2024-02-14 19:02:11,872 [WARN] PackLoader:240 - Cannot read IP mode file for STMicroelectronics.X-CUBE-BLEMGR.3.0.0
2024-02-14 19:02:11,877 [WARN] PackLoader:240 - Cannot read IP mode file for STMicroelectronics.FP-ATR-SIGFOX1.3.2.0
2024-02-14 19:02:11,881 [WARN] PackLoader:240 - Cannot read IP mode file for STMicroelectronics.X-CUBE-EEPRMA1.5.1.0
2024-02-14 19:02:11,925 [WARN] PackLoader:240 - Cannot read IP mode file for SEGGER.I-CUBE-embOS.1.3.1
2024-02-14 19:02:11,971 [WARN] PackLoader:240 - Cannot read IP mode file for STMicroelectronics.X-CUBE-GNSS1.6.0.0
2024-02-14 19:02:11,991 [WARN] PackLoader:240 - Cannot read IP mode file for STMicroelectronics.X-CUBE-AZRTOS-F4.1.1.0
2024-02-14 19:02:11,998 [WARN] PackLoader:240 - Cannot read IP mode file for wolfSSL.I-CUBE-wolfSSL.5.6.3
2024-02-14 19:02:12,015 [WARN] PackLoader:240 - Cannot read IP mode file for STMicroelectronics.X-CUBE-AZRTOS-L5.2.0.0
2024-02-14 19:02:12,022 [WARN] PackLoader:240 - Cannot read IP mode file for STMicroelectronics.X-CUBE-EEPRMA1.4.2.0
2024-02-14 19:02:12,026 [WARN] PackLoader:240 - Cannot read IP mode file for ITTIA_DB.I-CUBE-ITTIADB.8.8.0
2024-02-14 19:02:12,034 [WARN] PackLoader:240 - Cannot read IP mode file for STMicroelectronics.X-CUBE-BLEMGR.2.0.0
2024-02-14 19:02:12,055 [WARN] ConditionMgr:438 - getConditionDescription Invalid condition id : UX DEVICE CLASS RTOS Condition cause : null
2024-02-14 19:02:12,055 [WARN] ConditionMgr:438 - getConditionDescription Invalid condition id : UX DEVICE CLASS RTOS Condition cause : null
2024-02-14 19:02:12,060 [WARN] PackLoader:240 - Cannot read IP mode file for STMicroelectronics.X-CUBE-AZRTOS-H7.3.1.0
2024-02-14 19:02:12,062 [WARN] ConditionMgr:1039 - genDependencies : Invalid condition id : UX DEVICE CLASS RTOS Condition cause : null
2024-02-14 19:02:12,062 [WARN] ConditionMgr:1039 - genDependencies : Invalid condition id : UX DEVICE CLASS RTOS Condition cause : null
2024-02-14 19:02:12,063 [WARN] ConditionMgr:1039 - genDependencies : Invalid condition id : UX DEVICE CLASS RTOS Condition cause : null
2024-02-14 19:02:12,064 [WARN] ConditionMgr:1039 - genDependencies : Invalid condition id : UX DEVICE CLASS RTOS Condition cause : null
2024-02-14 19:02:12,064 [WARN] ConditionMgr:1039 - genDependencies : Invalid condition id : UX DEVICE CLASS RTOS Condition cause : null
2024-02-14 19:02:12,071 [WARN] PackLoader:240 - Cannot read IP mode file for STMicroelectronics.X-CUBE-NFC7.1.0.1
2024-02-14 19:02:12,080 [WARN] PackLoader:240 - Cannot read IP mode file for STMicroelectronics.X-CUBE-NFC6.3.0.0
2024-02-14 19:02:12,087 [WARN] PackLoader:240 - Cannot read IP mode file for STMicroelectronics.X-CUBE-EEPRMA1.4.1.0
2024-02-14 19:02:12,090 [WARN] PackLoader:240 - Cannot read IP mode file for STMicroelectronics.X-CUBE-AI.8.1.0
2024-02-14 19:02:12,112 [WARN] ConditionMgr:438 - getConditionDescription Invalid condition id : LAN8742 Phy interface Condition cause : null
2024-02-14 19:02:12,113 [WARN] PackLoader:240 - Cannot read IP mode file for STMicroelectronics.X-CUBE-AZRTOS-L4.2.0.0
2024-02-14 19:02:12,114 [WARN] ConditionMgr:1039 - genDependencies : Invalid condition id : LAN8742 Phy interface Condition cause : null
2024-02-14 19:02:12,115 [WARN] ConditionMgr:1039 - genDependencies : Invalid condition id : LAN8742 Phy interface Condition cause : null
2024-02-14 19:02:12,115 [WARN] ConditionMgr:1039 - genDependencies : Invalid condition id : LAN8742 Phy interface Condition cause : null
2024-02-14 19:02:12,123 [WARN] PackLoader:240 - Cannot read IP mode file for STMicroelectronics.X-CUBE-SFXS2LP1.4.0.0
2024-02-14 19:02:12,128 [WARN] PackLoader:240 - Cannot read IP mode file for STMicroelectronics.X-CUBE-ISPU.1.1.0
2024-02-14 19:02:12,144 [WARN] ConditionMgr:438 - getConditionDescription Invalid condition id : UX DEVICE CLASS RTOS Condition cause : null
2024-02-14 19:02:12,144 [WARN] ConditionMgr:438 - getConditionDescription Invalid condition id : UX DEVICE CLASS RTOS Condition cause : null
2024-02-14 19:02:12,146 [WARN] PackLoader:240 - Cannot read IP mode file for STMicroelectronics.X-CUBE-AZRTOS-WB.2.0.0
2024-02-14 19:02:12,147 [WARN] ConditionMgr:1039 - genDependencies : Invalid condition id : UX DEVICE CLASS RTOS Condition cause : null
2024-02-14 19:02:12,147 [WARN] ConditionMgr:1039 - genDependencies : Invalid condition id : UX DEVICE CLASS RTOS Condition cause : null
2024-02-14 19:02:12,148 [WARN] ConditionMgr:1039 - genDependencies : Invalid condition id : UX DEVICE CLASS RTOS Condition cause : null
2024-02-14 19:02:12,148 [WARN] ConditionMgr:1039 - genDependencies : Invalid condition id : UX DEVICE CLASS RTOS Condition cause : null
2024-02-14 19:02:12,148 [WARN] ConditionMgr:1039 - genDependencies : Invalid condition id : UX DEVICE CLASS RTOS Condition cause : null
2024-02-14 19:02:12,160 [WARN] PackLoader:240 - Cannot read IP mode file for STMicroelectronics.X-CUBE-SUBG2.5.0.0
2024-02-14 19:02:12,174 [WARN] PackLoader:240 - Cannot read IP mode file for STMicroelectronics.X-CUBE-TOF1.3.3.1
2024-02-14 19:02:12,199 [WARN] PackLoader:240 - Cannot read IP mode file for STMicroelectronics.X-CUBE-AZRTOS-G4.2.0.0
2024-02-14 19:02:12,217 [WARN] PackLoader:240 - Cannot read IP mode file for Infineon.AIROC-Wi-Fi-Bluetooth-STM32.1.5.1
2024-02-14 19:02:12,222 [WARN] PackLoader:240 - Cannot read IP mode file for STMicroelectronics.FP-SNS-MOTENVWB1.1.3.1
2024-02-14 19:02:12,226 [WARN] PackLoader:240 - Cannot read IP mode file for STMicroelectronics.X-CUBE-ISPU.2.0.0
2024-02-14 19:02:12,265 [WARN] PackLoader:240 - Cannot read IP mode file for STMicroelectronics.X-CUBE-MEMS1.10.0.0
2024-02-14 19:02:12,395 [WARN] PackLoader:240 - Cannot read IP mode file for STMicroelectronics.X-CUBE-FREERTOS.1.1.0
2024-02-14 19:02:12,399 [WARN] PackLoader:240 - Cannot read IP mode file for portGmbH.I-Cube-SoM-uGOAL.1.1.0
2024-02-14 19:02:12,401 [WARN] PackLoader:240 - Cannot read IP mode file for STMicroelectronics.X-CUBE-ALS.1.0.1
2024-02-14 19:02:12,403 [WARN] PackLoader:240 - Cannot read IP mode file for STMicroelectronics.FP-ATR-ASTRA1.2.0.0
2024-02-14 19:02:12,409 [WARN] PackLoader:240 - Cannot read IP mode file for STMicroelectronics.X-CUBE-TOF1.3.4.0
2024-02-14 19:02:12,430 [WARN] PackLoader:240 - Cannot read IP mode file for STMicroelectronics.X-CUBE-AZRTOS-H7.3.2.0
2024-02-14 19:02:12,433 [INFO] ThirdParty:978 - Integrity check success = true
2024-02-14 19:02:12,433 [INFO] IntegrityCheckThread:100 - exiting critical section [integrity check]
2024-02-14 19:02:12,433 [INFO] IntegrityCheckThread:103 - End integrity checks thread
2024-02-14 19:02:31,229 [ERROR] LogOutputStream:75 - [STDERR_REDIRECT] SLF4J: Failed to load class "org.slf4j.impl.StaticLoggerBinder".
2024-02-14 19:02:31,230 [ERROR] LogOutputStream:75 - [STDERR_REDIRECT] SLF4J: Defaulting to no-operation (NOP) logger implementation
2024-02-14 19:02:31,230 [ERROR] LogOutputStream:75 - [STDERR_REDIRECT] SLF4J: See http://www.slf4j.org/codes.html#StaticLoggerBinder for further details.
