2024-03-02 08:52:02,075 [INFO] Activator:176 - 


2024-03-02 08:52:02,078 [INFO] Activator:177 - !SESSION log4j initialized
2024-03-02 08:52:05,616 [INFO] LogOutputStream:77 - [STDOUT_REDIRECT] 
2024-03-02 08:52:06,111 [INFO] ApplicationProperties:184 - Using Application install path: /opt/st/stm32cubeide_1.13.2/plugins/com.st.stm32cube.common.mx_6.9.2.202309101412
2024-03-02 08:52:06,131 [INFO] DbMcusXml:78 - Set database path to: /opt/st/stm32cubeide_1.13.2/plugins/com.st.stm32cube.common.mx_6.9.2.202309101412//db//mcu/
2024-03-02 08:52:06,132 [INFO] ApiDb:274 - Set plugin database path to: /opt/st/stm32cubeide_1.13.2/plugins/com.st.stm32cube.common.mx_6.9.2.202309101412//db//plugins/boardmanager/
2024-03-02 08:52:06,132 [WARN] ApiDb:259 - Overriding images path with different value:  => /opt/st/stm32cubeide_1.13.2/plugins/com.st.stm32cube.common.mx_6.9.2.202309101412//db//plugins/mcufinder/images/
2024-03-02 08:52:06,140 [INFO] ApiDb:250 - Set database path to: /home/wyatt/.stmcufinder/plugins/mcufinder//mcu/
2024-03-02 08:52:06,141 [INFO] DbMcusAds:125 - Set database path to: /home/wyatt/.stmcufinder/plugins/mcufinder//mcu/
2024-03-02 08:52:06,144 [INFO] CrossReferenceDbSqlite:203 - Set database path to: /home/wyatt/.stmcufinder/plugins/mcufinder//mcu/cs/
2024-03-02 08:52:06,231 [INFO] RulesReader:64 - Compatibility file has been processed (293 Rules)
2024-03-02 08:52:06,278 [INFO] DbMcusXml:78 - Set database path to: /opt/st/stm32cubeide_1.13.2/plugins/com.st.stm32cube.common.mx_6.9.2.202309101412//db//mcu/
2024-03-02 08:52:06,278 [INFO] ApiDb:274 - Set plugin database path to: /opt/st/stm32cubeide_1.13.2/plugins/com.st.stm32cube.common.mx_6.9.2.202309101412//db//plugins/boardmanager/
2024-03-02 08:52:06,278 [INFO] ApiDb:261 - Set plugin images path to: /opt/st/stm32cubeide_1.13.2/plugins/com.st.stm32cube.common.mx_6.9.2.202309101412//db//plugins/mcufinder/images/
2024-03-02 08:52:06,279 [WARN] DbFile:41 - Overriding database path with different value: /home/wyatt/.stmcufinder/plugins/mcufinder/ => /home/wyatt/.stmcufinder/plugins/mcufinder
2024-03-02 08:52:06,279 [INFO] ApiDb:250 - Set database path to: /home/wyatt/.stmcufinder/plugins/mcufinder//mcu/
2024-03-02 08:52:06,279 [WARN] DbFile:41 - Overriding database path with different value: /home/wyatt/.stmcufinder/plugins/mcufinder/ => /home/wyatt/.stmcufinder/plugins/mcufinder
2024-03-02 08:52:06,279 [INFO] DbMcusAds:125 - Set database path to: /home/wyatt/.stmcufinder/plugins/mcufinder//mcu/
2024-03-02 08:52:06,279 [WARN] DbFile:41 - Overriding database path with different value: /home/wyatt/.stmcufinder/plugins/mcufinder/ => /home/wyatt/.stmcufinder/plugins/mcufinder
2024-03-02 08:52:06,279 [WARN] DbFile:41 - Overriding database path with different value: /home/wyatt/.stmcufinder/plugins/mcufinder/ => /home/wyatt/.stmcufinder/plugins/mcufinder
2024-03-02 08:52:06,279 [INFO] CrossReferenceDbSqlite:203 - Set database path to: /home/wyatt/.stmcufinder/plugins/mcufinder//mcu/cs/
2024-03-02 08:52:06,335 [INFO] MainPanel:262 - HeapMemory: 268435456
2024-03-02 08:52:06,407 [INFO] DbMcusXml:78 - Set database path to: /opt/st/stm32cubeide_1.13.2/plugins/com.st.stm32cube.common.mx_6.9.2.202309101412//db//mcu/
2024-03-02 08:52:06,407 [INFO] ApiDb:274 - Set plugin database path to: /opt/st/stm32cubeide_1.13.2/plugins/com.st.stm32cube.common.mx_6.9.2.202309101412//db//plugins/boardmanager/
2024-03-02 08:52:06,407 [INFO] ApiDb:261 - Set plugin images path to: /opt/st/stm32cubeide_1.13.2/plugins/com.st.stm32cube.common.mx_6.9.2.202309101412//db//plugins/mcufinder/images/
2024-03-02 08:52:06,407 [WARN] DbFile:41 - Overriding database path with different value: /home/wyatt/.stmcufinder/plugins/mcufinder/ => /home/wyatt/.stmcufinder/plugins/mcufinder
2024-03-02 08:52:06,407 [INFO] ApiDb:250 - Set database path to: /home/wyatt/.stmcufinder/plugins/mcufinder//mcu/
2024-03-02 08:52:06,407 [WARN] DbFile:41 - Overriding database path with different value: /home/wyatt/.stmcufinder/plugins/mcufinder/ => /home/wyatt/.stmcufinder/plugins/mcufinder
2024-03-02 08:52:06,407 [INFO] DbMcusAds:125 - Set database path to: /home/wyatt/.stmcufinder/plugins/mcufinder//mcu/
2024-03-02 08:52:06,407 [WARN] DbFile:41 - Overriding database path with different value: /home/wyatt/.stmcufinder/plugins/mcufinder/ => /home/wyatt/.stmcufinder/plugins/mcufinder
2024-03-02 08:52:06,408 [WARN] DbFile:41 - Overriding database path with different value: /home/wyatt/.stmcufinder/plugins/mcufinder/ => /home/wyatt/.stmcufinder/plugins/mcufinder
2024-03-02 08:52:06,408 [INFO] CrossReferenceDbSqlite:203 - Set database path to: /home/wyatt/.stmcufinder/plugins/mcufinder//mcu/cs/
2024-03-02 08:52:06,419 [INFO] ApplicationProperties:184 - Using Application install path: /opt/st/stm32cubeide_1.13.2/plugins/com.st.stm32cube.common.mx_6.9.2.202309101412
2024-03-02 08:52:06,420 [INFO] PluginManage:196 - Search for loadable plugins [exclusion list=, ]
2024-03-02 08:52:06,421 [INFO] PluginManage:310 - Check plugin analytics
2024-03-02 08:52:06,528 [INFO] AnalyticsPlugin:253 - Accepted Software Licenses: 
2024-03-02 08:52:06,529 [INFO] AnalyticsPlugin:255 - Accepted CMSIS Pack Licenses: 
2024-03-02 08:52:06,529 [INFO] AnalyticsPlugin:257 - Accepted Firmware Licenses: FW.F4.1.27.0
2024-03-02 08:52:06,530 [INFO] PluginManage:359 - Loaded plugin analytics (category:tool,tabindex:-1)
2024-03-02 08:52:06,531 [INFO] PluginManage:310 - Check plugin cadmodel
2024-03-02 08:52:06,593 [INFO] CADModel:105 - Init CAD model plugin
2024-03-02 08:52:06,593 [INFO] PluginManage:359 - Loaded plugin cadmodel (category:power,tabindex:5)
2024-03-02 08:52:06,594 [INFO] PluginManage:310 - Check plugin clock
2024-03-02 08:52:06,602 [INFO] PluginManage:359 - Loaded plugin clock (category:base,tabindex:2)
2024-03-02 08:52:06,602 [INFO] PluginManage:310 - Check plugin ddr
2024-03-02 08:52:06,604 [INFO] PluginManage:359 - Loaded plugin ddr (category:tool,tabindex:6)
2024-03-02 08:52:06,604 [INFO] PluginManage:310 - Check plugin filemanager
2024-03-02 08:52:06,696 [INFO] PluginManage:359 - Loaded plugin filemanager (category:base,tabindex:10)
2024-03-02 08:52:06,696 [INFO] PluginManage:310 - Check plugin ipmanager
2024-03-02 08:52:06,700 [INFO] PluginManage:359 - Loaded plugin ipmanager (category:base,tabindex:5)
2024-03-02 08:52:06,700 [INFO] PluginManage:310 - Check plugin lpbam
2024-03-02 08:52:06,706 [INFO] PluginManage:359 - Loaded plugin lpbam (category:base,tabindex:0)
2024-03-02 08:52:06,706 [INFO] PluginManage:310 - Check plugin memorymap
2024-03-02 08:52:06,714 [INFO] PluginManage:359 - Loaded plugin memorymap (category:base,tabindex:4)
2024-03-02 08:52:06,714 [INFO] PluginManage:310 - Check plugin pinoutandconfiguration
2024-03-02 08:52:06,720 [INFO] PluginManage:359 - Loaded plugin pinoutandconfiguration (category:base,tabindex:1)
2024-03-02 08:52:06,720 [INFO] PluginManage:310 - Check plugin pinoutconfig
2024-03-02 08:52:06,776 [WARN] SupportedApi:132 - Cannot load RTOS API schema: s4s-elt-must-match.1: The content of 'definitions' must match (annotation?, (simpleType | complexType)?, (unique | key | keyref)*)). A problem was found starting at: attribute.
2024-03-02 08:52:06,870 [INFO] PluginManage:359 - Loaded plugin pinoutconfig (category:base,tabindex:0)
2024-03-02 08:52:06,870 [INFO] PluginManage:310 - Check plugin power
2024-03-02 08:52:06,880 [INFO] PluginManage:359 - Loaded plugin power (category:power,tabindex:4)
2024-03-02 08:52:06,880 [INFO] PluginManage:310 - Check plugin projectmanager
2024-03-02 08:52:06,890 [INFO] PluginManage:359 - Loaded plugin projectmanager (category:projectmanager,tabindex:3)
2024-03-02 08:52:06,891 [INFO] PluginManage:310 - Check plugin thirdparty
2024-03-02 08:52:06,981 [INFO] PluginManage:359 - Loaded plugin thirdparty (category:base,tabindex:-1)
2024-03-02 08:52:06,981 [WARN] IntegrityCheckThread:84 - waiting for thirdparty lock release [integrity check]
2024-03-02 08:52:06,981 [INFO] PluginManage:310 - Check plugin tools
2024-03-02 08:52:06,981 [INFO] IntegrityCheckThread:86 - entering critical section [integrity check]
2024-03-02 08:52:06,982 [INFO] ThirdPartyUpdaterWithRetryManager:70 - Updater plugin not ready yet. [1/15]
2024-03-02 08:52:06,983 [INFO] PluginManage:359 - Loaded plugin tools (category:base,tabindex:7)
2024-03-02 08:52:06,983 [INFO] PluginManage:310 - Check plugin tutovideos
2024-03-02 08:52:07,103 [INFO] PluginManage:359 - Loaded plugin tutovideos (category:base,tabindex:-1)
2024-03-02 08:52:07,103 [INFO] PluginManage:310 - Check plugin updater
2024-03-02 08:52:07,112 [INFO] PluginManage:359 - Loaded plugin updater (category:base,tabindex:12)
2024-03-02 08:52:07,112 [INFO] PluginManage:310 - Check plugin userauth
2024-03-02 08:52:07,115 [INFO] UserAuth:113 - Init User Auth plugin
2024-03-02 08:52:07,115 [INFO] PluginManage:359 - Loaded plugin userauth (category:base,tabindex:14)
2024-03-02 08:52:07,116 [INFO] PluginManage:283 - PluginManage : Loaded plugins [17]
2024-03-02 08:52:07,242 [INFO] PinOutPanel:1499 - setPackage(No Configuration,No Configuration)
2024-03-02 08:52:07,317 [INFO] CADModel:165 - CPN selected for project level
2024-03-02 08:52:07,317 [INFO] CADModel:114 - Register for checkConnection events
2024-03-02 08:52:07,328 [INFO] IPUIPlugin:80 - create IPUIPlugin
2024-03-02 08:52:07,329 [INFO] PluginManager:220 - loadIPPluginJar : add gic
2024-03-02 08:52:07,337 [INFO] IPUIPlugin:80 - create IPUIPlugin
2024-03-02 08:52:07,337 [INFO] PluginManager:220 - loadIPPluginJar : add usart
2024-03-02 08:52:07,341 [INFO] IPUIPlugin:80 - create IPUIPlugin
2024-03-02 08:52:07,341 [INFO] PluginManager:220 - loadIPPluginJar : add gpio
2024-03-02 08:52:07,344 [INFO] IPUIPlugin:80 - create IPUIPlugin
2024-03-02 08:52:07,344 [INFO] PluginManager:220 - loadIPPluginJar : add dfsdm
2024-03-02 08:52:07,346 [INFO] IPUIPlugin:80 - create IPUIPlugin
2024-03-02 08:52:07,346 [INFO] PluginManager:220 - loadIPPluginJar : add lorawan
2024-03-02 08:52:07,348 [INFO] IPUIPlugin:80 - create IPUIPlugin
2024-03-02 08:52:07,348 [INFO] PluginManager:220 - loadIPPluginJar : add sai
2024-03-02 08:52:07,349 [INFO] IPUIPlugin:80 - create IPUIPlugin
2024-03-02 08:52:07,349 [INFO] PluginManager:220 - loadIPPluginJar : add comp
2024-03-02 08:52:07,350 [INFO] IPUIPlugin:80 - create IPUIPlugin
2024-03-02 08:52:07,350 [INFO] PluginManager:220 - loadIPPluginJar : add tim
2024-03-02 08:52:07,354 [INFO] IPUIPlugin:80 - create IPUIPlugin
2024-03-02 08:52:07,355 [INFO] PluginManager:220 - loadIPPluginJar : add mdma
2024-03-02 08:52:07,361 [INFO] IPUIPlugin:80 - create IPUIPlugin
2024-03-02 08:52:07,361 [INFO] PluginManager:220 - loadIPPluginJar : add adc
2024-03-02 08:52:07,365 [INFO] IPUIPlugin:80 - create IPUIPlugin
2024-03-02 08:52:07,365 [INFO] PluginManager:220 - loadIPPluginJar : add freertos
2024-03-02 08:52:07,367 [INFO] IPUIPlugin:80 - create IPUIPlugin
2024-03-02 08:52:07,367 [INFO] PluginManager:220 - loadIPPluginJar : add i3c
2024-03-02 08:52:07,371 [INFO] IPUIPlugin:80 - create IPUIPlugin
2024-03-02 08:52:07,371 [INFO] PluginManager:220 - loadIPPluginJar : add stm32_wpan
2024-03-02 08:52:07,373 [INFO] IPUIPlugin:80 - create IPUIPlugin
2024-03-02 08:52:07,373 [INFO] PluginManager:220 - loadIPPluginJar : add ucpd
2024-03-02 08:52:07,375 [INFO] IPUIPlugin:80 - create IPUIPlugin
2024-03-02 08:52:07,375 [INFO] PluginManager:220 - loadIPPluginJar : add tsc
2024-03-02 08:52:07,377 [INFO] IPUIPlugin:80 - create IPUIPlugin
2024-03-02 08:52:07,378 [INFO] PluginManager:220 - loadIPPluginJar : add openamp
2024-03-02 08:52:07,382 [INFO] IPUIPlugin:80 - create IPUIPlugin
2024-03-02 08:52:07,382 [INFO] PluginManager:220 - loadIPPluginJar : add dma
2024-03-02 08:52:07,384 [INFO] IPUIPlugin:80 - create IPUIPlugin
2024-03-02 08:52:07,384 [INFO] PluginManager:220 - loadIPPluginJar : add dma3
2024-03-02 08:52:07,385 [INFO] IPUIPlugin:80 - create IPUIPlugin
2024-03-02 08:52:07,385 [INFO] PluginManager:220 - loadIPPluginJar : add fatfs
2024-03-02 08:52:07,386 [INFO] IPUIPlugin:80 - create IPUIPlugin
2024-03-02 08:52:07,386 [INFO] PluginManager:220 - loadIPPluginJar : add spi
2024-03-02 08:52:07,388 [INFO] IPUIPlugin:80 - create IPUIPlugin
2024-03-02 08:52:07,388 [INFO] PluginManager:220 - loadIPPluginJar : add i2c
2024-03-02 08:52:07,390 [INFO] IPUIPlugin:80 - create IPUIPlugin
2024-03-02 08:52:07,390 [INFO] PluginManager:220 - loadIPPluginJar : add gtzc
2024-03-02 08:52:07,391 [INFO] IPUIPlugin:80 - create IPUIPlugin
2024-03-02 08:52:07,391 [INFO] PluginManager:220 - loadIPPluginJar : add genericplugin
2024-03-02 08:52:07,393 [INFO] IPUIPlugin:80 - create IPUIPlugin
2024-03-02 08:52:07,393 [INFO] PluginManager:220 - loadIPPluginJar : add gfxmmu
2024-03-02 08:52:07,395 [INFO] IPUIPlugin:80 - create IPUIPlugin
2024-03-02 08:52:07,395 [INFO] PluginManager:220 - loadIPPluginJar : add usbx
2024-03-02 08:52:07,397 [INFO] IPUIPlugin:80 - create IPUIPlugin
2024-03-02 08:52:07,397 [INFO] PluginManager:220 - loadIPPluginJar : add aes
2024-03-02 08:52:07,398 [INFO] IPUIPlugin:80 - create IPUIPlugin
2024-03-02 08:52:07,398 [INFO] PluginManager:220 - loadIPPluginJar : add i2s
2024-03-02 08:52:07,400 [INFO] IPUIPlugin:80 - create IPUIPlugin
2024-03-02 08:52:07,400 [INFO] PluginManager:220 - loadIPPluginJar : add touchsensing
2024-03-02 08:52:07,403 [INFO] IPUIPlugin:80 - create IPUIPlugin
2024-03-02 08:52:07,403 [INFO] PluginManager:220 - loadIPPluginJar : add ipddr
2024-03-02 08:52:07,409 [INFO] IPUIPlugin:80 - create IPUIPlugin
2024-03-02 08:52:07,409 [INFO] PluginManager:220 - loadIPPluginJar : add linkedlist
2024-03-02 08:52:07,410 [INFO] IPUIPlugin:80 - create IPUIPlugin
2024-03-02 08:52:07,410 [INFO] PluginManager:220 - loadIPPluginJar : add tracer_emb
2024-03-02 08:52:07,411 [INFO] IPUIPlugin:80 - create IPUIPlugin
2024-03-02 08:52:07,411 [INFO] PluginManager:220 - loadIPPluginJar : add quadspi
2024-03-02 08:52:07,413 [INFO] IPUIPlugin:80 - create IPUIPlugin
2024-03-02 08:52:07,413 [INFO] PluginManager:220 - loadIPPluginJar : add pdm2pcm
2024-03-02 08:52:07,415 [INFO] IPUIPlugin:80 - create IPUIPlugin
2024-03-02 08:52:07,415 [INFO] PluginManager:220 - loadIPPluginJar : add can
2024-03-02 08:52:07,416 [INFO] IPUIPlugin:80 - create IPUIPlugin
2024-03-02 08:52:07,416 [INFO] PluginManager:220 - loadIPPluginJar : add ltdc
2024-03-02 08:52:07,419 [INFO] IPUIPlugin:80 - create IPUIPlugin
2024-03-02 08:52:07,419 [INFO] PluginManager:220 - loadIPPluginJar : add fmc
2024-03-02 08:52:07,420 [INFO] IPUIPlugin:80 - create IPUIPlugin
2024-03-02 08:52:07,420 [INFO] PluginManager:220 - loadIPPluginJar : add ts
2024-03-02 08:52:07,422 [INFO] IPUIPlugin:80 - create IPUIPlugin
2024-03-02 08:52:07,422 [INFO] PluginManager:220 - loadIPPluginJar : add cryp
2024-03-02 08:52:07,424 [INFO] IPUIPlugin:80 - create IPUIPlugin
2024-03-02 08:52:07,424 [INFO] PluginManager:220 - loadIPPluginJar : add opamp
2024-03-02 08:52:07,426 [INFO] IPUIPlugin:80 - create IPUIPlugin
2024-03-02 08:52:07,426 [INFO] PluginManager:220 - loadIPPluginJar : add hash
2024-03-02 08:52:07,429 [INFO] IPUIPlugin:80 - create IPUIPlugin
2024-03-02 08:52:07,429 [INFO] PluginManager:220 - loadIPPluginJar : add nvic
2024-03-02 08:52:07,435 [INFO] IPUIPlugin:80 - create IPUIPlugin
2024-03-02 08:52:07,436 [INFO] PluginManager:220 - loadIPPluginJar : add plateformsettings
2024-03-02 08:52:07,439 [INFO] IPUIPlugin:80 - create IPUIPlugin
2024-03-02 08:52:07,439 [INFO] PluginManager:220 - loadIPPluginJar : add resmgrutility
2024-03-02 08:52:07,528 [INFO] CADModel:165 - CPN selected for project level
2024-03-02 08:52:07,528 [INFO] CADModel:114 - Register for checkConnection events
2024-03-02 08:52:07,528 [FATAL] Updater:308 - Updater called before beeing initialized
2024-03-02 08:52:07,528 [ERROR] CADModel:125 - Updater not yet initialized, retry later 
2024-03-02 08:52:07,611 [INFO] CADModel:165 - CPN selected for project level
2024-03-02 08:52:07,611 [INFO] CADModel:114 - Register for checkConnection events
2024-03-02 08:52:07,611 [FATAL] Updater:308 - Updater called before beeing initialized
2024-03-02 08:52:07,612 [ERROR] CADModel:125 - Updater not yet initialized, retry later 
2024-03-02 08:52:07,614 [FATAL] Updater:308 - Updater called before beeing initialized
2024-03-02 08:52:07,667 [FATAL] Updater:308 - Updater called before beeing initialized
2024-03-02 08:52:07,672 [INFO] DbMcusAds:53 - JSON generation date=Wed Nov 29 04:52:27 CST 2023 (1701255147200)
2024-03-02 08:52:07,672 [FATAL] Updater:308 - Updater called before beeing initialized
2024-03-02 08:52:07,701 [WARN] DetailPanel:346 - Failed to get advertising image, set to default
2024-03-02 08:52:07,771 [FATAL] Updater:308 - Updater called before beeing initialized
2024-03-02 08:52:07,772 [FATAL] Updater:308 - Updater called before beeing initialized
2024-03-02 08:52:07,772 [FATAL] Updater:308 - Updater called before beeing initialized
2024-03-02 08:52:07,772 [WARN] DetailPanel:346 - Failed to get advertising image, set to default
2024-03-02 08:52:07,773 [FATAL] Updater:308 - Updater called before beeing initialized
2024-03-02 08:52:07,797 [ERROR] Updater:1120 - MainUpdater not yet initialized. External WinMGr cannot be set.
2024-03-02 08:52:07,798 [INFO] Updater:1056 - Updater Version found : 6.9.2
2024-03-02 08:52:07,812 [INFO] ApplicationProperties:184 - Using Application install path: /opt/st/stm32cubeide_1.13.2/plugins/com.st.stm32cube.common.mx_6.9.2.202309101412
2024-03-02 08:52:08,059 [INFO] MainUpdater:2868 - connection check result : 10
2024-03-02 08:52:08,059 [INFO] MainUpdater:285 - Updater Check For Update Now.
2024-03-02 08:52:08,059 [INFO] MicroXplorer:498 - Change Database Version : DB.6.0.92
2024-03-02 08:52:08,063 [INFO] McuFinderGlobals:63 - Set McuFinder mode to 2 (CubeIDE integrated)
2024-03-02 08:52:08,063 [INFO] UserAuth:179 - activating auth plugin
2024-03-02 08:52:08,065 [INFO] UserAuth:393 - Internet connection configuration mode: 1
2024-03-02 08:52:08,078 [INFO] JxBrowserEngine:151 - Initiate JxBrowser Engine with user profile folder
2024-03-02 08:52:08,206 [INFO] CheckServerUpdateThread:120 - End of CheckServer Thread
2024-03-02 08:52:08,793 [INFO] WebApp:157 - Instantiating new browser for Auth
2024-03-02 08:52:09,236 [INFO] WebApp:753 - Register for checkConnection events
2024-03-02 08:52:09,236 [INFO] WebApp:390 - Apply proxy settings
2024-03-02 08:52:09,237 [INFO] WebApp:475 - Chromium requires no authentication
2024-03-02 08:52:09,241 [INFO] WebApp:418 - Direct internet connection detected
2024-03-02 08:52:09,331 [INFO] WebApp:188 - Starting web application
2024-03-02 08:52:09,332 [INFO] WebApp:520 - Web application path used /opt/st/stm32cubeide_1.13.2/plugins/com.st.stm32cube.common.mx_6.9.2.202309101412/db/plugins/mcufinder/reactClient1/index.html
2024-03-02 08:52:10,067 [WARN] PackLoader:240 - Cannot read IP mode file for STMicroelectronics.X-CUBE-SMBUS.2.1.0
2024-03-02 08:52:10,072 [WARN] PackLoader:240 - Cannot read IP mode file for STMicroelectronics.X-CUBE-TOUCHGFX.4.23.0
2024-03-02 08:52:10,102 [WARN] PackLoader:240 - Cannot read IP mode file for STMicroelectronics.X-CUBE-AZRTOS-F7.1.1.0
2024-03-02 08:52:10,108 [WARN] PackLoader:240 - Cannot read IP mode file for STMicroelectronics.FP-SNS-MOTENV1.4.3.2
2024-03-02 08:52:10,113 [WARN] PackLoader:240 - Cannot read IP mode file for STMicroelectronics.FP-SNS-FLIGHT1.5.0.2
2024-03-02 08:52:10,122 [WARN] PackLoader:240 - Cannot read IP mode file for STMicroelectronics.X-CUBE-DISPLAY.3.0.0
2024-03-02 08:52:10,135 [WARN] PackLoader:240 - Cannot read IP mode file for STMicroelectronics.X-CUBE-BLE1.7.0.0
2024-03-02 08:52:10,138 [WARN] PackLoader:240 - Cannot read IP mode file for emotas.I-CUBE-CANOPEN.1.3.0
2024-03-02 08:52:10,140 [WARN] PackLoader:240 - Cannot read IP mode file for STMicroelectronics.X-CUBE-TOUCHGFX.4.22.1
2024-03-02 08:52:10,147 [WARN] PackLoader:240 - Cannot read IP mode file for STMicroelectronics.X-CUBE-BLEMGR.3.1.0
2024-03-02 08:52:10,152 [WARN] PackLoader:240 - Cannot read IP mode file for STMicroelectronics.FP-SNS-SMARTAG2.1.2.0
2024-03-02 08:52:10,158 [INFO] LogOutputStream:77 - [STDOUT_REDIRECT] 1 : Invalid condition id : UX_CORESTACK_Condition cause : null
2024-03-02 08:52:10,158 [INFO] LogOutputStream:77 - [STDOUT_REDIRECT] 1 : Invalid condition id : UX_CORESTACK_Condition cause : null
2024-03-02 08:52:10,158 [INFO] LogOutputStream:77 - [STDOUT_REDIRECT] 1 : Invalid condition id : UX_CORESTACK_Condition cause : null
2024-03-02 08:52:10,159 [INFO] LogOutputStream:77 - [STDOUT_REDIRECT] 1 : Invalid condition id : UX_CORESTACK_Condition cause : null
2024-03-02 08:52:10,159 [INFO] LogOutputStream:77 - [STDOUT_REDIRECT] 1 : Invalid condition id : UX_CORESTACK_Condition cause : null
2024-03-02 08:52:10,161 [WARN] PackLoader:240 - Cannot read IP mode file for STMicroelectronics.X-CUBE-AZRTOS-WL.2.0.0
2024-03-02 08:52:10,167 [WARN] PackLoader:240 - Cannot read IP mode file for WES.I-CUBE-Cesium.1.3.0
2024-03-02 08:52:10,169 [WARN] PackLoader:240 - Cannot read IP mode file for STMicroelectronics.X-CUBE-BLE2.3.3.0
2024-03-02 08:52:10,173 [WARN] PackLoader:240 - Cannot read IP mode file for STMicroelectronics.X-CUBE-ALGOBUILD.1.3.0
2024-03-02 08:52:10,184 [WARN] PackLoader:240 - Cannot read IP mode file for STMicroelectronics.X-CUBE-AZRTOS-G0.1.1.0
2024-03-02 08:52:10,191 [WARN] PackLoader:240 - Cannot read IP mode file for STMicroelectronics.X-CUBE-NFC4.3.0.0
2024-03-02 08:52:10,197 [WARN] PackLoader:240 - Cannot read IP mode file for STMicroelectronics.X-CUBE-BLEMGR.3.0.0
2024-03-02 08:52:10,200 [WARN] PackLoader:240 - Cannot read IP mode file for STMicroelectronics.FP-ATR-SIGFOX1.3.2.0
2024-03-02 08:52:10,204 [WARN] PackLoader:240 - Cannot read IP mode file for STMicroelectronics.X-CUBE-EEPRMA1.5.1.0
2024-03-02 08:52:10,251 [WARN] PackLoader:240 - Cannot read IP mode file for SEGGER.I-CUBE-embOS.1.3.1
2024-03-02 08:52:10,284 [WARN] PackLoader:240 - Cannot read IP mode file for STMicroelectronics.X-CUBE-GNSS1.6.0.0
2024-03-02 08:52:10,298 [WARN] PackLoader:240 - Cannot read IP mode file for STMicroelectronics.X-CUBE-AZRTOS-F4.1.1.0
2024-03-02 08:52:10,303 [WARN] PackLoader:240 - Cannot read IP mode file for wolfSSL.I-CUBE-wolfSSL.5.6.3
2024-03-02 08:52:10,318 [WARN] PackLoader:240 - Cannot read IP mode file for STMicroelectronics.X-CUBE-AZRTOS-L5.2.0.0
2024-03-02 08:52:10,325 [WARN] PackLoader:240 - Cannot read IP mode file for STMicroelectronics.X-CUBE-EEPRMA1.4.2.0
2024-03-02 08:52:10,329 [WARN] PackLoader:240 - Cannot read IP mode file for ITTIA_DB.I-CUBE-ITTIADB.8.8.0
2024-03-02 08:52:10,336 [WARN] PackLoader:240 - Cannot read IP mode file for STMicroelectronics.X-CUBE-BLEMGR.2.0.0
2024-03-02 08:52:10,348 [WARN] ConditionMgr:438 - getConditionDescription Invalid condition id : UX DEVICE CLASS RTOS Condition cause : null
2024-03-02 08:52:10,348 [WARN] ConditionMgr:438 - getConditionDescription Invalid condition id : UX DEVICE CLASS RTOS Condition cause : null
2024-03-02 08:52:10,351 [WARN] PackLoader:240 - Cannot read IP mode file for STMicroelectronics.X-CUBE-AZRTOS-H7.3.1.0
2024-03-02 08:52:10,352 [WARN] ConditionMgr:1039 - genDependencies : Invalid condition id : UX DEVICE CLASS RTOS Condition cause : null
2024-03-02 08:52:10,352 [WARN] ConditionMgr:1039 - genDependencies : Invalid condition id : UX DEVICE CLASS RTOS Condition cause : null
2024-03-02 08:52:10,353 [WARN] ConditionMgr:1039 - genDependencies : Invalid condition id : UX DEVICE CLASS RTOS Condition cause : null
2024-03-02 08:52:10,354 [WARN] ConditionMgr:1039 - genDependencies : Invalid condition id : UX DEVICE CLASS RTOS Condition cause : null
2024-03-02 08:52:10,354 [WARN] ConditionMgr:1039 - genDependencies : Invalid condition id : UX DEVICE CLASS RTOS Condition cause : null
2024-03-02 08:52:10,360 [WARN] PackLoader:240 - Cannot read IP mode file for STMicroelectronics.X-CUBE-NFC7.1.0.1
2024-03-02 08:52:10,365 [WARN] PackLoader:240 - Cannot read IP mode file for STMicroelectronics.X-CUBE-NFC6.3.0.0
2024-03-02 08:52:10,371 [WARN] PackLoader:240 - Cannot read IP mode file for STMicroelectronics.X-CUBE-EEPRMA1.4.1.0
2024-03-02 08:52:10,374 [WARN] PackLoader:240 - Cannot read IP mode file for STMicroelectronics.X-CUBE-AI.8.1.0
2024-03-02 08:52:10,392 [WARN] ConditionMgr:438 - getConditionDescription Invalid condition id : LAN8742 Phy interface Condition cause : null
2024-03-02 08:52:10,393 [WARN] PackLoader:240 - Cannot read IP mode file for STMicroelectronics.X-CUBE-AZRTOS-L4.2.0.0
2024-03-02 08:52:10,394 [WARN] ConditionMgr:1039 - genDependencies : Invalid condition id : LAN8742 Phy interface Condition cause : null
2024-03-02 08:52:10,395 [WARN] ConditionMgr:1039 - genDependencies : Invalid condition id : LAN8742 Phy interface Condition cause : null
2024-03-02 08:52:10,395 [WARN] ConditionMgr:1039 - genDependencies : Invalid condition id : LAN8742 Phy interface Condition cause : null
2024-03-02 08:52:10,399 [WARN] PackLoader:240 - Cannot read IP mode file for STMicroelectronics.X-CUBE-SFXS2LP1.4.0.0
2024-03-02 08:52:10,402 [WARN] PackLoader:240 - Cannot read IP mode file for STMicroelectronics.X-CUBE-ISPU.1.1.0
2024-03-02 08:52:10,410 [WARN] ConditionMgr:438 - getConditionDescription Invalid condition id : UX DEVICE CLASS RTOS Condition cause : null
2024-03-02 08:52:10,410 [WARN] ConditionMgr:438 - getConditionDescription Invalid condition id : UX DEVICE CLASS RTOS Condition cause : null
2024-03-02 08:52:10,412 [WARN] PackLoader:240 - Cannot read IP mode file for STMicroelectronics.X-CUBE-AZRTOS-WB.2.0.0
2024-03-02 08:52:10,413 [WARN] ConditionMgr:1039 - genDependencies : Invalid condition id : UX DEVICE CLASS RTOS Condition cause : null
2024-03-02 08:52:10,413 [WARN] ConditionMgr:1039 - genDependencies : Invalid condition id : UX DEVICE CLASS RTOS Condition cause : null
2024-03-02 08:52:10,413 [WARN] ConditionMgr:1039 - genDependencies : Invalid condition id : UX DEVICE CLASS RTOS Condition cause : null
2024-03-02 08:52:10,413 [WARN] ConditionMgr:1039 - genDependencies : Invalid condition id : UX DEVICE CLASS RTOS Condition cause : null
2024-03-02 08:52:10,414 [WARN] ConditionMgr:1039 - genDependencies : Invalid condition id : UX DEVICE CLASS RTOS Condition cause : null
2024-03-02 08:52:10,420 [WARN] PackLoader:240 - Cannot read IP mode file for STMicroelectronics.X-CUBE-SUBG2.5.0.0
2024-03-02 08:52:10,433 [WARN] PackLoader:240 - Cannot read IP mode file for STMicroelectronics.X-CUBE-TOF1.3.3.1
2024-03-02 08:52:10,461 [WARN] PackLoader:240 - Cannot read IP mode file for STMicroelectronics.X-CUBE-AZRTOS-G4.2.0.0
2024-03-02 08:52:10,471 [WARN] PackLoader:240 - Cannot read IP mode file for Infineon.AIROC-Wi-Fi-Bluetooth-STM32.1.5.1
2024-03-02 08:52:10,478 [WARN] PackLoader:240 - Cannot read IP mode file for STMicroelectronics.FP-SNS-MOTENVWB1.1.3.1
2024-03-02 08:52:10,481 [WARN] PackLoader:240 - Cannot read IP mode file for STMicroelectronics.X-CUBE-ISPU.2.0.0
2024-03-02 08:52:10,517 [WARN] PackLoader:240 - Cannot read IP mode file for STMicroelectronics.X-CUBE-MEMS1.10.0.0
2024-03-02 08:52:10,641 [WARN] PackLoader:240 - Cannot read IP mode file for STMicroelectronics.X-CUBE-FREERTOS.1.1.0
2024-03-02 08:52:10,644 [WARN] PackLoader:240 - Cannot read IP mode file for portGmbH.I-Cube-SoM-uGOAL.1.1.0
2024-03-02 08:52:10,647 [WARN] PackLoader:240 - Cannot read IP mode file for STMicroelectronics.X-CUBE-ALS.1.0.1
2024-03-02 08:52:10,649 [WARN] PackLoader:240 - Cannot read IP mode file for STMicroelectronics.FP-ATR-ASTRA1.2.0.0
2024-03-02 08:52:10,657 [WARN] PackLoader:240 - Cannot read IP mode file for STMicroelectronics.X-CUBE-TOF1.3.4.0
2024-03-02 08:52:10,684 [WARN] PackLoader:240 - Cannot read IP mode file for STMicroelectronics.X-CUBE-AZRTOS-H7.3.2.0
2024-03-02 08:52:10,686 [INFO] ThirdParty:978 - Integrity check success = true
2024-03-02 08:52:10,686 [INFO] IntegrityCheckThread:100 - exiting critical section [integrity check]
2024-03-02 08:52:10,687 [INFO] IntegrityCheckThread:103 - End integrity checks thread
2024-03-02 08:52:29,661 [ERROR] LogOutputStream:75 - [STDERR_REDIRECT] SLF4J: Failed to load class "org.slf4j.impl.StaticLoggerBinder".
2024-03-02 08:52:29,662 [ERROR] LogOutputStream:75 - [STDERR_REDIRECT] SLF4J: Defaulting to no-operation (NOP) logger implementation
2024-03-02 08:52:29,662 [ERROR] LogOutputStream:75 - [STDERR_REDIRECT] SLF4J: See http://www.slf4j.org/codes.html#StaticLoggerBinder for further details.
